[2025-12-01T19:04:03.182+0000] {manager.py:470} INFO - Processing files using up to 2 processes at a time 
[2025-12-01T19:04:03.183+0000] {manager.py:471} INFO - Process each file at most once every 30 seconds
[2025-12-01T19:04:03.184+0000] {manager.py:472} INFO - Checking for new files in /opt/airflow/dags every 300 seconds
[2025-12-01T19:04:03.184+0000] {manager.py:737} INFO - Searching for files in /opt/airflow/dags
[2025-12-01T19:04:03.187+0000] {manager.py:740} INFO - There are 0 files in /opt/airflow/dags
[2025-12-01T19:09:03.429+0000] {manager.py:737} INFO - Searching for files in /opt/airflow/dags
[2025-12-01T19:09:03.432+0000] {manager.py:740} INFO - There are 0 files in /opt/airflow/dags
[2025-12-01T19:14:04.379+0000] {manager.py:737} INFO - Searching for files in /opt/airflow/dags
[2025-12-01T19:14:04.382+0000] {manager.py:740} INFO - There are 0 files in /opt/airflow/dags
[2025-12-01T19:19:04.402+0000] {manager.py:737} INFO - Searching for files in /opt/airflow/dags
[2025-12-01T19:19:04.405+0000] {manager.py:740} INFO - There are 0 files in /opt/airflow/dags
[2025-12-01T19:24:04.412+0000] {manager.py:737} INFO - Searching for files in /opt/airflow/dags
[2025-12-01T19:24:04.415+0000] {manager.py:740} INFO - There are 0 files in /opt/airflow/dags
[2025-12-01T19:29:05.397+0000] {manager.py:737} INFO - Searching for files in /opt/airflow/dags
[2025-12-01T19:29:05.401+0000] {manager.py:740} INFO - There are 0 files in /opt/airflow/dags
[2025-12-01T19:34:05.397+0000] {manager.py:737} INFO - Searching for files in /opt/airflow/dags
[2025-12-01T19:34:05.400+0000] {manager.py:740} INFO - There are 0 files in /opt/airflow/dags
[2025-12-01T19:39:06.365+0000] {manager.py:737} INFO - Searching for files in /opt/airflow/dags
[2025-12-01T19:39:06.372+0000] {manager.py:740} INFO - There are 0 files in /opt/airflow/dags
[2025-12-01T19:41:33.310+0000] {manager.py:452} INFO - Exiting gracefully upon receiving signal 15
[2025-12-01T19:41:48.731+0000] {manager.py:470} INFO - Processing files using up to 2 processes at a time 
[2025-12-01T19:41:48.732+0000] {manager.py:471} INFO - Process each file at most once every 30 seconds
[2025-12-01T19:41:48.733+0000] {manager.py:472} INFO - Checking for new files in /opt/airflow/dags every 300 seconds
[2025-12-01T19:41:48.733+0000] {manager.py:737} INFO - Searching for files in /opt/airflow/dags
[2025-12-01T19:41:48.750+0000] {manager.py:740} INFO - There are 1 files in /opt/airflow/dags
[2025-12-01T19:41:48.882+0000] {manager.py:878} INFO - 
================================================================================
DAG File Processing Stats

File Path                                  PID  Runtime      # DAGs    # Errors  Last Runtime    Last Run
---------------------------------------  -----  ---------  --------  ----------  --------------  ----------
/opt/airflow/dags/metar_pipeline_dag.py     33  0.04s             0           0
================================================================================
[2025-12-01T19:42:18.987+0000] {manager.py:878} INFO - 
================================================================================
DAG File Processing Stats

File Path                                PID    Runtime      # DAGs    # Errors  Last Runtime    Last Run
---------------------------------------  -----  ---------  --------  ----------  --------------  -------------------
/opt/airflow/dags/metar_pipeline_dag.py                           1           0  0.66s           2025-12-01T19:41:49
================================================================================
[2025-12-01T19:42:49.036+0000] {manager.py:878} INFO - 
================================================================================
DAG File Processing Stats

File Path                                PID    Runtime      # DAGs    # Errors  Last Runtime    Last Run
---------------------------------------  -----  ---------  --------  ----------  --------------  -------------------
/opt/airflow/dags/metar_pipeline_dag.py                           1           0  0.30s           2025-12-01T19:42:19
================================================================================
[2025-12-01T19:43:19.169+0000] {manager.py:878} INFO - 
================================================================================
DAG File Processing Stats

File Path                                PID    Runtime      # DAGs    # Errors  Last Runtime    Last Run
---------------------------------------  -----  ---------  --------  ----------  --------------  -------------------
/opt/airflow/dags/metar_pipeline_dag.py                           1           0  0.27s           2025-12-01T19:42:50
================================================================================
[2025-12-01T19:43:49.561+0000] {manager.py:878} INFO - 
================================================================================
DAG File Processing Stats

File Path                                PID    Runtime      # DAGs    # Errors  Last Runtime    Last Run
---------------------------------------  -----  ---------  --------  ----------  --------------  -------------------
/opt/airflow/dags/metar_pipeline_dag.py                           1           0  0.31s           2025-12-01T19:43:20
================================================================================
[2025-12-01T19:44:20.067+0000] {manager.py:878} INFO - 
================================================================================
DAG File Processing Stats

File Path                                PID    Runtime      # DAGs    # Errors  Last Runtime    Last Run
---------------------------------------  -----  ---------  --------  ----------  --------------  -------------------
/opt/airflow/dags/metar_pipeline_dag.py                           1           0  0.16s           2025-12-01T19:43:51
================================================================================
[2025-12-01T19:44:50.337+0000] {manager.py:878} INFO - 
================================================================================
DAG File Processing Stats

File Path                                PID    Runtime      # DAGs    # Errors  Last Runtime    Last Run
---------------------------------------  -----  ---------  --------  ----------  --------------  -------------------
/opt/airflow/dags/metar_pipeline_dag.py                           1           0  0.15s           2025-12-01T19:44:21
================================================================================
[2025-12-01T19:45:20.595+0000] {manager.py:878} INFO - 
================================================================================
DAG File Processing Stats

File Path                                PID    Runtime      # DAGs    # Errors  Last Runtime    Last Run
---------------------------------------  -----  ---------  --------  ----------  --------------  -------------------
/opt/airflow/dags/metar_pipeline_dag.py                           1           0  0.15s           2025-12-01T19:44:51
================================================================================
[2025-12-01T19:45:50.861+0000] {manager.py:878} INFO - 
================================================================================
DAG File Processing Stats

File Path                                PID    Runtime      # DAGs    # Errors  Last Runtime    Last Run
---------------------------------------  -----  ---------  --------  ----------  --------------  -------------------
/opt/airflow/dags/metar_pipeline_dag.py                           1           0  0.15s           2025-12-01T19:45:21
================================================================================
[2025-12-01T19:46:21.136+0000] {manager.py:878} INFO - 
================================================================================
DAG File Processing Stats

File Path                                PID    Runtime      # DAGs    # Errors  Last Runtime    Last Run
---------------------------------------  -----  ---------  --------  ----------  --------------  -------------------
/opt/airflow/dags/metar_pipeline_dag.py                           1           0  0.15s           2025-12-01T19:45:52
================================================================================
[2025-12-01T19:46:49.391+0000] {manager.py:737} INFO - Searching for files in /opt/airflow/dags
[2025-12-01T19:46:49.406+0000] {manager.py:740} INFO - There are 1 files in /opt/airflow/dags
[2025-12-01T19:46:51.427+0000] {manager.py:878} INFO - 
================================================================================
DAG File Processing Stats

File Path                                PID    Runtime      # DAGs    # Errors  Last Runtime    Last Run
---------------------------------------  -----  ---------  --------  ----------  --------------  -------------------
/opt/airflow/dags/metar_pipeline_dag.py                           1           0  0.15s           2025-12-01T19:46:22
================================================================================
[2025-12-01T19:47:21.675+0000] {manager.py:878} INFO - 
================================================================================
DAG File Processing Stats

File Path                                PID    Runtime      # DAGs    # Errors  Last Runtime    Last Run
---------------------------------------  -----  ---------  --------  ----------  --------------  -------------------
/opt/airflow/dags/metar_pipeline_dag.py                           1           0  0.18s           2025-12-01T19:46:52
================================================================================
[2025-12-01T19:47:51.972+0000] {manager.py:878} INFO - 
================================================================================
DAG File Processing Stats

File Path                                PID    Runtime      # DAGs    # Errors  Last Runtime    Last Run
---------------------------------------  -----  ---------  --------  ----------  --------------  -------------------
/opt/airflow/dags/metar_pipeline_dag.py                           1           0  0.16s           2025-12-01T19:47:23
================================================================================
[2025-12-01T19:48:22.246+0000] {manager.py:878} INFO - 
================================================================================
DAG File Processing Stats

File Path                                PID    Runtime      # DAGs    # Errors  Last Runtime    Last Run
---------------------------------------  -----  ---------  --------  ----------  --------------  -------------------
/opt/airflow/dags/metar_pipeline_dag.py                           1           0  0.14s           2025-12-01T19:47:53
================================================================================
[2025-12-01T19:48:52.485+0000] {manager.py:878} INFO - 
================================================================================
DAG File Processing Stats

File Path                                PID    Runtime      # DAGs    # Errors  Last Runtime    Last Run
---------------------------------------  -----  ---------  --------  ----------  --------------  -------------------
/opt/airflow/dags/metar_pipeline_dag.py                           1           0  0.14s           2025-12-01T19:48:23
================================================================================
[2025-12-01T19:49:22.732+0000] {manager.py:878} INFO - 
================================================================================
DAG File Processing Stats

File Path                                PID    Runtime      # DAGs    # Errors  Last Runtime    Last Run
---------------------------------------  -----  ---------  --------  ----------  --------------  -------------------
/opt/airflow/dags/metar_pipeline_dag.py                           1           0  0.13s           2025-12-01T19:48:53
================================================================================
[2025-12-01T19:49:52.983+0000] {manager.py:878} INFO - 
================================================================================
DAG File Processing Stats

File Path                                PID    Runtime      # DAGs    # Errors  Last Runtime    Last Run
---------------------------------------  -----  ---------  --------  ----------  --------------  -------------------
/opt/airflow/dags/metar_pipeline_dag.py                           1           0  0.14s           2025-12-01T19:49:23
================================================================================
[2025-12-01T19:50:23.252+0000] {manager.py:878} INFO - 
================================================================================
DAG File Processing Stats

File Path                                PID    Runtime      # DAGs    # Errors  Last Runtime    Last Run
---------------------------------------  -----  ---------  --------  ----------  --------------  -------------------
/opt/airflow/dags/metar_pipeline_dag.py                           1           0  0.15s           2025-12-01T19:49:54
================================================================================
[2025-12-01T19:50:53.507+0000] {manager.py:878} INFO - 
================================================================================
DAG File Processing Stats

File Path                                PID    Runtime      # DAGs    # Errors  Last Runtime    Last Run
---------------------------------------  -----  ---------  --------  ----------  --------------  -------------------
/opt/airflow/dags/metar_pipeline_dag.py                           1           0  0.15s           2025-12-01T19:50:24
================================================================================
[2025-12-01T19:51:23.766+0000] {manager.py:878} INFO - 
================================================================================
DAG File Processing Stats

File Path                                PID    Runtime      # DAGs    # Errors  Last Runtime    Last Run
---------------------------------------  -----  ---------  --------  ----------  --------------  -------------------
/opt/airflow/dags/metar_pipeline_dag.py                           1           0  0.16s           2025-12-01T19:50:54
================================================================================
[2025-12-01T19:51:50.015+0000] {manager.py:737} INFO - Searching for files in /opt/airflow/dags
[2025-12-01T19:51:50.031+0000] {manager.py:740} INFO - There are 1 files in /opt/airflow/dags
[2025-12-01T19:51:54.056+0000] {manager.py:878} INFO - 
================================================================================
DAG File Processing Stats

File Path                                PID    Runtime      # DAGs    # Errors  Last Runtime    Last Run
---------------------------------------  -----  ---------  --------  ----------  --------------  -------------------
/opt/airflow/dags/metar_pipeline_dag.py                           1           0  0.16s           2025-12-01T19:51:25
================================================================================
[2025-12-01T19:52:24.294+0000] {manager.py:878} INFO - 
================================================================================
DAG File Processing Stats

File Path                                PID    Runtime      # DAGs    # Errors  Last Runtime    Last Run
---------------------------------------  -----  ---------  --------  ----------  --------------  -------------------
/opt/airflow/dags/metar_pipeline_dag.py                           1           0  0.20s           2025-12-01T19:51:55
================================================================================
[2025-12-01T19:52:54.608+0000] {manager.py:878} INFO - 
================================================================================
DAG File Processing Stats

File Path                                PID    Runtime      # DAGs    # Errors  Last Runtime    Last Run
---------------------------------------  -----  ---------  --------  ----------  --------------  -------------------
/opt/airflow/dags/metar_pipeline_dag.py                           1           0  0.15s           2025-12-01T19:52:25
================================================================================
[2025-12-01T19:53:24.856+0000] {manager.py:878} INFO - 
================================================================================
DAG File Processing Stats

File Path                                PID    Runtime      # DAGs    # Errors  Last Runtime    Last Run
---------------------------------------  -----  ---------  --------  ----------  --------------  -------------------
/opt/airflow/dags/metar_pipeline_dag.py                           1           0  0.14s           2025-12-01T19:52:55
================================================================================
[2025-12-01T19:53:55.100+0000] {manager.py:878} INFO - 
================================================================================
DAG File Processing Stats

File Path                                PID    Runtime      # DAGs    # Errors  Last Runtime    Last Run
---------------------------------------  -----  ---------  --------  ----------  --------------  -------------------
/opt/airflow/dags/metar_pipeline_dag.py                           1           0  0.17s           2025-12-01T19:53:26
================================================================================
[2025-12-01T19:54:25.372+0000] {manager.py:878} INFO - 
================================================================================
DAG File Processing Stats

File Path                                PID    Runtime      # DAGs    # Errors  Last Runtime    Last Run
---------------------------------------  -----  ---------  --------  ----------  --------------  -------------------
/opt/airflow/dags/metar_pipeline_dag.py                           1           0  0.16s           2025-12-01T19:53:56
================================================================================
[2025-12-01T19:54:55.646+0000] {manager.py:878} INFO - 
================================================================================
DAG File Processing Stats

File Path                                PID    Runtime      # DAGs    # Errors  Last Runtime    Last Run
---------------------------------------  -----  ---------  --------  ----------  --------------  -------------------
/opt/airflow/dags/metar_pipeline_dag.py                           1           0  0.15s           2025-12-01T19:54:26
================================================================================
[2025-12-01T19:55:25.898+0000] {manager.py:878} INFO - 
================================================================================
DAG File Processing Stats

File Path                                PID    Runtime      # DAGs    # Errors  Last Runtime    Last Run
---------------------------------------  -----  ---------  --------  ----------  --------------  -------------------
/opt/airflow/dags/metar_pipeline_dag.py                           1           0  0.14s           2025-12-01T19:54:56
================================================================================
[2025-12-01T19:55:56.164+0000] {manager.py:878} INFO - 
================================================================================
DAG File Processing Stats

File Path                                PID    Runtime      # DAGs    # Errors  Last Runtime    Last Run
---------------------------------------  -----  ---------  --------  ----------  --------------  -------------------
/opt/airflow/dags/metar_pipeline_dag.py                           1           0  0.15s           2025-12-01T19:55:27
================================================================================
[2025-12-01T19:56:26.435+0000] {manager.py:878} INFO - 
================================================================================
DAG File Processing Stats

File Path                                PID    Runtime      # DAGs    # Errors  Last Runtime    Last Run
---------------------------------------  -----  ---------  --------  ----------  --------------  -------------------
/opt/airflow/dags/metar_pipeline_dag.py                           1           0  0.14s           2025-12-01T19:55:57
================================================================================
[2025-12-01T19:56:50.651+0000] {manager.py:737} INFO - Searching for files in /opt/airflow/dags
[2025-12-01T19:56:50.667+0000] {manager.py:740} INFO - There are 1 files in /opt/airflow/dags
[2025-12-01T19:56:56.701+0000] {manager.py:878} INFO - 
================================================================================
DAG File Processing Stats

File Path                                PID    Runtime      # DAGs    # Errors  Last Runtime    Last Run
---------------------------------------  -----  ---------  --------  ----------  --------------  -------------------
/opt/airflow/dags/metar_pipeline_dag.py                           1           0  0.13s           2025-12-01T19:56:27
================================================================================
[2025-12-01T19:57:26.908+0000] {manager.py:878} INFO - 
================================================================================
DAG File Processing Stats

File Path                                PID    Runtime      # DAGs    # Errors  Last Runtime    Last Run
---------------------------------------  -----  ---------  --------  ----------  --------------  -------------------
/opt/airflow/dags/metar_pipeline_dag.py                           1           0  0.14s           2025-12-01T19:56:57
================================================================================
[2025-12-01T19:57:57.074+0000] {manager.py:878} INFO - 
================================================================================
DAG File Processing Stats

File Path                                PID    Runtime      # DAGs    # Errors  Last Runtime    Last Run
---------------------------------------  -----  ---------  --------  ----------  --------------  -------------------
/opt/airflow/dags/metar_pipeline_dag.py                           1           0  0.14s           2025-12-01T19:57:28
================================================================================
[2025-12-01T19:58:27.322+0000] {manager.py:878} INFO - 
================================================================================
DAG File Processing Stats

File Path                                PID    Runtime      # DAGs    # Errors  Last Runtime    Last Run
---------------------------------------  -----  ---------  --------  ----------  --------------  -------------------
/opt/airflow/dags/metar_pipeline_dag.py                           1           0  0.40s           2025-12-01T19:58:15
================================================================================
[2025-12-01T19:58:36.534+0000] {manager.py:452} INFO - Exiting gracefully upon receiving signal 15
[2025-12-01T19:59:48.379+0000] {manager.py:470} INFO - Processing files using up to 2 processes at a time 
[2025-12-01T19:59:48.380+0000] {manager.py:471} INFO - Process each file at most once every 30 seconds
[2025-12-01T19:59:48.381+0000] {manager.py:472} INFO - Checking for new files in /opt/airflow/dags every 300 seconds
[2025-12-01T19:59:48.382+0000] {manager.py:737} INFO - Searching for files in /opt/airflow/dags
[2025-12-01T19:59:48.407+0000] {manager.py:740} INFO - There are 1 files in /opt/airflow/dags
[2025-12-01T19:59:48.597+0000] {manager.py:878} INFO - 
================================================================================
DAG File Processing Stats

File Path                                  PID  Runtime      # DAGs    # Errors  Last Runtime    Last Run
---------------------------------------  -----  ---------  --------  ----------  --------------  ----------
/opt/airflow/dags/metar_pipeline_dag.py     33  0.05s             0           0
================================================================================
[2025-12-01T20:00:18.824+0000] {manager.py:878} INFO - 
================================================================================
DAG File Processing Stats

File Path                                PID    Runtime      # DAGs    # Errors  Last Runtime    Last Run
---------------------------------------  -----  ---------  --------  ----------  --------------  -------------------
/opt/airflow/dags/metar_pipeline_dag.py                           1           0  0.47s           2025-12-01T19:59:49
================================================================================
[2025-12-01T20:00:49.323+0000] {manager.py:878} INFO - 
================================================================================
DAG File Processing Stats

File Path                                PID    Runtime      # DAGs    # Errors  Last Runtime    Last Run
---------------------------------------  -----  ---------  --------  ----------  --------------  -------------------
/opt/airflow/dags/metar_pipeline_dag.py                           1           0  0.24s           2025-12-01T20:00:19
================================================================================
[2025-12-01T20:01:19.670+0000] {manager.py:878} INFO - 
================================================================================
DAG File Processing Stats

File Path                                PID    Runtime      # DAGs    # Errors  Last Runtime    Last Run
---------------------------------------  -----  ---------  --------  ----------  --------------  -------------------
/opt/airflow/dags/metar_pipeline_dag.py                           1           0  0.16s           2025-12-01T20:00:49
================================================================================
[2025-12-01T20:01:49.943+0000] {manager.py:878} INFO - 
================================================================================
DAG File Processing Stats

File Path                                PID    Runtime      # DAGs    # Errors  Last Runtime    Last Run
---------------------------------------  -----  ---------  --------  ----------  --------------  -------------------
/opt/airflow/dags/metar_pipeline_dag.py                           1           0  0.18s           2025-12-01T20:01:19
================================================================================
[2025-12-01T20:02:20.236+0000] {manager.py:878} INFO - 
================================================================================
DAG File Processing Stats

File Path                                PID    Runtime      # DAGs    # Errors  Last Runtime    Last Run
---------------------------------------  -----  ---------  --------  ----------  --------------  -------------------
/opt/airflow/dags/metar_pipeline_dag.py                           1           0  0.19s           2025-12-01T20:01:50
================================================================================
[2025-12-01T20:02:50.565+0000] {manager.py:878} INFO - 
================================================================================
DAG File Processing Stats

File Path                                  PID  Runtime      # DAGs    # Errors  Last Runtime    Last Run
---------------------------------------  -----  ---------  --------  ----------  --------------  -------------------
/opt/airflow/dags/metar_pipeline_dag.py     39  0.00s             1           0  0.17s           2025-12-01T20:02:20
================================================================================
[2025-12-01T20:03:20.817+0000] {manager.py:878} INFO - 
================================================================================
DAG File Processing Stats

File Path                                PID    Runtime      # DAGs    # Errors  Last Runtime    Last Run
---------------------------------------  -----  ---------  --------  ----------  --------------  -------------------
/opt/airflow/dags/metar_pipeline_dag.py                           1           0  0.34s           2025-12-01T20:02:50
================================================================================
[2025-12-01T20:03:26.997+0000] {manager.py:452} INFO - Exiting gracefully upon receiving signal 15
[2025-12-01T20:03:37.774+0000] {manager.py:470} INFO - Processing files using up to 2 processes at a time 
[2025-12-01T20:03:37.775+0000] {manager.py:471} INFO - Process each file at most once every 30 seconds
[2025-12-01T20:03:37.776+0000] {manager.py:472} INFO - Checking for new files in /opt/airflow/dags every 300 seconds
[2025-12-01T20:03:37.776+0000] {manager.py:737} INFO - Searching for files in /opt/airflow/dags
[2025-12-01T20:03:37.792+0000] {manager.py:740} INFO - There are 1 files in /opt/airflow/dags
[2025-12-01T20:03:37.914+0000] {manager.py:878} INFO - 
================================================================================
DAG File Processing Stats

File Path                                  PID  Runtime      # DAGs    # Errors  Last Runtime    Last Run
---------------------------------------  -----  ---------  --------  ----------  --------------  ----------
/opt/airflow/dags/metar_pipeline_dag.py     33  0.04s             0           0
================================================================================
[2025-12-01T20:04:08.037+0000] {manager.py:878} INFO - 
================================================================================
DAG File Processing Stats

File Path                                PID    Runtime      # DAGs    # Errors  Last Runtime    Last Run
---------------------------------------  -----  ---------  --------  ----------  --------------  -------------------
/opt/airflow/dags/metar_pipeline_dag.py                           1           0  0.31s           2025-12-01T20:03:38
================================================================================
[2025-12-01T20:04:38.427+0000] {manager.py:878} INFO - 
================================================================================
DAG File Processing Stats

File Path                                PID    Runtime      # DAGs    # Errors  Last Runtime    Last Run
---------------------------------------  -----  ---------  --------  ----------  --------------  -------------------
/opt/airflow/dags/metar_pipeline_dag.py                           1           0  0.32s           2025-12-01T20:04:08
================================================================================
[2025-12-01T20:05:08.848+0000] {manager.py:878} INFO - 
================================================================================
DAG File Processing Stats

File Path                                PID    Runtime      # DAGs    # Errors  Last Runtime    Last Run
---------------------------------------  -----  ---------  --------  ----------  --------------  -------------------
/opt/airflow/dags/metar_pipeline_dag.py                           1           0  0.32s           2025-12-01T20:04:39
================================================================================
[2025-12-01T20:05:39.267+0000] {manager.py:878} INFO - 
================================================================================
DAG File Processing Stats

File Path                                PID    Runtime      # DAGs    # Errors  Last Runtime    Last Run
---------------------------------------  -----  ---------  --------  ----------  --------------  -------------------
/opt/airflow/dags/metar_pipeline_dag.py                           1           0  0.32s           2025-12-01T20:05:09
================================================================================
[2025-12-01T20:06:09.814+0000] {manager.py:878} INFO - 
================================================================================
DAG File Processing Stats

File Path                                PID    Runtime      # DAGs    # Errors  Last Runtime    Last Run
---------------------------------------  -----  ---------  --------  ----------  --------------  -------------------
/opt/airflow/dags/metar_pipeline_dag.py                           1           0  0.17s           2025-12-01T20:05:39
================================================================================
[2025-12-01T20:06:40.093+0000] {manager.py:878} INFO - 
================================================================================
DAG File Processing Stats

File Path                                PID    Runtime      # DAGs    # Errors  Last Runtime    Last Run
---------------------------------------  -----  ---------  --------  ----------  --------------  -------------------
/opt/airflow/dags/metar_pipeline_dag.py                           1           0  0.15s           2025-12-01T20:06:10
================================================================================
[2025-12-01T20:07:10.353+0000] {manager.py:878} INFO - 
================================================================================
DAG File Processing Stats

File Path                                PID    Runtime      # DAGs    # Errors  Last Runtime    Last Run
---------------------------------------  -----  ---------  --------  ----------  --------------  -------------------
/opt/airflow/dags/metar_pipeline_dag.py                           1           0  0.14s           2025-12-01T20:06:40
================================================================================
[2025-12-01T20:07:40.617+0000] {manager.py:878} INFO - 
================================================================================
DAG File Processing Stats

File Path                                PID    Runtime      # DAGs    # Errors  Last Runtime    Last Run
---------------------------------------  -----  ---------  --------  ----------  --------------  -------------------
/opt/airflow/dags/metar_pipeline_dag.py                           1           0  0.15s           2025-12-01T20:07:10
================================================================================
[2025-12-01T20:08:10.881+0000] {manager.py:878} INFO - 
================================================================================
DAG File Processing Stats

File Path                                PID    Runtime      # DAGs    # Errors  Last Runtime    Last Run
---------------------------------------  -----  ---------  --------  ----------  --------------  -------------------
/opt/airflow/dags/metar_pipeline_dag.py                           1           0  0.14s           2025-12-01T20:07:40
================================================================================
[2025-12-01T20:08:38.128+0000] {manager.py:737} INFO - Searching for files in /opt/airflow/dags
[2025-12-01T20:08:38.144+0000] {manager.py:740} INFO - There are 1 files in /opt/airflow/dags
[2025-12-01T20:08:41.179+0000] {manager.py:878} INFO - 
================================================================================
DAG File Processing Stats

File Path                                  PID  Runtime      # DAGs    # Errors  Last Runtime    Last Run
---------------------------------------  -----  ---------  --------  ----------  --------------  -------------------
/opt/airflow/dags/metar_pipeline_dag.py     43  0.01s             1           0  0.14s           2025-12-01T20:08:11
================================================================================
[2025-12-01T20:09:11.393+0000] {manager.py:878} INFO - 
================================================================================
DAG File Processing Stats

File Path                                  PID  Runtime      # DAGs    # Errors  Last Runtime    Last Run
---------------------------------------  -----  ---------  --------  ----------  --------------  -------------------
/opt/airflow/dags/metar_pipeline_dag.py     44  0.01s             1           0  0.15s           2025-12-01T20:08:41
================================================================================
[2025-12-01T20:09:41.555+0000] {manager.py:878} INFO - 
================================================================================
DAG File Processing Stats

File Path                                  PID  Runtime      # DAGs    # Errors  Last Runtime    Last Run
---------------------------------------  -----  ---------  --------  ----------  --------------  -------------------
/opt/airflow/dags/metar_pipeline_dag.py     45  0.01s             1           0  0.15s           2025-12-01T20:09:11
================================================================================
[2025-12-01T20:10:11.771+0000] {manager.py:878} INFO - 
================================================================================
DAG File Processing Stats

File Path                                  PID  Runtime      # DAGs    # Errors  Last Runtime    Last Run
---------------------------------------  -----  ---------  --------  ----------  --------------  -------------------
/opt/airflow/dags/metar_pipeline_dag.py     46  0.00s             1           0  0.14s           2025-12-01T20:09:41
================================================================================
[2025-12-01T20:10:41.927+0000] {manager.py:878} INFO - 
================================================================================
DAG File Processing Stats

File Path                                  PID  Runtime      # DAGs    # Errors  Last Runtime    Last Run
---------------------------------------  -----  ---------  --------  ----------  --------------  -------------------
/opt/airflow/dags/metar_pipeline_dag.py     47  0.01s             1           0  0.13s           2025-12-01T20:10:11
================================================================================
[2025-12-01T20:10:57.907+0000] {manager.py:452} INFO - Exiting gracefully upon receiving signal 15
[2025-12-01T20:11:15.198+0000] {manager.py:470} INFO - Processing files using up to 2 processes at a time 
[2025-12-01T20:11:15.199+0000] {manager.py:471} INFO - Process each file at most once every 30 seconds
[2025-12-01T20:11:15.200+0000] {manager.py:472} INFO - Checking for new files in /opt/airflow/dags every 300 seconds
[2025-12-01T20:11:15.201+0000] {manager.py:737} INFO - Searching for files in /opt/airflow/dags
[2025-12-01T20:11:15.218+0000] {manager.py:740} INFO - There are 1 files in /opt/airflow/dags
[2025-12-01T20:11:15.318+0000] {manager.py:878} INFO - 
================================================================================
DAG File Processing Stats

File Path                                  PID  Runtime      # DAGs    # Errors  Last Runtime    Last Run
---------------------------------------  -----  ---------  --------  ----------  --------------  ----------
/opt/airflow/dags/metar_pipeline_dag.py     33  0.04s             0           0
================================================================================
[2025-12-01T20:11:45.544+0000] {manager.py:878} INFO - 
================================================================================
DAG File Processing Stats

File Path                                PID    Runtime      # DAGs    # Errors  Last Runtime    Last Run
---------------------------------------  -----  ---------  --------  ----------  --------------  -------------------
/opt/airflow/dags/metar_pipeline_dag.py                           1           0  0.40s           2025-12-01T20:11:15
================================================================================
[2025-12-01T20:12:15.928+0000] {manager.py:878} INFO - 
================================================================================
DAG File Processing Stats

File Path                                PID    Runtime      # DAGs    # Errors  Last Runtime    Last Run
---------------------------------------  -----  ---------  --------  ----------  --------------  -------------------
/opt/airflow/dags/metar_pipeline_dag.py                           1           0  0.14s           2025-12-01T20:11:45
================================================================================
[2025-12-01T20:12:46.184+0000] {manager.py:878} INFO - 
================================================================================
DAG File Processing Stats

File Path                                PID    Runtime      # DAGs    # Errors  Last Runtime    Last Run
---------------------------------------  -----  ---------  --------  ----------  --------------  -------------------
/opt/airflow/dags/metar_pipeline_dag.py                           1           0  0.14s           2025-12-01T20:12:16
================================================================================
[2025-12-01T20:13:16.442+0000] {manager.py:878} INFO - 
================================================================================
DAG File Processing Stats

File Path                                PID    Runtime      # DAGs    # Errors  Last Runtime    Last Run
---------------------------------------  -----  ---------  --------  ----------  --------------  -------------------
/opt/airflow/dags/metar_pipeline_dag.py                           1           0  0.17s           2025-12-01T20:12:46
================================================================================
[2025-12-01T20:13:46.721+0000] {manager.py:878} INFO - 
================================================================================
DAG File Processing Stats

File Path                                PID    Runtime      # DAGs    # Errors  Last Runtime    Last Run
---------------------------------------  -----  ---------  --------  ----------  --------------  -------------------
/opt/airflow/dags/metar_pipeline_dag.py                           1           0  0.16s           2025-12-01T20:13:16
================================================================================
[2025-12-01T20:14:17.003+0000] {manager.py:878} INFO - 
================================================================================
DAG File Processing Stats

File Path                                PID    Runtime      # DAGs    # Errors  Last Runtime    Last Run
---------------------------------------  -----  ---------  --------  ----------  --------------  -------------------
/opt/airflow/dags/metar_pipeline_dag.py                           1           0  0.15s           2025-12-01T20:13:47
================================================================================
[2025-12-01T20:14:47.260+0000] {manager.py:878} INFO - 
================================================================================
DAG File Processing Stats

File Path                                PID    Runtime      # DAGs    # Errors  Last Runtime    Last Run
---------------------------------------  -----  ---------  --------  ----------  --------------  -------------------
/opt/airflow/dags/metar_pipeline_dag.py                           1           0  0.14s           2025-12-01T20:14:17
================================================================================
[2025-12-01T20:15:17.511+0000] {manager.py:878} INFO - 
================================================================================
DAG File Processing Stats

File Path                                PID    Runtime      # DAGs    # Errors  Last Runtime    Last Run
---------------------------------------  -----  ---------  --------  ----------  --------------  -------------------
/opt/airflow/dags/metar_pipeline_dag.py                           1           0  0.14s           2025-12-01T20:14:47
================================================================================
[2025-12-01T20:15:47.767+0000] {manager.py:878} INFO - 
================================================================================
DAG File Processing Stats

File Path                                PID    Runtime      # DAGs    # Errors  Last Runtime    Last Run
---------------------------------------  -----  ---------  --------  ----------  --------------  -------------------
/opt/airflow/dags/metar_pipeline_dag.py                           1           0  0.15s           2025-12-01T20:15:17
================================================================================
[2025-12-01T20:16:16.016+0000] {manager.py:737} INFO - Searching for files in /opt/airflow/dags
[2025-12-01T20:16:16.033+0000] {manager.py:740} INFO - There are 1 files in /opt/airflow/dags
[2025-12-01T20:16:18.063+0000] {manager.py:878} INFO - 
================================================================================
DAG File Processing Stats

File Path                                  PID  Runtime      # DAGs    # Errors  Last Runtime    Last Run
---------------------------------------  -----  ---------  --------  ----------  --------------  -------------------
/opt/airflow/dags/metar_pipeline_dag.py     43  0.00s             1           0  0.15s           2025-12-01T20:15:48
================================================================================
[2025-12-01T20:16:48.273+0000] {manager.py:878} INFO - 
================================================================================
DAG File Processing Stats

File Path                                  PID  Runtime      # DAGs    # Errors  Last Runtime    Last Run
---------------------------------------  -----  ---------  --------  ----------  --------------  -------------------
/opt/airflow/dags/metar_pipeline_dag.py     44  0.01s             1           0  0.14s           2025-12-01T20:16:18
================================================================================
[2025-12-01T20:17:18.428+0000] {manager.py:878} INFO - 
================================================================================
DAG File Processing Stats

File Path                                  PID  Runtime      # DAGs    # Errors  Last Runtime    Last Run
---------------------------------------  -----  ---------  --------  ----------  --------------  -------------------
/opt/airflow/dags/metar_pipeline_dag.py     45  0.01s             1           0  0.14s           2025-12-01T20:16:48
================================================================================
[2025-12-01T20:17:48.652+0000] {manager.py:878} INFO - 
================================================================================
DAG File Processing Stats

File Path                                  PID  Runtime      # DAGs    # Errors  Last Runtime    Last Run
---------------------------------------  -----  ---------  --------  ----------  --------------  -------------------
/opt/airflow/dags/metar_pipeline_dag.py     46  0.01s             1           0  0.17s           2025-12-01T20:17:18
================================================================================
[2025-12-01T20:18:18.834+0000] {manager.py:878} INFO - 
================================================================================
DAG File Processing Stats

File Path                                  PID  Runtime      # DAGs    # Errors  Last Runtime    Last Run
---------------------------------------  -----  ---------  --------  ----------  --------------  -------------------
/opt/airflow/dags/metar_pipeline_dag.py     47  0.00s             1           0  0.16s           2025-12-01T20:17:48
================================================================================
[2025-12-01T20:18:49.046+0000] {manager.py:878} INFO - 
================================================================================
DAG File Processing Stats

File Path                                  PID  Runtime      # DAGs    # Errors  Last Runtime    Last Run
---------------------------------------  -----  ---------  --------  ----------  --------------  -------------------
/opt/airflow/dags/metar_pipeline_dag.py     48  0.00s             1           0  0.15s           2025-12-01T20:18:18
================================================================================
[2025-12-01T20:19:19.214+0000] {manager.py:878} INFO - 
================================================================================
DAG File Processing Stats

File Path                                  PID  Runtime      # DAGs    # Errors  Last Runtime    Last Run
---------------------------------------  -----  ---------  --------  ----------  --------------  -------------------
/opt/airflow/dags/metar_pipeline_dag.py     49  0.00s             1           0  0.15s           2025-12-01T20:18:49
================================================================================
[2025-12-01T20:19:49.421+0000] {manager.py:878} INFO - 
================================================================================
DAG File Processing Stats

File Path                                  PID  Runtime      # DAGs    # Errors  Last Runtime    Last Run
---------------------------------------  -----  ---------  --------  ----------  --------------  -------------------
/opt/airflow/dags/metar_pipeline_dag.py     50  0.01s             1           0  0.15s           2025-12-01T20:19:19
================================================================================
[2025-12-01T20:20:19.587+0000] {manager.py:878} INFO - 
================================================================================
DAG File Processing Stats

File Path                                  PID  Runtime      # DAGs    # Errors  Last Runtime    Last Run
---------------------------------------  -----  ---------  --------  ----------  --------------  -------------------
/opt/airflow/dags/metar_pipeline_dag.py     51  0.00s             1           0  0.14s           2025-12-01T20:19:49
================================================================================
[2025-12-01T20:20:49.780+0000] {manager.py:878} INFO - 
================================================================================
DAG File Processing Stats

File Path                                  PID  Runtime      # DAGs    # Errors  Last Runtime    Last Run
---------------------------------------  -----  ---------  --------  ----------  --------------  -------------------
/opt/airflow/dags/metar_pipeline_dag.py     52  0.00s             1           0  0.14s           2025-12-01T20:20:19
================================================================================
[2025-12-01T20:21:16.920+0000] {manager.py:737} INFO - Searching for files in /opt/airflow/dags
[2025-12-01T20:21:16.935+0000] {manager.py:740} INFO - There are 1 files in /opt/airflow/dags
[2025-12-01T20:21:19.967+0000] {manager.py:878} INFO - 
================================================================================
DAG File Processing Stats

File Path                                  PID  Runtime      # DAGs    # Errors  Last Runtime    Last Run
---------------------------------------  -----  ---------  --------  ----------  --------------  -------------------
/opt/airflow/dags/metar_pipeline_dag.py     53  0.00s             1           0  0.15s           2025-12-01T20:20:49
================================================================================
[2025-12-01T20:21:50.152+0000] {manager.py:878} INFO - 
================================================================================
DAG File Processing Stats

File Path                                  PID  Runtime      # DAGs    # Errors  Last Runtime    Last Run
---------------------------------------  -----  ---------  --------  ----------  --------------  -------------------
/opt/airflow/dags/metar_pipeline_dag.py     54  0.01s             1           0  0.15s           2025-12-01T20:21:20
================================================================================
[2025-12-01T20:22:20.325+0000] {manager.py:878} INFO - 
================================================================================
DAG File Processing Stats

File Path                                  PID  Runtime      # DAGs    # Errors  Last Runtime    Last Run
---------------------------------------  -----  ---------  --------  ----------  --------------  -------------------
/opt/airflow/dags/metar_pipeline_dag.py     55  0.00s             1           0  0.17s           2025-12-01T20:21:50
================================================================================
[2025-12-01T20:22:50.531+0000] {manager.py:878} INFO - 
================================================================================
DAG File Processing Stats

File Path                                  PID  Runtime      # DAGs    # Errors  Last Runtime    Last Run
---------------------------------------  -----  ---------  --------  ----------  --------------  -------------------
/opt/airflow/dags/metar_pipeline_dag.py     56  0.00s             1           0  0.14s           2025-12-01T20:22:20
================================================================================
[2025-12-01T20:23:20.666+0000] {manager.py:878} INFO - 
================================================================================
DAG File Processing Stats

File Path                                PID    Runtime      # DAGs    # Errors  Last Runtime    Last Run
---------------------------------------  -----  ---------  --------  ----------  --------------  -------------------
/opt/airflow/dags/metar_pipeline_dag.py                           1           0  0.16s           2025-12-01T20:22:50
================================================================================
[2025-12-01T20:23:50.912+0000] {manager.py:878} INFO - 
================================================================================
DAG File Processing Stats

File Path                                PID    Runtime      # DAGs    # Errors  Last Runtime    Last Run
---------------------------------------  -----  ---------  --------  ----------  --------------  -------------------
/opt/airflow/dags/metar_pipeline_dag.py                           1           0  0.19s           2025-12-01T20:23:20
================================================================================
[2025-12-01T20:24:21.210+0000] {manager.py:878} INFO - 
================================================================================
DAG File Processing Stats

File Path                                PID    Runtime      # DAGs    # Errors  Last Runtime    Last Run
---------------------------------------  -----  ---------  --------  ----------  --------------  -------------------
/opt/airflow/dags/metar_pipeline_dag.py                           1           0  0.15s           2025-12-01T20:23:51
================================================================================
[2025-12-01T20:24:51.455+0000] {manager.py:878} INFO - 
================================================================================
DAG File Processing Stats

File Path                                PID    Runtime      # DAGs    # Errors  Last Runtime    Last Run
---------------------------------------  -----  ---------  --------  ----------  --------------  -------------------
/opt/airflow/dags/metar_pipeline_dag.py                           1           0  0.15s           2025-12-01T20:24:21
================================================================================
[2025-12-01T20:25:21.709+0000] {manager.py:878} INFO - 
================================================================================
DAG File Processing Stats

File Path                                PID    Runtime      # DAGs    # Errors  Last Runtime    Last Run
---------------------------------------  -----  ---------  --------  ----------  --------------  -------------------
/opt/airflow/dags/metar_pipeline_dag.py                           1           0  0.13s           2025-12-01T20:24:51
================================================================================
[2025-12-01T20:25:51.938+0000] {manager.py:878} INFO - 
================================================================================
DAG File Processing Stats

File Path                                PID    Runtime      # DAGs    # Errors  Last Runtime    Last Run
---------------------------------------  -----  ---------  --------  ----------  --------------  -------------------
/opt/airflow/dags/metar_pipeline_dag.py                           1           0  0.13s           2025-12-01T20:25:21
================================================================================
[2025-12-01T20:26:17.150+0000] {manager.py:737} INFO - Searching for files in /opt/airflow/dags
[2025-12-01T20:26:17.165+0000] {manager.py:740} INFO - There are 1 files in /opt/airflow/dags
[2025-12-01T20:26:22.206+0000] {manager.py:878} INFO - 
================================================================================
DAG File Processing Stats

File Path                                  PID  Runtime      # DAGs    # Errors  Last Runtime    Last Run
---------------------------------------  -----  ---------  --------  ----------  --------------  -------------------
/opt/airflow/dags/metar_pipeline_dag.py     63  0.00s             1           0  0.14s           2025-12-01T20:25:52
================================================================================
[2025-12-01T20:26:52.417+0000] {manager.py:878} INFO - 
================================================================================
DAG File Processing Stats

File Path                                  PID  Runtime      # DAGs    # Errors  Last Runtime    Last Run
---------------------------------------  -----  ---------  --------  ----------  --------------  -------------------
/opt/airflow/dags/metar_pipeline_dag.py     64  0.00s             1           0  0.13s           2025-12-01T20:26:22
================================================================================
[2025-12-01T20:27:22.552+0000] {manager.py:878} INFO - 
================================================================================
DAG File Processing Stats

File Path                                PID    Runtime      # DAGs    # Errors  Last Runtime    Last Run
---------------------------------------  -----  ---------  --------  ----------  --------------  -------------------
/opt/airflow/dags/metar_pipeline_dag.py                           1           0  0.16s           2025-12-01T20:26:52
================================================================================
[2025-12-01T20:27:38.732+0000] {manager.py:452} INFO - Exiting gracefully upon receiving signal 15
[2025-12-04T11:45:36.318+0000] {manager.py:470} INFO - Processing files using up to 2 processes at a time 
[2025-12-04T11:45:36.319+0000] {manager.py:471} INFO - Process each file at most once every 30 seconds
[2025-12-04T11:45:36.320+0000] {manager.py:472} INFO - Checking for new files in /opt/airflow/dags every 300 seconds
[2025-12-04T11:45:36.320+0000] {manager.py:737} INFO - Searching for files in /opt/airflow/dags
[2025-12-04T11:45:36.338+0000] {manager.py:740} INFO - There are 1 files in /opt/airflow/dags
[2025-12-04T11:45:36.588+0000] {manager.py:878} INFO - 
================================================================================
DAG File Processing Stats

File Path                                  PID  Runtime      # DAGs    # Errors  Last Runtime    Last Run
---------------------------------------  -----  ---------  --------  ----------  --------------  ----------
/opt/airflow/dags/metar_pipeline_dag.py     33  0.15s             0           0
================================================================================
[2025-12-04T11:46:06.700+0000] {manager.py:878} INFO - 
================================================================================
DAG File Processing Stats

File Path                                PID    Runtime      # DAGs    # Errors  Last Runtime    Last Run
---------------------------------------  -----  ---------  --------  ----------  --------------  -------------------
/opt/airflow/dags/metar_pipeline_dag.py                           1           0  1.53s           2025-12-04T11:45:37
================================================================================
[2025-12-04T11:46:37.404+0000] {manager.py:878} INFO - 
================================================================================
DAG File Processing Stats

File Path                                PID    Runtime      # DAGs    # Errors  Last Runtime    Last Run
---------------------------------------  -----  ---------  --------  ----------  --------------  -------------------
/opt/airflow/dags/metar_pipeline_dag.py                           1           0  0.26s           2025-12-04T11:46:08
================================================================================
[2025-12-04T11:47:07.775+0000] {manager.py:878} INFO - 
================================================================================
DAG File Processing Stats

File Path                                PID    Runtime      # DAGs    # Errors  Last Runtime    Last Run
---------------------------------------  -----  ---------  --------  ----------  --------------  -------------------
/opt/airflow/dags/metar_pipeline_dag.py                           1           0  0.26s           2025-12-04T11:46:38
================================================================================
[2025-12-04T11:47:38.144+0000] {manager.py:878} INFO - 
================================================================================
DAG File Processing Stats

File Path                                PID    Runtime      # DAGs    # Errors  Last Runtime    Last Run
---------------------------------------  -----  ---------  --------  ----------  --------------  -------------------
/opt/airflow/dags/metar_pipeline_dag.py                           1           0  0.27s           2025-12-04T11:47:09
================================================================================
[2025-12-04T11:48:08.646+0000] {manager.py:878} INFO - 
================================================================================
DAG File Processing Stats

File Path                                PID    Runtime      # DAGs    # Errors  Last Runtime    Last Run
---------------------------------------  -----  ---------  --------  ----------  --------------  -------------------
/opt/airflow/dags/metar_pipeline_dag.py                           1           0  0.15s           2025-12-04T11:47:39
================================================================================
[2025-12-04T11:48:38.930+0000] {manager.py:878} INFO - 
================================================================================
DAG File Processing Stats

File Path                                PID    Runtime      # DAGs    # Errors  Last Runtime    Last Run
---------------------------------------  -----  ---------  --------  ----------  --------------  -------------------
/opt/airflow/dags/metar_pipeline_dag.py                           1           0  0.22s           2025-12-04T11:48:10
================================================================================
[2025-12-04T11:49:09.299+0000] {manager.py:878} INFO - 
================================================================================
DAG File Processing Stats

File Path                                PID    Runtime      # DAGs    # Errors  Last Runtime    Last Run
---------------------------------------  -----  ---------  --------  ----------  --------------  -------------------
/opt/airflow/dags/metar_pipeline_dag.py                           1           0  0.21s           2025-12-04T11:48:40
================================================================================
[2025-12-04T11:49:39.631+0000] {manager.py:878} INFO - 
================================================================================
DAG File Processing Stats

File Path                                PID    Runtime      # DAGs    # Errors  Last Runtime    Last Run
---------------------------------------  -----  ---------  --------  ----------  --------------  -------------------
/opt/airflow/dags/metar_pipeline_dag.py                           1           0  0.15s           2025-12-04T11:49:10
================================================================================
[2025-12-04T11:50:09.882+0000] {manager.py:878} INFO - 
================================================================================
DAG File Processing Stats

File Path                                PID    Runtime      # DAGs    # Errors  Last Runtime    Last Run
---------------------------------------  -----  ---------  --------  ----------  --------------  -------------------
/opt/airflow/dags/metar_pipeline_dag.py                           1           0  0.18s           2025-12-04T11:49:40
================================================================================
[2025-12-04T11:50:36.343+0000] {manager.py:737} INFO - Searching for files in /opt/airflow/dags
[2025-12-04T11:50:36.360+0000] {manager.py:740} INFO - There are 1 files in /opt/airflow/dags
[2025-12-04T11:50:40.188+0000] {manager.py:878} INFO - 
================================================================================
DAG File Processing Stats

File Path                                PID    Runtime      # DAGs    # Errors  Last Runtime    Last Run
---------------------------------------  -----  ---------  --------  ----------  --------------  -------------------
/opt/airflow/dags/metar_pipeline_dag.py                           1           0  0.15s           2025-12-04T11:50:11
================================================================================
[2025-12-04T11:51:10.553+0000] {manager.py:878} INFO - 
================================================================================
DAG File Processing Stats

File Path                                PID    Runtime      # DAGs    # Errors  Last Runtime    Last Run
---------------------------------------  -----  ---------  --------  ----------  --------------  -------------------
/opt/airflow/dags/metar_pipeline_dag.py                           1           0  0.15s           2025-12-04T11:50:41
================================================================================
[2025-12-04T11:51:40.784+0000] {manager.py:878} INFO - 
================================================================================
DAG File Processing Stats

File Path                                PID    Runtime      # DAGs    # Errors  Last Runtime    Last Run
---------------------------------------  -----  ---------  --------  ----------  --------------  -------------------
/opt/airflow/dags/metar_pipeline_dag.py                           1           0  0.16s           2025-12-04T11:51:11
================================================================================
[2025-12-04T11:52:10.948+0000] {manager.py:878} INFO - 
================================================================================
DAG File Processing Stats

File Path                                PID    Runtime      # DAGs    # Errors  Last Runtime    Last Run
---------------------------------------  -----  ---------  --------  ----------  --------------  -------------------
/opt/airflow/dags/metar_pipeline_dag.py                           1           0  0.14s           2025-12-04T11:51:41
================================================================================
[2025-12-04T11:52:41.096+0000] {manager.py:878} INFO - 
================================================================================
DAG File Processing Stats

File Path                                PID    Runtime      # DAGs    # Errors  Last Runtime    Last Run
---------------------------------------  -----  ---------  --------  ----------  --------------  -------------------
/opt/airflow/dags/metar_pipeline_dag.py                           1           0  0.16s           2025-12-04T11:52:12
================================================================================
[2025-12-04T11:53:11.377+0000] {manager.py:878} INFO - 
================================================================================
DAG File Processing Stats

File Path                                PID    Runtime      # DAGs    # Errors  Last Runtime    Last Run
---------------------------------------  -----  ---------  --------  ----------  --------------  -------------------
/opt/airflow/dags/metar_pipeline_dag.py                           1           0  1.06s           2025-12-04T11:52:43
================================================================================
[2025-12-04T11:53:41.533+0000] {manager.py:878} INFO - 
================================================================================
DAG File Processing Stats

File Path                                PID    Runtime      # DAGs    # Errors  Last Runtime    Last Run
---------------------------------------  -----  ---------  --------  ----------  --------------  -------------------
/opt/airflow/dags/metar_pipeline_dag.py                           1           0  0.18s           2025-12-04T11:53:13
================================================================================
[2025-12-04T11:54:11.818+0000] {manager.py:878} INFO - 
================================================================================
DAG File Processing Stats

File Path                                PID    Runtime      # DAGs    # Errors  Last Runtime    Last Run
---------------------------------------  -----  ---------  --------  ----------  --------------  -------------------
/opt/airflow/dags/metar_pipeline_dag.py                           1           0  0.17s           2025-12-04T11:53:43
================================================================================
[2025-12-04T11:54:42.102+0000] {manager.py:878} INFO - 
================================================================================
DAG File Processing Stats

File Path                                PID    Runtime      # DAGs    # Errors  Last Runtime    Last Run
---------------------------------------  -----  ---------  --------  ----------  --------------  -------------------
/opt/airflow/dags/metar_pipeline_dag.py                           1           0  0.17s           2025-12-04T11:54:14
================================================================================
[2025-12-04T11:55:12.392+0000] {manager.py:878} INFO - 
================================================================================
DAG File Processing Stats

File Path                                PID    Runtime      # DAGs    # Errors  Last Runtime    Last Run
---------------------------------------  -----  ---------  --------  ----------  --------------  -------------------
/opt/airflow/dags/metar_pipeline_dag.py                           1           0  0.17s           2025-12-04T11:54:44
================================================================================
[2025-12-04T11:55:36.673+0000] {manager.py:737} INFO - Searching for files in /opt/airflow/dags
[2025-12-04T11:55:36.691+0000] {manager.py:740} INFO - There are 1 files in /opt/airflow/dags
[2025-12-04T11:55:42.728+0000] {manager.py:878} INFO - 
================================================================================
DAG File Processing Stats

File Path                                PID    Runtime      # DAGs    # Errors  Last Runtime    Last Run
---------------------------------------  -----  ---------  --------  ----------  --------------  -------------------
/opt/airflow/dags/metar_pipeline_dag.py                           1           0  0.15s           2025-12-04T11:55:14
================================================================================
[2025-12-04T11:56:12.982+0000] {manager.py:878} INFO - 
================================================================================
DAG File Processing Stats

File Path                                PID    Runtime      # DAGs    # Errors  Last Runtime    Last Run
---------------------------------------  -----  ---------  --------  ----------  --------------  -------------------
/opt/airflow/dags/metar_pipeline_dag.py                           1           0  0.14s           2025-12-04T11:55:44
================================================================================
[2025-12-04T11:56:31.516+0000] {manager.py:452} INFO - Exiting gracefully upon receiving signal 15
