[2025-12-01T20:05:38.340+0000] {local_task_job_runner.py:120} INFO - ::group::Pre task execution logs
[2025-12-01T20:05:38.379+0000] {taskinstance.py:2076} INFO - Dependencies all met for dep_context=non-requeueable deps ti=<TaskInstance: metar_pipeline.mongo_to_postgres scheduled__2025-12-01T19:30:00+00:00 [queued]>
[2025-12-01T20:05:38.387+0000] {taskinstance.py:2076} INFO - Dependencies all met for dep_context=requeueable deps ti=<TaskInstance: metar_pipeline.mongo_to_postgres scheduled__2025-12-01T19:30:00+00:00 [queued]>
[2025-12-01T20:05:38.387+0000] {taskinstance.py:2306} INFO - Starting attempt 1 of 2
[2025-12-01T20:05:38.401+0000] {taskinstance.py:2330} INFO - Executing <Task(BashOperator): mongo_to_postgres> on 2025-12-01 19:30:00+00:00
[2025-12-01T20:05:38.407+0000] {standard_task_runner.py:64} INFO - Started process 119 to run task
[2025-12-01T20:05:38.410+0000] {standard_task_runner.py:90} INFO - Running: ['***', 'tasks', 'run', 'metar_pipeline', 'mongo_to_postgres', 'scheduled__2025-12-01T19:30:00+00:00', '--job-id', '14', '--raw', '--subdir', 'DAGS_FOLDER/metar_pipeline_dag.py', '--cfg-path', '/tmp/tmpmy4zkfbr']
[2025-12-01T20:05:38.411+0000] {standard_task_runner.py:91} INFO - Job 14: Subtask mongo_to_postgres
[2025-12-01T20:05:38.510+0000] {task_command.py:426} INFO - Running <TaskInstance: metar_pipeline.mongo_to_postgres scheduled__2025-12-01T19:30:00+00:00 [running]> on host e42d127276b8
[2025-12-01T20:05:38.665+0000] {taskinstance.py:2648} INFO - Exporting env vars: AIRFLOW_CTX_DAG_OWNER='***' AIRFLOW_CTX_DAG_ID='metar_pipeline' AIRFLOW_CTX_TASK_ID='mongo_to_postgres' AIRFLOW_CTX_EXECUTION_DATE='2025-12-01T19:30:00+00:00' AIRFLOW_CTX_TRY_NUMBER='1' AIRFLOW_CTX_DAG_RUN_ID='scheduled__2025-12-01T19:30:00+00:00'
[2025-12-01T20:05:38.666+0000] {taskinstance.py:430} INFO - ::endgroup::
[2025-12-01T20:05:38.677+0000] {subprocess.py:63} INFO - Tmp dir root location: /tmp
[2025-12-01T20:05:38.678+0000] {subprocess.py:75} INFO - Running command: ['/usr/bin/bash', '-c', 'pip install --quiet pymongo python-dotenv requests psycopg2-binary && export PYTHONPATH="/opt/metar-pipeline"; python /opt/metar-pipeline/src/etl/mongo_to_postgres.py']
[2025-12-01T20:05:38.691+0000] {subprocess.py:86} INFO - Output:
[2025-12-01T20:05:39.674+0000] {subprocess.py:93} INFO - 
[2025-12-01T20:05:39.675+0000] {subprocess.py:93} INFO - [notice] A new release of pip is available: 24.2 -> 25.3
[2025-12-01T20:05:39.675+0000] {subprocess.py:93} INFO - [notice] To update, run: pip install --upgrade pip
[2025-12-01T20:06:10.351+0000] {subprocess.py:93} INFO - Ошибка в EL-процессе: localhost:27017: [Errno 111] Connection refused (configured timeouts: socketTimeoutMS: 20000.0ms, connectTimeoutMS: 20000.0ms), Timeout: 30s, Topology Description: <TopologyDescription id: 692df514d13932fe93d09878, topology_type: Unknown, servers: [<ServerDescription ('localhost', 27017) server_type: Unknown, rtt: None, error=AutoReconnect('localhost:27017: [Errno 111] Connection refused (configured timeouts: socketTimeoutMS: 20000.0ms, connectTimeoutMS: 20000.0ms)')>]>
[2025-12-01T20:06:10.840+0000] {subprocess.py:97} INFO - Command exited with return code 0
[2025-12-01T20:06:10.841+0000] {taskinstance.py:441} INFO - ::group::Post task execution logs
[2025-12-01T20:06:10.906+0000] {taskinstance.py:1206} INFO - Marking task as SUCCESS. dag_id=metar_pipeline, task_id=mongo_to_postgres, run_id=scheduled__2025-12-01T19:30:00+00:00, execution_date=20251201T193000, start_date=20251201T200538, end_date=20251201T200610
[2025-12-01T20:06:10.961+0000] {local_task_job_runner.py:243} INFO - Task exited with return code 0
[2025-12-01T20:06:10.993+0000] {taskinstance.py:3503} INFO - 0 downstream tasks scheduled from follow-on schedule check
[2025-12-01T20:06:11.005+0000] {local_task_job_runner.py:222} INFO - ::endgroup::
