[2025-12-04T11:52:31.115+0000] {local_task_job_runner.py:120} INFO - ::group::Pre task execution logs
[2025-12-04T11:52:31.157+0000] {taskinstance.py:2076} INFO - Dependencies all met for dep_context=non-requeueable deps ti=<TaskInstance: metar_pipeline.collect_metar manual__2025-12-04T11:52:29.672137+00:00 [queued]>
[2025-12-04T11:52:31.164+0000] {taskinstance.py:2076} INFO - Dependencies all met for dep_context=requeueable deps ti=<TaskInstance: metar_pipeline.collect_metar manual__2025-12-04T11:52:29.672137+00:00 [queued]>
[2025-12-04T11:52:31.165+0000] {taskinstance.py:2306} INFO - Starting attempt 1 of 2
[2025-12-04T11:52:31.205+0000] {taskinstance.py:2330} INFO - Executing <Task(BashOperator): collect_metar> on 2025-12-04 11:52:29.672137+00:00
[2025-12-04T11:52:31.211+0000] {standard_task_runner.py:64} INFO - Started process 191 to run task
[2025-12-04T11:52:31.214+0000] {standard_task_runner.py:90} INFO - Running: ['***', 'tasks', 'run', 'metar_pipeline', 'collect_metar', 'manual__2025-12-04T11:52:29.672137+00:00', '--job-id', '33', '--raw', '--subdir', 'DAGS_FOLDER/metar_pipeline_dag.py', '--cfg-path', '/tmp/tmprocutt_0']
[2025-12-04T11:52:31.216+0000] {standard_task_runner.py:91} INFO - Job 33: Subtask collect_metar
[2025-12-04T11:52:31.350+0000] {task_command.py:426} INFO - Running <TaskInstance: metar_pipeline.collect_metar manual__2025-12-04T11:52:29.672137+00:00 [running]> on host 9f9c41ae27c2
[2025-12-04T11:52:31.611+0000] {taskinstance.py:2648} INFO - Exporting env vars: AIRFLOW_CTX_DAG_OWNER='***' AIRFLOW_CTX_DAG_ID='metar_pipeline' AIRFLOW_CTX_TASK_ID='collect_metar' AIRFLOW_CTX_EXECUTION_DATE='2025-12-04T11:52:29.672137+00:00' AIRFLOW_CTX_TRY_NUMBER='1' AIRFLOW_CTX_DAG_RUN_ID='manual__2025-12-04T11:52:29.672137+00:00'
[2025-12-04T11:52:31.612+0000] {taskinstance.py:430} INFO - ::endgroup::
[2025-12-04T11:52:31.623+0000] {subprocess.py:63} INFO - Tmp dir root location: /tmp
[2025-12-04T11:52:31.624+0000] {subprocess.py:75} INFO - Running command: ['/usr/bin/bash', '-c', 'pip install --quiet pymongo python-dotenv requests psycopg2-binary && export PYTHONPATH="/opt/metar-pipeline"; python /opt/metar-pipeline/src/collector/main.py']
[2025-12-04T11:52:31.636+0000] {subprocess.py:86} INFO - Output:
[2025-12-04T11:52:33.129+0000] {subprocess.py:93} INFO - 
[2025-12-04T11:52:33.130+0000] {subprocess.py:93} INFO - [notice] A new release of pip is available: 24.2 -> 25.3
[2025-12-04T11:52:33.130+0000] {subprocess.py:93} INFO - [notice] To update, run: pip install --upgrade pip
[2025-12-04T11:52:35.058+0000] {subprocess.py:93} INFO - Вставлено документов в Mongo: 18
[2025-12-04T11:52:35.589+0000] {subprocess.py:97} INFO - Command exited with return code 0
[2025-12-04T11:52:35.590+0000] {taskinstance.py:441} INFO - ::group::Post task execution logs
[2025-12-04T11:52:35.701+0000] {taskinstance.py:1206} INFO - Marking task as SUCCESS. dag_id=metar_pipeline, task_id=collect_metar, run_id=manual__2025-12-04T11:52:29.672137+00:00, execution_date=20251204T115229, start_date=20251204T115231, end_date=20251204T115235
[2025-12-04T11:52:35.761+0000] {local_task_job_runner.py:243} INFO - Task exited with return code 0
[2025-12-04T11:52:35.804+0000] {taskinstance.py:3503} INFO - 1 downstream tasks scheduled from follow-on schedule check
[2025-12-04T11:52:35.823+0000] {local_task_job_runner.py:222} INFO - ::endgroup::
