[2025-12-04T11:45:45.187+0000] {local_task_job_runner.py:120} INFO - ::group::Pre task execution logs
[2025-12-04T11:45:45.227+0000] {taskinstance.py:2076} INFO - Dependencies all met for dep_context=non-requeueable deps ti=<TaskInstance: metar_pipeline.collect_metar scheduled__2025-12-01T20:00:00+00:00 [queued]>
[2025-12-04T11:45:45.234+0000] {taskinstance.py:2076} INFO - Dependencies all met for dep_context=requeueable deps ti=<TaskInstance: metar_pipeline.collect_metar scheduled__2025-12-01T20:00:00+00:00 [queued]>
[2025-12-04T11:45:45.355+0000] {taskinstance.py:2306} INFO - Starting attempt 1 of 2
[2025-12-04T11:45:45.519+0000] {taskinstance.py:2330} INFO - Executing <Task(BashOperator): collect_metar> on 2025-12-01 20:00:00+00:00
[2025-12-04T11:45:45.527+0000] {standard_task_runner.py:64} INFO - Started process 55 to run task
[2025-12-04T11:45:45.530+0000] {standard_task_runner.py:90} INFO - Running: ['***', 'tasks', 'run', 'metar_pipeline', 'collect_metar', 'scheduled__2025-12-01T20:00:00+00:00', '--job-id', '28', '--raw', '--subdir', 'DAGS_FOLDER/metar_pipeline_dag.py', '--cfg-path', '/tmp/tmp_lh0w9ak']
[2025-12-04T11:45:45.531+0000] {standard_task_runner.py:91} INFO - Job 28: Subtask collect_metar
[2025-12-04T11:45:45.766+0000] {task_command.py:426} INFO - Running <TaskInstance: metar_pipeline.collect_metar scheduled__2025-12-01T20:00:00+00:00 [running]> on host 9f9c41ae27c2
[2025-12-04T11:45:46.777+0000] {taskinstance.py:2648} INFO - Exporting env vars: AIRFLOW_CTX_DAG_OWNER='***' AIRFLOW_CTX_DAG_ID='metar_pipeline' AIRFLOW_CTX_TASK_ID='collect_metar' AIRFLOW_CTX_EXECUTION_DATE='2025-12-01T20:00:00+00:00' AIRFLOW_CTX_TRY_NUMBER='1' AIRFLOW_CTX_DAG_RUN_ID='scheduled__2025-12-01T20:00:00+00:00'
[2025-12-04T11:45:46.778+0000] {taskinstance.py:430} INFO - ::endgroup::
[2025-12-04T11:45:46.862+0000] {subprocess.py:63} INFO - Tmp dir root location: /tmp
[2025-12-04T11:45:46.863+0000] {subprocess.py:75} INFO - Running command: ['/usr/bin/bash', '-c', 'pip install --quiet pymongo python-dotenv requests psycopg2-binary && export PYTHONPATH="/opt/metar-pipeline"; python /opt/metar-pipeline/src/collector/main.py']
[2025-12-04T11:45:46.876+0000] {subprocess.py:86} INFO - Output:
[2025-12-04T11:45:58.934+0000] {subprocess.py:93} INFO - 
[2025-12-04T11:45:58.934+0000] {subprocess.py:93} INFO - [notice] A new release of pip is available: 24.2 -> 25.3
[2025-12-04T11:45:58.934+0000] {subprocess.py:93} INFO - [notice] To update, run: pip install --upgrade pip
[2025-12-04T11:46:02.328+0000] {subprocess.py:93} INFO - Вставлено документов в Mongo: 18
[2025-12-04T11:46:02.759+0000] {subprocess.py:97} INFO - Command exited with return code 0
[2025-12-04T11:46:02.760+0000] {taskinstance.py:441} INFO - ::group::Post task execution logs
[2025-12-04T11:46:03.079+0000] {taskinstance.py:1206} INFO - Marking task as SUCCESS. dag_id=metar_pipeline, task_id=collect_metar, run_id=scheduled__2025-12-01T20:00:00+00:00, execution_date=20251201T200000, start_date=20251204T114545, end_date=20251204T114603
[2025-12-04T11:46:03.130+0000] {local_task_job_runner.py:243} INFO - Task exited with return code 0
[2025-12-04T11:46:03.167+0000] {taskinstance.py:3503} INFO - 1 downstream tasks scheduled from follow-on schedule check
[2025-12-04T11:46:03.187+0000] {local_task_job_runner.py:222} INFO - ::endgroup::
