[2025-12-01T20:06:14.738+0000] {local_task_job_runner.py:120} INFO - ::group::Pre task execution logs
[2025-12-01T20:06:14.779+0000] {taskinstance.py:2076} INFO - Dependencies all met for dep_context=non-requeueable deps ti=<TaskInstance: metar_pipeline.mongo_to_postgres manual__2025-12-01T20:00:36.730848+00:00 [queued]>
[2025-12-01T20:06:14.786+0000] {taskinstance.py:2076} INFO - Dependencies all met for dep_context=requeueable deps ti=<TaskInstance: metar_pipeline.mongo_to_postgres manual__2025-12-01T20:00:36.730848+00:00 [queued]>
[2025-12-01T20:06:14.786+0000] {taskinstance.py:2306} INFO - Starting attempt 1 of 2
[2025-12-01T20:06:14.800+0000] {taskinstance.py:2330} INFO - Executing <Task(BashOperator): mongo_to_postgres> on 2025-12-01 20:00:36.730848+00:00
[2025-12-01T20:06:14.806+0000] {standard_task_runner.py:64} INFO - Started process 163 to run task
[2025-12-01T20:06:14.809+0000] {standard_task_runner.py:90} INFO - Running: ['***', 'tasks', 'run', 'metar_pipeline', 'mongo_to_postgres', 'manual__2025-12-01T20:00:36.730848+00:00', '--job-id', '16', '--raw', '--subdir', 'DAGS_FOLDER/metar_pipeline_dag.py', '--cfg-path', '/tmp/tmpj0v2yg3q']
[2025-12-01T20:06:14.810+0000] {standard_task_runner.py:91} INFO - Job 16: Subtask mongo_to_postgres
[2025-12-01T20:06:14.918+0000] {task_command.py:426} INFO - Running <TaskInstance: metar_pipeline.mongo_to_postgres manual__2025-12-01T20:00:36.730848+00:00 [running]> on host e42d127276b8
[2025-12-01T20:06:15.106+0000] {taskinstance.py:2648} INFO - Exporting env vars: AIRFLOW_CTX_DAG_OWNER='***' AIRFLOW_CTX_DAG_ID='metar_pipeline' AIRFLOW_CTX_TASK_ID='mongo_to_postgres' AIRFLOW_CTX_EXECUTION_DATE='2025-12-01T20:00:36.730848+00:00' AIRFLOW_CTX_TRY_NUMBER='1' AIRFLOW_CTX_DAG_RUN_ID='manual__2025-12-01T20:00:36.730848+00:00'
[2025-12-01T20:06:15.107+0000] {taskinstance.py:430} INFO - ::endgroup::
[2025-12-01T20:06:15.118+0000] {subprocess.py:63} INFO - Tmp dir root location: /tmp
[2025-12-01T20:06:15.119+0000] {subprocess.py:75} INFO - Running command: ['/usr/bin/bash', '-c', 'pip install --quiet pymongo python-dotenv requests psycopg2-binary && export PYTHONPATH="/opt/metar-pipeline"; python /opt/metar-pipeline/src/etl/mongo_to_postgres.py']
[2025-12-01T20:06:15.133+0000] {subprocess.py:86} INFO - Output:
[2025-12-01T20:06:16.141+0000] {subprocess.py:93} INFO - 
[2025-12-01T20:06:16.142+0000] {subprocess.py:93} INFO - [notice] A new release of pip is available: 24.2 -> 25.3
[2025-12-01T20:06:16.142+0000] {subprocess.py:93} INFO - [notice] To update, run: pip install --upgrade pip
[2025-12-01T20:06:46.765+0000] {subprocess.py:93} INFO - Ошибка в EL-процессе: localhost:27017: [Errno 111] Connection refused (configured timeouts: socketTimeoutMS: 20000.0ms, connectTimeoutMS: 20000.0ms), Timeout: 30s, Topology Description: <TopologyDescription id: 692df5385c8b6869538b4f78, topology_type: Unknown, servers: [<ServerDescription ('localhost', 27017) server_type: Unknown, rtt: None, error=AutoReconnect('localhost:27017: [Errno 111] Connection refused (configured timeouts: socketTimeoutMS: 20000.0ms, connectTimeoutMS: 20000.0ms)')>]>
[2025-12-01T20:06:47.267+0000] {subprocess.py:97} INFO - Command exited with return code 0
[2025-12-01T20:06:47.268+0000] {taskinstance.py:441} INFO - ::group::Post task execution logs
[2025-12-01T20:06:47.337+0000] {taskinstance.py:1206} INFO - Marking task as SUCCESS. dag_id=metar_pipeline, task_id=mongo_to_postgres, run_id=manual__2025-12-01T20:00:36.730848+00:00, execution_date=20251201T200036, start_date=20251201T200614, end_date=20251201T200647
[2025-12-01T20:06:47.388+0000] {local_task_job_runner.py:243} INFO - Task exited with return code 0
[2025-12-01T20:06:47.422+0000] {taskinstance.py:3503} INFO - 0 downstream tasks scheduled from follow-on schedule check
[2025-12-01T20:06:47.431+0000] {local_task_job_runner.py:222} INFO - ::endgroup::
