[2025-12-01T20:05:39.972+0000] {local_task_job_runner.py:120} INFO - ::group::Pre task execution logs
[2025-12-01T20:05:40.016+0000] {taskinstance.py:2076} INFO - Dependencies all met for dep_context=non-requeueable deps ti=<TaskInstance: metar_pipeline.collect_metar manual__2025-12-01T20:00:36.730848+00:00 [queued]>
[2025-12-01T20:05:40.025+0000] {taskinstance.py:2076} INFO - Dependencies all met for dep_context=requeueable deps ti=<TaskInstance: metar_pipeline.collect_metar manual__2025-12-01T20:00:36.730848+00:00 [queued]>
[2025-12-01T20:05:40.025+0000] {taskinstance.py:2306} INFO - Starting attempt 2 of 2
[2025-12-01T20:05:40.039+0000] {taskinstance.py:2330} INFO - Executing <Task(BashOperator): collect_metar> on 2025-12-01 20:00:36.730848+00:00
[2025-12-01T20:05:40.046+0000] {standard_task_runner.py:64} INFO - Started process 139 to run task
[2025-12-01T20:05:40.048+0000] {standard_task_runner.py:90} INFO - Running: ['***', 'tasks', 'run', 'metar_pipeline', 'collect_metar', 'manual__2025-12-01T20:00:36.730848+00:00', '--job-id', '15', '--raw', '--subdir', 'DAGS_FOLDER/metar_pipeline_dag.py', '--cfg-path', '/tmp/tmpvcnhvzy6']
[2025-12-01T20:05:40.050+0000] {standard_task_runner.py:91} INFO - Job 15: Subtask collect_metar
[2025-12-01T20:05:40.156+0000] {task_command.py:426} INFO - Running <TaskInstance: metar_pipeline.collect_metar manual__2025-12-01T20:00:36.730848+00:00 [running]> on host e42d127276b8
[2025-12-01T20:05:40.327+0000] {taskinstance.py:2648} INFO - Exporting env vars: AIRFLOW_CTX_DAG_OWNER='***' AIRFLOW_CTX_DAG_ID='metar_pipeline' AIRFLOW_CTX_TASK_ID='collect_metar' AIRFLOW_CTX_EXECUTION_DATE='2025-12-01T20:00:36.730848+00:00' AIRFLOW_CTX_TRY_NUMBER='2' AIRFLOW_CTX_DAG_RUN_ID='manual__2025-12-01T20:00:36.730848+00:00'
[2025-12-01T20:05:40.328+0000] {taskinstance.py:430} INFO - ::endgroup::
[2025-12-01T20:05:40.340+0000] {subprocess.py:63} INFO - Tmp dir root location: /tmp
[2025-12-01T20:05:40.341+0000] {subprocess.py:75} INFO - Running command: ['/usr/bin/bash', '-c', 'pip install --quiet pymongo python-dotenv requests psycopg2-binary && export PYTHONPATH="/opt/metar-pipeline"; python /opt/metar-pipeline/src/collector/main.py']
[2025-12-01T20:05:40.354+0000] {subprocess.py:86} INFO - Output:
[2025-12-01T20:05:41.340+0000] {subprocess.py:93} INFO - 
[2025-12-01T20:05:41.340+0000] {subprocess.py:93} INFO - [notice] A new release of pip is available: 24.2 -> 25.3
[2025-12-01T20:05:41.341+0000] {subprocess.py:93} INFO - [notice] To update, run: pip install --upgrade pip
[2025-12-01T20:06:12.553+0000] {subprocess.py:93} INFO - Ошибка при сборе METAR: localhost:27017: [Errno 111] Connection refused (configured timeouts: socketTimeoutMS: 20000.0ms, connectTimeoutMS: 20000.0ms), Timeout: 30s, Topology Description: <TopologyDescription id: 692df5165602a0b386d58452, topology_type: Unknown, servers: [<ServerDescription ('localhost', 27017) server_type: Unknown, rtt: None, error=AutoReconnect('localhost:27017: [Errno 111] Connection refused (configured timeouts: socketTimeoutMS: 20000.0ms, connectTimeoutMS: 20000.0ms)')>]>
[2025-12-01T20:06:13.048+0000] {subprocess.py:97} INFO - Command exited with return code 0
[2025-12-01T20:06:13.049+0000] {taskinstance.py:441} INFO - ::group::Post task execution logs
[2025-12-01T20:06:13.112+0000] {taskinstance.py:1206} INFO - Marking task as SUCCESS. dag_id=metar_pipeline, task_id=collect_metar, run_id=manual__2025-12-01T20:00:36.730848+00:00, execution_date=20251201T200036, start_date=20251201T200540, end_date=20251201T200613
[2025-12-01T20:06:13.171+0000] {local_task_job_runner.py:243} INFO - Task exited with return code 0
[2025-12-01T20:06:13.206+0000] {taskinstance.py:3503} INFO - 1 downstream tasks scheduled from follow-on schedule check
[2025-12-01T20:06:13.210+0000] {local_task_job_runner.py:222} INFO - ::endgroup::
