[2025-12-04T11:45:36.521+0000] {processor.py:161} INFO - Started process (PID=33) to work on /opt/airflow/dags/metar_pipeline_dag.py
[2025-12-04T11:45:36.522+0000] {processor.py:830} INFO - Processing file /opt/airflow/dags/metar_pipeline_dag.py for tasks to queue
[2025-12-04T11:45:36.525+0000] {logging_mixin.py:188} INFO - [2025-12-04T11:45:36.524+0000] {dagbag.py:545} INFO - Filling up the DagBag from /opt/airflow/dags/metar_pipeline_dag.py
[2025-12-04T11:45:36.565+0000] {processor.py:840} INFO - DAG(s) 'metar_pipeline' retrieved from /opt/airflow/dags/metar_pipeline_dag.py
[2025-12-04T11:45:37.698+0000] {logging_mixin.py:188} INFO - [2025-12-04T11:45:37.698+0000] {dag.py:3089} INFO - Sync 1 DAGs
[2025-12-04T11:45:37.912+0000] {logging_mixin.py:188} INFO - [2025-12-04T11:45:37.912+0000] {dag.py:3947} INFO - Setting next_dagrun for metar_pipeline to 2025-12-04 11:00:00+00:00, run_after=2025-12-04 11:30:00+00:00
[2025-12-04T11:45:37.947+0000] {processor.py:183} INFO - Processing /opt/airflow/dags/metar_pipeline_dag.py took 1.433 seconds
[2025-12-04T11:46:08.298+0000] {processor.py:161} INFO - Started process (PID=38) to work on /opt/airflow/dags/metar_pipeline_dag.py
[2025-12-04T11:46:08.299+0000] {processor.py:830} INFO - Processing file /opt/airflow/dags/metar_pipeline_dag.py for tasks to queue
[2025-12-04T11:46:08.300+0000] {logging_mixin.py:188} INFO - [2025-12-04T11:46:08.300+0000] {dagbag.py:545} INFO - Filling up the DagBag from /opt/airflow/dags/metar_pipeline_dag.py
[2025-12-04T11:46:08.318+0000] {processor.py:840} INFO - DAG(s) 'metar_pipeline' retrieved from /opt/airflow/dags/metar_pipeline_dag.py
[2025-12-04T11:46:08.359+0000] {logging_mixin.py:188} INFO - [2025-12-04T11:46:08.359+0000] {dag.py:3089} INFO - Sync 1 DAGs
[2025-12-04T11:46:08.500+0000] {logging_mixin.py:188} INFO - [2025-12-04T11:46:08.499+0000] {dag.py:3947} INFO - Setting next_dagrun for metar_pipeline to 2025-12-04 11:30:00+00:00, run_after=2025-12-04 12:00:00+00:00
[2025-12-04T11:46:08.524+0000] {processor.py:183} INFO - Processing /opt/airflow/dags/metar_pipeline_dag.py took 0.232 seconds
[2025-12-04T11:46:38.670+0000] {processor.py:161} INFO - Started process (PID=39) to work on /opt/airflow/dags/metar_pipeline_dag.py
[2025-12-04T11:46:38.671+0000] {processor.py:830} INFO - Processing file /opt/airflow/dags/metar_pipeline_dag.py for tasks to queue
[2025-12-04T11:46:38.673+0000] {logging_mixin.py:188} INFO - [2025-12-04T11:46:38.672+0000] {dagbag.py:545} INFO - Filling up the DagBag from /opt/airflow/dags/metar_pipeline_dag.py
[2025-12-04T11:46:38.691+0000] {processor.py:840} INFO - DAG(s) 'metar_pipeline' retrieved from /opt/airflow/dags/metar_pipeline_dag.py
[2025-12-04T11:46:38.852+0000] {logging_mixin.py:188} INFO - [2025-12-04T11:46:38.852+0000] {dag.py:3089} INFO - Sync 1 DAGs
[2025-12-04T11:46:38.871+0000] {logging_mixin.py:188} INFO - [2025-12-04T11:46:38.871+0000] {dag.py:3947} INFO - Setting next_dagrun for metar_pipeline to 2025-12-04 11:30:00+00:00, run_after=2025-12-04 12:00:00+00:00
[2025-12-04T11:46:38.890+0000] {processor.py:183} INFO - Processing /opt/airflow/dags/metar_pipeline_dag.py took 0.226 seconds
[2025-12-04T11:47:09.193+0000] {processor.py:161} INFO - Started process (PID=40) to work on /opt/airflow/dags/metar_pipeline_dag.py
[2025-12-04T11:47:09.194+0000] {processor.py:830} INFO - Processing file /opt/airflow/dags/metar_pipeline_dag.py for tasks to queue
[2025-12-04T11:47:09.195+0000] {logging_mixin.py:188} INFO - [2025-12-04T11:47:09.195+0000] {dagbag.py:545} INFO - Filling up the DagBag from /opt/airflow/dags/metar_pipeline_dag.py
[2025-12-04T11:47:09.209+0000] {processor.py:840} INFO - DAG(s) 'metar_pipeline' retrieved from /opt/airflow/dags/metar_pipeline_dag.py
[2025-12-04T11:47:09.243+0000] {logging_mixin.py:188} INFO - [2025-12-04T11:47:09.243+0000] {dag.py:3089} INFO - Sync 1 DAGs
[2025-12-04T11:47:09.262+0000] {logging_mixin.py:188} INFO - [2025-12-04T11:47:09.262+0000] {dag.py:3947} INFO - Setting next_dagrun for metar_pipeline to 2025-12-04 11:30:00+00:00, run_after=2025-12-04 12:00:00+00:00
[2025-12-04T11:47:09.290+0000] {processor.py:183} INFO - Processing /opt/airflow/dags/metar_pipeline_dag.py took 0.242 seconds
[2025-12-04T11:47:39.542+0000] {processor.py:161} INFO - Started process (PID=41) to work on /opt/airflow/dags/metar_pipeline_dag.py
[2025-12-04T11:47:39.543+0000] {processor.py:830} INFO - Processing file /opt/airflow/dags/metar_pipeline_dag.py for tasks to queue
[2025-12-04T11:47:39.545+0000] {logging_mixin.py:188} INFO - [2025-12-04T11:47:39.545+0000] {dagbag.py:545} INFO - Filling up the DagBag from /opt/airflow/dags/metar_pipeline_dag.py
[2025-12-04T11:47:39.566+0000] {processor.py:840} INFO - DAG(s) 'metar_pipeline' retrieved from /opt/airflow/dags/metar_pipeline_dag.py
[2025-12-04T11:47:39.608+0000] {logging_mixin.py:188} INFO - [2025-12-04T11:47:39.607+0000] {dag.py:3089} INFO - Sync 1 DAGs
[2025-12-04T11:47:39.633+0000] {logging_mixin.py:188} INFO - [2025-12-04T11:47:39.633+0000] {dag.py:3947} INFO - Setting next_dagrun for metar_pipeline to 2025-12-04 11:30:00+00:00, run_after=2025-12-04 12:00:00+00:00
[2025-12-04T11:47:39.656+0000] {processor.py:183} INFO - Processing /opt/airflow/dags/metar_pipeline_dag.py took 0.121 seconds
[2025-12-04T11:48:09.834+0000] {processor.py:161} INFO - Started process (PID=42) to work on /opt/airflow/dags/metar_pipeline_dag.py
[2025-12-04T11:48:09.836+0000] {processor.py:830} INFO - Processing file /opt/airflow/dags/metar_pipeline_dag.py for tasks to queue
[2025-12-04T11:48:09.839+0000] {logging_mixin.py:188} INFO - [2025-12-04T11:48:09.838+0000] {dagbag.py:545} INFO - Filling up the DagBag from /opt/airflow/dags/metar_pipeline_dag.py
[2025-12-04T11:48:09.863+0000] {processor.py:840} INFO - DAG(s) 'metar_pipeline' retrieved from /opt/airflow/dags/metar_pipeline_dag.py
[2025-12-04T11:48:09.938+0000] {logging_mixin.py:188} INFO - [2025-12-04T11:48:09.938+0000] {dag.py:3089} INFO - Sync 1 DAGs
[2025-12-04T11:48:09.968+0000] {logging_mixin.py:188} INFO - [2025-12-04T11:48:09.968+0000] {dag.py:3947} INFO - Setting next_dagrun for metar_pipeline to 2025-12-04 11:30:00+00:00, run_after=2025-12-04 12:00:00+00:00
[2025-12-04T11:48:10.006+0000] {processor.py:183} INFO - Processing /opt/airflow/dags/metar_pipeline_dag.py took 0.182 seconds
[2025-12-04T11:48:40.193+0000] {processor.py:161} INFO - Started process (PID=43) to work on /opt/airflow/dags/metar_pipeline_dag.py
[2025-12-04T11:48:40.194+0000] {processor.py:830} INFO - Processing file /opt/airflow/dags/metar_pipeline_dag.py for tasks to queue
[2025-12-04T11:48:40.196+0000] {logging_mixin.py:188} INFO - [2025-12-04T11:48:40.195+0000] {dagbag.py:545} INFO - Filling up the DagBag from /opt/airflow/dags/metar_pipeline_dag.py
[2025-12-04T11:48:40.214+0000] {processor.py:840} INFO - DAG(s) 'metar_pipeline' retrieved from /opt/airflow/dags/metar_pipeline_dag.py
[2025-12-04T11:48:40.281+0000] {logging_mixin.py:188} INFO - [2025-12-04T11:48:40.281+0000] {dag.py:3089} INFO - Sync 1 DAGs
[2025-12-04T11:48:40.341+0000] {logging_mixin.py:188} INFO - [2025-12-04T11:48:40.340+0000] {dag.py:3947} INFO - Setting next_dagrun for metar_pipeline to 2025-12-04 11:30:00+00:00, run_after=2025-12-04 12:00:00+00:00
[2025-12-04T11:48:40.375+0000] {processor.py:183} INFO - Processing /opt/airflow/dags/metar_pipeline_dag.py took 0.189 seconds
[2025-12-04T11:49:10.521+0000] {processor.py:161} INFO - Started process (PID=44) to work on /opt/airflow/dags/metar_pipeline_dag.py
[2025-12-04T11:49:10.522+0000] {processor.py:830} INFO - Processing file /opt/airflow/dags/metar_pipeline_dag.py for tasks to queue
[2025-12-04T11:49:10.525+0000] {logging_mixin.py:188} INFO - [2025-12-04T11:49:10.524+0000] {dagbag.py:545} INFO - Filling up the DagBag from /opt/airflow/dags/metar_pipeline_dag.py
[2025-12-04T11:49:10.547+0000] {processor.py:840} INFO - DAG(s) 'metar_pipeline' retrieved from /opt/airflow/dags/metar_pipeline_dag.py
[2025-12-04T11:49:10.595+0000] {logging_mixin.py:188} INFO - [2025-12-04T11:49:10.594+0000] {dag.py:3089} INFO - Sync 1 DAGs
[2025-12-04T11:49:10.621+0000] {logging_mixin.py:188} INFO - [2025-12-04T11:49:10.621+0000] {dag.py:3947} INFO - Setting next_dagrun for metar_pipeline to 2025-12-04 11:30:00+00:00, run_after=2025-12-04 12:00:00+00:00
[2025-12-04T11:49:10.643+0000] {processor.py:183} INFO - Processing /opt/airflow/dags/metar_pipeline_dag.py took 0.128 seconds
[2025-12-04T11:49:40.779+0000] {processor.py:161} INFO - Started process (PID=45) to work on /opt/airflow/dags/metar_pipeline_dag.py
[2025-12-04T11:49:40.780+0000] {processor.py:830} INFO - Processing file /opt/airflow/dags/metar_pipeline_dag.py for tasks to queue
[2025-12-04T11:49:40.782+0000] {logging_mixin.py:188} INFO - [2025-12-04T11:49:40.781+0000] {dagbag.py:545} INFO - Filling up the DagBag from /opt/airflow/dags/metar_pipeline_dag.py
[2025-12-04T11:49:40.801+0000] {processor.py:840} INFO - DAG(s) 'metar_pipeline' retrieved from /opt/airflow/dags/metar_pipeline_dag.py
[2025-12-04T11:49:40.845+0000] {logging_mixin.py:188} INFO - [2025-12-04T11:49:40.845+0000] {dag.py:3089} INFO - Sync 1 DAGs
[2025-12-04T11:49:40.874+0000] {logging_mixin.py:188} INFO - [2025-12-04T11:49:40.874+0000] {dag.py:3947} INFO - Setting next_dagrun for metar_pipeline to 2025-12-04 11:30:00+00:00, run_after=2025-12-04 12:00:00+00:00
[2025-12-04T11:49:40.927+0000] {processor.py:183} INFO - Processing /opt/airflow/dags/metar_pipeline_dag.py took 0.155 seconds
[2025-12-04T11:50:11.079+0000] {processor.py:161} INFO - Started process (PID=46) to work on /opt/airflow/dags/metar_pipeline_dag.py
[2025-12-04T11:50:11.080+0000] {processor.py:830} INFO - Processing file /opt/airflow/dags/metar_pipeline_dag.py for tasks to queue
[2025-12-04T11:50:11.082+0000] {logging_mixin.py:188} INFO - [2025-12-04T11:50:11.082+0000] {dagbag.py:545} INFO - Filling up the DagBag from /opt/airflow/dags/metar_pipeline_dag.py
[2025-12-04T11:50:11.101+0000] {processor.py:840} INFO - DAG(s) 'metar_pipeline' retrieved from /opt/airflow/dags/metar_pipeline_dag.py
[2025-12-04T11:50:11.146+0000] {logging_mixin.py:188} INFO - [2025-12-04T11:50:11.145+0000] {dag.py:3089} INFO - Sync 1 DAGs
[2025-12-04T11:50:11.177+0000] {logging_mixin.py:188} INFO - [2025-12-04T11:50:11.177+0000] {dag.py:3947} INFO - Setting next_dagrun for metar_pipeline to 2025-12-04 11:30:00+00:00, run_after=2025-12-04 12:00:00+00:00
[2025-12-04T11:50:11.203+0000] {processor.py:183} INFO - Processing /opt/airflow/dags/metar_pipeline_dag.py took 0.129 seconds
[2025-12-04T11:50:41.415+0000] {processor.py:161} INFO - Started process (PID=47) to work on /opt/airflow/dags/metar_pipeline_dag.py
[2025-12-04T11:50:41.416+0000] {processor.py:830} INFO - Processing file /opt/airflow/dags/metar_pipeline_dag.py for tasks to queue
[2025-12-04T11:50:41.418+0000] {logging_mixin.py:188} INFO - [2025-12-04T11:50:41.418+0000] {dagbag.py:545} INFO - Filling up the DagBag from /opt/airflow/dags/metar_pipeline_dag.py
[2025-12-04T11:50:41.439+0000] {processor.py:840} INFO - DAG(s) 'metar_pipeline' retrieved from /opt/airflow/dags/metar_pipeline_dag.py
[2025-12-04T11:50:41.486+0000] {logging_mixin.py:188} INFO - [2025-12-04T11:50:41.486+0000] {dag.py:3089} INFO - Sync 1 DAGs
[2025-12-04T11:50:41.513+0000] {logging_mixin.py:188} INFO - [2025-12-04T11:50:41.512+0000] {dag.py:3947} INFO - Setting next_dagrun for metar_pipeline to 2025-12-04 11:30:00+00:00, run_after=2025-12-04 12:00:00+00:00
[2025-12-04T11:50:41.537+0000] {processor.py:183} INFO - Processing /opt/airflow/dags/metar_pipeline_dag.py took 0.130 seconds
[2025-12-04T11:51:11.586+0000] {processor.py:161} INFO - Started process (PID=48) to work on /opt/airflow/dags/metar_pipeline_dag.py
[2025-12-04T11:51:11.587+0000] {processor.py:830} INFO - Processing file /opt/airflow/dags/metar_pipeline_dag.py for tasks to queue
[2025-12-04T11:51:11.588+0000] {logging_mixin.py:188} INFO - [2025-12-04T11:51:11.588+0000] {dagbag.py:545} INFO - Filling up the DagBag from /opt/airflow/dags/metar_pipeline_dag.py
[2025-12-04T11:51:11.610+0000] {processor.py:840} INFO - DAG(s) 'metar_pipeline' retrieved from /opt/airflow/dags/metar_pipeline_dag.py
[2025-12-04T11:51:11.665+0000] {logging_mixin.py:188} INFO - [2025-12-04T11:51:11.665+0000] {dag.py:3089} INFO - Sync 1 DAGs
[2025-12-04T11:51:11.695+0000] {logging_mixin.py:188} INFO - [2025-12-04T11:51:11.695+0000] {dag.py:3947} INFO - Setting next_dagrun for metar_pipeline to 2025-12-04 11:30:00+00:00, run_after=2025-12-04 12:00:00+00:00
[2025-12-04T11:51:11.717+0000] {processor.py:183} INFO - Processing /opt/airflow/dags/metar_pipeline_dag.py took 0.137 seconds
[2025-12-04T11:51:41.817+0000] {processor.py:161} INFO - Started process (PID=49) to work on /opt/airflow/dags/metar_pipeline_dag.py
[2025-12-04T11:51:41.818+0000] {processor.py:830} INFO - Processing file /opt/airflow/dags/metar_pipeline_dag.py for tasks to queue
[2025-12-04T11:51:41.819+0000] {logging_mixin.py:188} INFO - [2025-12-04T11:51:41.819+0000] {dagbag.py:545} INFO - Filling up the DagBag from /opt/airflow/dags/metar_pipeline_dag.py
[2025-12-04T11:51:41.838+0000] {processor.py:840} INFO - DAG(s) 'metar_pipeline' retrieved from /opt/airflow/dags/metar_pipeline_dag.py
[2025-12-04T11:51:41.879+0000] {logging_mixin.py:188} INFO - [2025-12-04T11:51:41.879+0000] {dag.py:3089} INFO - Sync 1 DAGs
[2025-12-04T11:51:41.904+0000] {logging_mixin.py:188} INFO - [2025-12-04T11:51:41.904+0000] {dag.py:3947} INFO - Setting next_dagrun for metar_pipeline to 2025-12-04 11:30:00+00:00, run_after=2025-12-04 12:00:00+00:00
[2025-12-04T11:51:41.926+0000] {processor.py:183} INFO - Processing /opt/airflow/dags/metar_pipeline_dag.py took 0.115 seconds
[2025-12-04T11:52:11.980+0000] {processor.py:161} INFO - Started process (PID=50) to work on /opt/airflow/dags/metar_pipeline_dag.py
[2025-12-04T11:52:11.981+0000] {processor.py:830} INFO - Processing file /opt/airflow/dags/metar_pipeline_dag.py for tasks to queue
[2025-12-04T11:52:11.983+0000] {logging_mixin.py:188} INFO - [2025-12-04T11:52:11.982+0000] {dagbag.py:545} INFO - Filling up the DagBag from /opt/airflow/dags/metar_pipeline_dag.py
[2025-12-04T11:52:12.001+0000] {processor.py:840} INFO - DAG(s) 'metar_pipeline' retrieved from /opt/airflow/dags/metar_pipeline_dag.py
[2025-12-04T11:52:12.043+0000] {logging_mixin.py:188} INFO - [2025-12-04T11:52:12.043+0000] {dag.py:3089} INFO - Sync 1 DAGs
[2025-12-04T11:52:12.068+0000] {logging_mixin.py:188} INFO - [2025-12-04T11:52:12.067+0000] {dag.py:3947} INFO - Setting next_dagrun for metar_pipeline to 2025-12-04 11:30:00+00:00, run_after=2025-12-04 12:00:00+00:00
[2025-12-04T11:52:12.110+0000] {processor.py:183} INFO - Processing /opt/airflow/dags/metar_pipeline_dag.py took 0.136 seconds
[2025-12-04T11:52:42.269+0000] {processor.py:161} INFO - Started process (PID=51) to work on /opt/airflow/dags/metar_pipeline_dag.py
[2025-12-04T11:52:42.695+0000] {processor.py:830} INFO - Processing file /opt/airflow/dags/metar_pipeline_dag.py for tasks to queue
[2025-12-04T11:52:42.697+0000] {logging_mixin.py:188} INFO - [2025-12-04T11:52:42.697+0000] {dagbag.py:545} INFO - Filling up the DagBag from /opt/airflow/dags/metar_pipeline_dag.py
[2025-12-04T11:52:42.717+0000] {processor.py:840} INFO - DAG(s) 'metar_pipeline' retrieved from /opt/airflow/dags/metar_pipeline_dag.py
[2025-12-04T11:52:42.761+0000] {logging_mixin.py:188} INFO - [2025-12-04T11:52:42.761+0000] {dag.py:3089} INFO - Sync 1 DAGs
[2025-12-04T11:52:42.785+0000] {logging_mixin.py:188} INFO - [2025-12-04T11:52:42.785+0000] {dag.py:3947} INFO - Setting next_dagrun for metar_pipeline to 2025-12-04 11:30:00+00:00, run_after=2025-12-04 12:00:00+00:00
[2025-12-04T11:52:43.289+0000] {processor.py:183} INFO - Processing /opt/airflow/dags/metar_pipeline_dag.py took 1.030 seconds
[2025-12-04T11:53:13.415+0000] {processor.py:161} INFO - Started process (PID=52) to work on /opt/airflow/dags/metar_pipeline_dag.py
[2025-12-04T11:53:13.416+0000] {processor.py:830} INFO - Processing file /opt/airflow/dags/metar_pipeline_dag.py for tasks to queue
[2025-12-04T11:53:13.417+0000] {logging_mixin.py:188} INFO - [2025-12-04T11:53:13.417+0000] {dagbag.py:545} INFO - Filling up the DagBag from /opt/airflow/dags/metar_pipeline_dag.py
[2025-12-04T11:53:13.446+0000] {processor.py:840} INFO - DAG(s) 'metar_pipeline' retrieved from /opt/airflow/dags/metar_pipeline_dag.py
[2025-12-04T11:53:13.490+0000] {logging_mixin.py:188} INFO - [2025-12-04T11:53:13.490+0000] {dag.py:3089} INFO - Sync 1 DAGs
[2025-12-04T11:53:13.519+0000] {logging_mixin.py:188} INFO - [2025-12-04T11:53:13.519+0000] {dag.py:3947} INFO - Setting next_dagrun for metar_pipeline to 2025-12-04 11:30:00+00:00, run_after=2025-12-04 12:00:00+00:00
[2025-12-04T11:53:13.565+0000] {processor.py:183} INFO - Processing /opt/airflow/dags/metar_pipeline_dag.py took 0.155 seconds
[2025-12-04T11:53:43.711+0000] {processor.py:161} INFO - Started process (PID=53) to work on /opt/airflow/dags/metar_pipeline_dag.py
[2025-12-04T11:53:43.712+0000] {processor.py:830} INFO - Processing file /opt/airflow/dags/metar_pipeline_dag.py for tasks to queue
[2025-12-04T11:53:43.714+0000] {logging_mixin.py:188} INFO - [2025-12-04T11:53:43.713+0000] {dagbag.py:545} INFO - Filling up the DagBag from /opt/airflow/dags/metar_pipeline_dag.py
[2025-12-04T11:53:43.732+0000] {processor.py:840} INFO - DAG(s) 'metar_pipeline' retrieved from /opt/airflow/dags/metar_pipeline_dag.py
[2025-12-04T11:53:43.774+0000] {logging_mixin.py:188} INFO - [2025-12-04T11:53:43.774+0000] {dag.py:3089} INFO - Sync 1 DAGs
[2025-12-04T11:53:43.798+0000] {logging_mixin.py:188} INFO - [2025-12-04T11:53:43.798+0000] {dag.py:3947} INFO - Setting next_dagrun for metar_pipeline to 2025-12-04 11:30:00+00:00, run_after=2025-12-04 12:00:00+00:00
[2025-12-04T11:53:43.847+0000] {processor.py:183} INFO - Processing /opt/airflow/dags/metar_pipeline_dag.py took 0.142 seconds
[2025-12-04T11:54:13.997+0000] {processor.py:161} INFO - Started process (PID=54) to work on /opt/airflow/dags/metar_pipeline_dag.py
[2025-12-04T11:54:13.998+0000] {processor.py:830} INFO - Processing file /opt/airflow/dags/metar_pipeline_dag.py for tasks to queue
[2025-12-04T11:54:14.001+0000] {logging_mixin.py:188} INFO - [2025-12-04T11:54:14.001+0000] {dagbag.py:545} INFO - Filling up the DagBag from /opt/airflow/dags/metar_pipeline_dag.py
[2025-12-04T11:54:14.023+0000] {processor.py:840} INFO - DAG(s) 'metar_pipeline' retrieved from /opt/airflow/dags/metar_pipeline_dag.py
[2025-12-04T11:54:14.069+0000] {logging_mixin.py:188} INFO - [2025-12-04T11:54:14.068+0000] {dag.py:3089} INFO - Sync 1 DAGs
[2025-12-04T11:54:14.095+0000] {logging_mixin.py:188} INFO - [2025-12-04T11:54:14.095+0000] {dag.py:3947} INFO - Setting next_dagrun for metar_pipeline to 2025-12-04 11:30:00+00:00, run_after=2025-12-04 12:00:00+00:00
[2025-12-04T11:54:14.136+0000] {processor.py:183} INFO - Processing /opt/airflow/dags/metar_pipeline_dag.py took 0.146 seconds
[2025-12-04T11:54:44.293+0000] {processor.py:161} INFO - Started process (PID=55) to work on /opt/airflow/dags/metar_pipeline_dag.py
[2025-12-04T11:54:44.294+0000] {processor.py:830} INFO - Processing file /opt/airflow/dags/metar_pipeline_dag.py for tasks to queue
[2025-12-04T11:54:44.296+0000] {logging_mixin.py:188} INFO - [2025-12-04T11:54:44.296+0000] {dagbag.py:545} INFO - Filling up the DagBag from /opt/airflow/dags/metar_pipeline_dag.py
[2025-12-04T11:54:44.315+0000] {processor.py:840} INFO - DAG(s) 'metar_pipeline' retrieved from /opt/airflow/dags/metar_pipeline_dag.py
[2025-12-04T11:54:44.359+0000] {logging_mixin.py:188} INFO - [2025-12-04T11:54:44.359+0000] {dag.py:3089} INFO - Sync 1 DAGs
[2025-12-04T11:54:44.383+0000] {logging_mixin.py:188} INFO - [2025-12-04T11:54:44.383+0000] {dag.py:3947} INFO - Setting next_dagrun for metar_pipeline to 2025-12-04 11:30:00+00:00, run_after=2025-12-04 12:00:00+00:00
[2025-12-04T11:54:44.429+0000] {processor.py:183} INFO - Processing /opt/airflow/dags/metar_pipeline_dag.py took 0.141 seconds
[2025-12-04T11:55:14.589+0000] {processor.py:161} INFO - Started process (PID=56) to work on /opt/airflow/dags/metar_pipeline_dag.py
[2025-12-04T11:55:14.590+0000] {processor.py:830} INFO - Processing file /opt/airflow/dags/metar_pipeline_dag.py for tasks to queue
[2025-12-04T11:55:14.592+0000] {logging_mixin.py:188} INFO - [2025-12-04T11:55:14.592+0000] {dagbag.py:545} INFO - Filling up the DagBag from /opt/airflow/dags/metar_pipeline_dag.py
[2025-12-04T11:55:14.611+0000] {processor.py:840} INFO - DAG(s) 'metar_pipeline' retrieved from /opt/airflow/dags/metar_pipeline_dag.py
[2025-12-04T11:55:14.654+0000] {logging_mixin.py:188} INFO - [2025-12-04T11:55:14.654+0000] {dag.py:3089} INFO - Sync 1 DAGs
[2025-12-04T11:55:14.678+0000] {logging_mixin.py:188} INFO - [2025-12-04T11:55:14.678+0000] {dag.py:3947} INFO - Setting next_dagrun for metar_pipeline to 2025-12-04 11:30:00+00:00, run_after=2025-12-04 12:00:00+00:00
[2025-12-04T11:55:14.700+0000] {processor.py:183} INFO - Processing /opt/airflow/dags/metar_pipeline_dag.py took 0.117 seconds
[2025-12-04T11:55:44.763+0000] {processor.py:161} INFO - Started process (PID=57) to work on /opt/airflow/dags/metar_pipeline_dag.py
[2025-12-04T11:55:44.764+0000] {processor.py:830} INFO - Processing file /opt/airflow/dags/metar_pipeline_dag.py for tasks to queue
[2025-12-04T11:55:44.767+0000] {logging_mixin.py:188} INFO - [2025-12-04T11:55:44.766+0000] {dagbag.py:545} INFO - Filling up the DagBag from /opt/airflow/dags/metar_pipeline_dag.py
[2025-12-04T11:55:44.785+0000] {processor.py:840} INFO - DAG(s) 'metar_pipeline' retrieved from /opt/airflow/dags/metar_pipeline_dag.py
[2025-12-04T11:55:44.826+0000] {logging_mixin.py:188} INFO - [2025-12-04T11:55:44.826+0000] {dag.py:3089} INFO - Sync 1 DAGs
[2025-12-04T11:55:44.849+0000] {logging_mixin.py:188} INFO - [2025-12-04T11:55:44.848+0000] {dag.py:3947} INFO - Setting next_dagrun for metar_pipeline to 2025-12-04 11:30:00+00:00, run_after=2025-12-04 12:00:00+00:00
[2025-12-04T11:55:44.875+0000] {processor.py:183} INFO - Processing /opt/airflow/dags/metar_pipeline_dag.py took 0.117 seconds
[2025-12-04T11:56:15.020+0000] {processor.py:161} INFO - Started process (PID=58) to work on /opt/airflow/dags/metar_pipeline_dag.py
[2025-12-04T11:56:15.021+0000] {processor.py:830} INFO - Processing file /opt/airflow/dags/metar_pipeline_dag.py for tasks to queue
[2025-12-04T11:56:15.022+0000] {logging_mixin.py:188} INFO - [2025-12-04T11:56:15.022+0000] {dagbag.py:545} INFO - Filling up the DagBag from /opt/airflow/dags/metar_pipeline_dag.py
[2025-12-04T11:56:15.041+0000] {processor.py:840} INFO - DAG(s) 'metar_pipeline' retrieved from /opt/airflow/dags/metar_pipeline_dag.py
[2025-12-04T11:56:15.083+0000] {logging_mixin.py:188} INFO - [2025-12-04T11:56:15.083+0000] {dag.py:3089} INFO - Sync 1 DAGs
[2025-12-04T11:56:15.109+0000] {logging_mixin.py:188} INFO - [2025-12-04T11:56:15.109+0000] {dag.py:3947} INFO - Setting next_dagrun for metar_pipeline to 2025-12-04 11:30:00+00:00, run_after=2025-12-04 12:00:00+00:00
[2025-12-04T11:56:15.141+0000] {processor.py:183} INFO - Processing /opt/airflow/dags/metar_pipeline_dag.py took 0.129 seconds
