[2025-12-01T20:12:41.246+0000] {local_task_job_runner.py:120} INFO - ::group::Pre task execution logs
[2025-12-01T20:12:41.287+0000] {taskinstance.py:2076} INFO - Dependencies all met for dep_context=non-requeueable deps ti=<TaskInstance: metar_pipeline.mongo_to_postgres manual__2025-12-01T20:12:36.344315+00:00 [queued]>
[2025-12-01T20:12:41.293+0000] {taskinstance.py:2076} INFO - Dependencies all met for dep_context=requeueable deps ti=<TaskInstance: metar_pipeline.mongo_to_postgres manual__2025-12-01T20:12:36.344315+00:00 [queued]>
[2025-12-01T20:12:41.294+0000] {taskinstance.py:2306} INFO - Starting attempt 1 of 2
[2025-12-01T20:12:41.306+0000] {taskinstance.py:2330} INFO - Executing <Task(BashOperator): mongo_to_postgres> on 2025-12-01 20:12:36.344315+00:00
[2025-12-01T20:12:41.313+0000] {standard_task_runner.py:64} INFO - Started process 122 to run task
[2025-12-01T20:12:41.316+0000] {standard_task_runner.py:90} INFO - Running: ['***', 'tasks', 'run', 'metar_pipeline', 'mongo_to_postgres', 'manual__2025-12-01T20:12:36.344315+00:00', '--job-id', '21', '--raw', '--subdir', 'DAGS_FOLDER/metar_pipeline_dag.py', '--cfg-path', '/tmp/tmps_4gp_ux']
[2025-12-01T20:12:41.317+0000] {standard_task_runner.py:91} INFO - Job 21: Subtask mongo_to_postgres
[2025-12-01T20:12:41.413+0000] {task_command.py:426} INFO - Running <TaskInstance: metar_pipeline.mongo_to_postgres manual__2025-12-01T20:12:36.344315+00:00 [running]> on host 9f9c41ae27c2
[2025-12-01T20:12:41.578+0000] {taskinstance.py:2648} INFO - Exporting env vars: AIRFLOW_CTX_DAG_OWNER='***' AIRFLOW_CTX_DAG_ID='metar_pipeline' AIRFLOW_CTX_TASK_ID='mongo_to_postgres' AIRFLOW_CTX_EXECUTION_DATE='2025-12-01T20:12:36.344315+00:00' AIRFLOW_CTX_TRY_NUMBER='1' AIRFLOW_CTX_DAG_RUN_ID='manual__2025-12-01T20:12:36.344315+00:00'
[2025-12-01T20:12:41.579+0000] {taskinstance.py:430} INFO - ::endgroup::
[2025-12-01T20:12:41.589+0000] {subprocess.py:63} INFO - Tmp dir root location: /tmp
[2025-12-01T20:12:41.591+0000] {subprocess.py:75} INFO - Running command: ['/usr/bin/bash', '-c', 'pip install --quiet pymongo python-dotenv requests psycopg2-binary && export PYTHONPATH="/opt/metar-pipeline"; python /opt/metar-pipeline/src/etl/mongo_to_postgres.py']
[2025-12-01T20:12:41.605+0000] {subprocess.py:86} INFO - Output:
[2025-12-01T20:12:42.598+0000] {subprocess.py:93} INFO - 
[2025-12-01T20:12:42.599+0000] {subprocess.py:93} INFO - [notice] A new release of pip is available: 24.2 -> 25.3
[2025-12-01T20:12:42.599+0000] {subprocess.py:93} INFO - [notice] To update, run: pip install --upgrade pip
[2025-12-01T20:12:43.226+0000] {subprocess.py:93} INFO - Прочитано из Mongo документов: 54
[2025-12-01T20:12:43.227+0000] {subprocess.py:93} INFO - Подготовлено строк для вставки в Postgres: 54
[2025-12-01T20:12:43.227+0000] {subprocess.py:93} INFO - Проверка / создание таблицы metar_observations выполнена.
[2025-12-01T20:12:43.228+0000] {subprocess.py:93} INFO - Вставлено строк в Postgres: 54
[2025-12-01T20:12:43.228+0000] {subprocess.py:93} INFO - EL Mongo -> Postgres завершён успешно.
[2025-12-01T20:12:43.718+0000] {subprocess.py:97} INFO - Command exited with return code 0
[2025-12-01T20:12:43.719+0000] {taskinstance.py:441} INFO - ::group::Post task execution logs
[2025-12-01T20:12:43.788+0000] {taskinstance.py:1206} INFO - Marking task as SUCCESS. dag_id=metar_pipeline, task_id=mongo_to_postgres, run_id=manual__2025-12-01T20:12:36.344315+00:00, execution_date=20251201T201236, start_date=20251201T201241, end_date=20251201T201243
[2025-12-01T20:12:43.815+0000] {local_task_job_runner.py:243} INFO - Task exited with return code 0
[2025-12-01T20:12:43.852+0000] {taskinstance.py:3503} INFO - 0 downstream tasks scheduled from follow-on schedule check
[2025-12-01T20:12:43.856+0000] {local_task_job_runner.py:222} INFO - ::endgroup::
