[2025-12-01T20:18:06.611+0000] {local_task_job_runner.py:120} INFO - ::group::Pre task execution logs
[2025-12-01T20:18:06.653+0000] {taskinstance.py:2076} INFO - Dependencies all met for dep_context=non-requeueable deps ti=<TaskInstance: metar_pipeline.collect_metar manual__2025-12-01T20:18:05.945085+00:00 [queued]>
[2025-12-01T20:18:06.660+0000] {taskinstance.py:2076} INFO - Dependencies all met for dep_context=requeueable deps ti=<TaskInstance: metar_pipeline.collect_metar manual__2025-12-01T20:18:05.945085+00:00 [queued]>
[2025-12-01T20:18:06.660+0000] {taskinstance.py:2306} INFO - Starting attempt 1 of 2
[2025-12-01T20:18:06.675+0000] {taskinstance.py:2330} INFO - Executing <Task(BashOperator): collect_metar> on 2025-12-01 20:18:05.945085+00:00
[2025-12-01T20:18:06.682+0000] {standard_task_runner.py:64} INFO - Started process 145 to run task
[2025-12-01T20:18:06.685+0000] {standard_task_runner.py:90} INFO - Running: ['***', 'tasks', 'run', 'metar_pipeline', 'collect_metar', 'manual__2025-12-01T20:18:05.945085+00:00', '--job-id', '22', '--raw', '--subdir', 'DAGS_FOLDER/metar_pipeline_dag.py', '--cfg-path', '/tmp/tmpqz_xpjvr']
[2025-12-01T20:18:06.687+0000] {standard_task_runner.py:91} INFO - Job 22: Subtask collect_metar
[2025-12-01T20:18:06.806+0000] {task_command.py:426} INFO - Running <TaskInstance: metar_pipeline.collect_metar manual__2025-12-01T20:18:05.945085+00:00 [running]> on host 9f9c41ae27c2
[2025-12-01T20:18:06.988+0000] {taskinstance.py:2648} INFO - Exporting env vars: AIRFLOW_CTX_DAG_OWNER='***' AIRFLOW_CTX_DAG_ID='metar_pipeline' AIRFLOW_CTX_TASK_ID='collect_metar' AIRFLOW_CTX_EXECUTION_DATE='2025-12-01T20:18:05.945085+00:00' AIRFLOW_CTX_TRY_NUMBER='1' AIRFLOW_CTX_DAG_RUN_ID='manual__2025-12-01T20:18:05.945085+00:00'
[2025-12-01T20:18:06.989+0000] {taskinstance.py:430} INFO - ::endgroup::
[2025-12-01T20:18:07.000+0000] {subprocess.py:63} INFO - Tmp dir root location: /tmp
[2025-12-01T20:18:07.002+0000] {subprocess.py:75} INFO - Running command: ['/usr/bin/bash', '-c', 'pip install --quiet pymongo python-dotenv requests psycopg2-binary && export PYTHONPATH="/opt/metar-pipeline"; python /opt/metar-pipeline/src/collector/main.py']
[2025-12-01T20:18:07.016+0000] {subprocess.py:86} INFO - Output:
[2025-12-01T20:18:08.041+0000] {subprocess.py:93} INFO - 
[2025-12-01T20:18:08.042+0000] {subprocess.py:93} INFO - [notice] A new release of pip is available: 24.2 -> 25.3
[2025-12-01T20:18:08.042+0000] {subprocess.py:93} INFO - [notice] To update, run: pip install --upgrade pip
[2025-12-01T20:18:09.336+0000] {subprocess.py:93} INFO - Вставлено документов в Mongo: 18
[2025-12-01T20:18:09.336+0000] {subprocess.py:93} INFO - Готово, сохранено 18 записей METAR в MongoDB.
[2025-12-01T20:18:09.865+0000] {subprocess.py:97} INFO - Command exited with return code 0
[2025-12-01T20:18:09.866+0000] {taskinstance.py:441} INFO - ::group::Post task execution logs
[2025-12-01T20:18:09.931+0000] {taskinstance.py:1206} INFO - Marking task as SUCCESS. dag_id=metar_pipeline, task_id=collect_metar, run_id=manual__2025-12-01T20:18:05.945085+00:00, execution_date=20251201T201805, start_date=20251201T201806, end_date=20251201T201809
[2025-12-01T20:18:09.987+0000] {local_task_job_runner.py:243} INFO - Task exited with return code 0
[2025-12-01T20:18:10.025+0000] {taskinstance.py:3503} INFO - 1 downstream tasks scheduled from follow-on schedule check
[2025-12-01T20:18:10.029+0000] {local_task_job_runner.py:222} INFO - ::endgroup::
