[2025-12-01T20:26:03.359+0000] {local_task_job_runner.py:120} INFO - ::group::Pre task execution logs
[2025-12-01T20:26:03.404+0000] {taskinstance.py:2076} INFO - Dependencies all met for dep_context=non-requeueable deps ti=<TaskInstance: metar_pipeline.collect_metar manual__2025-12-01T20:26:02.731607+00:00 [queued]>
[2025-12-01T20:26:03.410+0000] {taskinstance.py:2076} INFO - Dependencies all met for dep_context=requeueable deps ti=<TaskInstance: metar_pipeline.collect_metar manual__2025-12-01T20:26:02.731607+00:00 [queued]>
[2025-12-01T20:26:03.411+0000] {taskinstance.py:2306} INFO - Starting attempt 1 of 2
[2025-12-01T20:26:03.424+0000] {taskinstance.py:2330} INFO - Executing <Task(BashOperator): collect_metar> on 2025-12-01 20:26:02.731607+00:00
[2025-12-01T20:26:03.430+0000] {standard_task_runner.py:64} INFO - Started process 191 to run task
[2025-12-01T20:26:03.433+0000] {standard_task_runner.py:90} INFO - Running: ['***', 'tasks', 'run', 'metar_pipeline', 'collect_metar', 'manual__2025-12-01T20:26:02.731607+00:00', '--job-id', '24', '--raw', '--subdir', 'DAGS_FOLDER/metar_pipeline_dag.py', '--cfg-path', '/tmp/tmp5brgh9ge']
[2025-12-01T20:26:03.435+0000] {standard_task_runner.py:91} INFO - Job 24: Subtask collect_metar
[2025-12-01T20:26:03.539+0000] {task_command.py:426} INFO - Running <TaskInstance: metar_pipeline.collect_metar manual__2025-12-01T20:26:02.731607+00:00 [running]> on host 9f9c41ae27c2
[2025-12-01T20:26:03.714+0000] {taskinstance.py:2648} INFO - Exporting env vars: AIRFLOW_CTX_DAG_OWNER='***' AIRFLOW_CTX_DAG_ID='metar_pipeline' AIRFLOW_CTX_TASK_ID='collect_metar' AIRFLOW_CTX_EXECUTION_DATE='2025-12-01T20:26:02.731607+00:00' AIRFLOW_CTX_TRY_NUMBER='1' AIRFLOW_CTX_DAG_RUN_ID='manual__2025-12-01T20:26:02.731607+00:00'
[2025-12-01T20:26:03.715+0000] {taskinstance.py:430} INFO - ::endgroup::
[2025-12-01T20:26:03.729+0000] {subprocess.py:63} INFO - Tmp dir root location: /tmp
[2025-12-01T20:26:03.730+0000] {subprocess.py:75} INFO - Running command: ['/usr/bin/bash', '-c', 'pip install --quiet pymongo python-dotenv requests psycopg2-binary && export PYTHONPATH="/opt/metar-pipeline"; python /opt/metar-pipeline/src/collector/main.py']
[2025-12-01T20:26:03.745+0000] {subprocess.py:86} INFO - Output:
[2025-12-01T20:26:05.447+0000] {subprocess.py:93} INFO - 
[2025-12-01T20:26:05.448+0000] {subprocess.py:93} INFO - [notice] A new release of pip is available: 24.2 -> 25.3
[2025-12-01T20:26:05.448+0000] {subprocess.py:93} INFO - [notice] To update, run: pip install --upgrade pip
[2025-12-01T20:26:06.967+0000] {subprocess.py:93} INFO - Вставлено документов в Mongo: 18
[2025-12-01T20:26:06.967+0000] {subprocess.py:93} INFO - Готово, сохранено 18 записей METAR в MongoDB.
[2025-12-01T20:26:07.495+0000] {subprocess.py:97} INFO - Command exited with return code 0
[2025-12-01T20:26:07.496+0000] {taskinstance.py:441} INFO - ::group::Post task execution logs
[2025-12-01T20:26:07.575+0000] {taskinstance.py:1206} INFO - Marking task as SUCCESS. dag_id=metar_pipeline, task_id=collect_metar, run_id=manual__2025-12-01T20:26:02.731607+00:00, execution_date=20251201T202602, start_date=20251201T202603, end_date=20251201T202607
[2025-12-01T20:26:07.616+0000] {local_task_job_runner.py:243} INFO - Task exited with return code 0
[2025-12-01T20:26:07.654+0000] {taskinstance.py:3503} INFO - 1 downstream tasks scheduled from follow-on schedule check
[2025-12-01T20:26:07.660+0000] {local_task_job_runner.py:222} INFO - ::endgroup::
