[2025-12-01T19:41:48.864+0000] {processor.py:161} INFO - Started process (PID=33) to work on /opt/airflow/dags/metar_pipeline_dag.py
[2025-12-01T19:41:48.865+0000] {processor.py:830} INFO - Processing file /opt/airflow/dags/metar_pipeline_dag.py for tasks to queue
[2025-12-01T19:41:48.867+0000] {logging_mixin.py:188} INFO - [2025-12-01T19:41:48.867+0000] {dagbag.py:545} INFO - Filling up the DagBag from /opt/airflow/dags/metar_pipeline_dag.py
[2025-12-01T19:41:48.922+0000] {processor.py:840} INFO - DAG(s) 'metar_pipeline' retrieved from /opt/airflow/dags/metar_pipeline_dag.py
[2025-12-01T19:41:49.437+0000] {logging_mixin.py:188} INFO - [2025-12-01T19:41:49.437+0000] {dag.py:3089} INFO - Sync 1 DAGs
[2025-12-01T19:41:49.451+0000] {logging_mixin.py:188} INFO - [2025-12-01T19:41:49.451+0000] {dag.py:3111} INFO - Creating ORM DAG for metar_pipeline
[2025-12-01T19:41:49.462+0000] {logging_mixin.py:188} INFO - [2025-12-01T19:41:49.462+0000] {dag.py:3947} INFO - Setting next_dagrun for metar_pipeline to 2025-12-01 19:00:00+00:00, run_after=2025-12-01 19:30:00+00:00
[2025-12-01T19:41:49.484+0000] {processor.py:183} INFO - Processing /opt/airflow/dags/metar_pipeline_dag.py took 0.627 seconds
[2025-12-01T19:42:19.652+0000] {processor.py:161} INFO - Started process (PID=34) to work on /opt/airflow/dags/metar_pipeline_dag.py
[2025-12-01T19:42:19.653+0000] {processor.py:830} INFO - Processing file /opt/airflow/dags/metar_pipeline_dag.py for tasks to queue
[2025-12-01T19:42:19.655+0000] {logging_mixin.py:188} INFO - [2025-12-01T19:42:19.654+0000] {dagbag.py:545} INFO - Filling up the DagBag from /opt/airflow/dags/metar_pipeline_dag.py
[2025-12-01T19:42:19.675+0000] {processor.py:840} INFO - DAG(s) 'metar_pipeline' retrieved from /opt/airflow/dags/metar_pipeline_dag.py
[2025-12-01T19:42:19.723+0000] {logging_mixin.py:188} INFO - [2025-12-01T19:42:19.723+0000] {dag.py:3089} INFO - Sync 1 DAGs
[2025-12-01T19:42:19.895+0000] {logging_mixin.py:188} INFO - [2025-12-01T19:42:19.895+0000] {dag.py:3947} INFO - Setting next_dagrun for metar_pipeline to 2025-12-01 19:00:00+00:00, run_after=2025-12-01 19:30:00+00:00
[2025-12-01T19:42:19.919+0000] {processor.py:183} INFO - Processing /opt/airflow/dags/metar_pipeline_dag.py took 0.273 seconds
[2025-12-01T19:42:50.065+0000] {processor.py:161} INFO - Started process (PID=39) to work on /opt/airflow/dags/metar_pipeline_dag.py
[2025-12-01T19:42:50.066+0000] {processor.py:830} INFO - Processing file /opt/airflow/dags/metar_pipeline_dag.py for tasks to queue
[2025-12-01T19:42:50.068+0000] {logging_mixin.py:188} INFO - [2025-12-01T19:42:50.067+0000] {dagbag.py:545} INFO - Filling up the DagBag from /opt/airflow/dags/metar_pipeline_dag.py
[2025-12-01T19:42:50.086+0000] {processor.py:840} INFO - DAG(s) 'metar_pipeline' retrieved from /opt/airflow/dags/metar_pipeline_dag.py
[2025-12-01T19:42:50.261+0000] {logging_mixin.py:188} INFO - [2025-12-01T19:42:50.261+0000] {dag.py:3089} INFO - Sync 1 DAGs
[2025-12-01T19:42:50.283+0000] {logging_mixin.py:188} INFO - [2025-12-01T19:42:50.282+0000] {dag.py:3947} INFO - Setting next_dagrun for metar_pipeline to 2025-12-01 19:30:00+00:00, run_after=2025-12-01 20:00:00+00:00
[2025-12-01T19:42:50.302+0000] {processor.py:183} INFO - Processing /opt/airflow/dags/metar_pipeline_dag.py took 0.242 seconds
[2025-12-01T19:43:20.612+0000] {processor.py:161} INFO - Started process (PID=40) to work on /opt/airflow/dags/metar_pipeline_dag.py
[2025-12-01T19:43:20.613+0000] {processor.py:830} INFO - Processing file /opt/airflow/dags/metar_pipeline_dag.py for tasks to queue
[2025-12-01T19:43:20.614+0000] {logging_mixin.py:188} INFO - [2025-12-01T19:43:20.614+0000] {dagbag.py:545} INFO - Filling up the DagBag from /opt/airflow/dags/metar_pipeline_dag.py
[2025-12-01T19:43:20.629+0000] {processor.py:840} INFO - DAG(s) 'metar_pipeline' retrieved from /opt/airflow/dags/metar_pipeline_dag.py
[2025-12-01T19:43:20.669+0000] {logging_mixin.py:188} INFO - [2025-12-01T19:43:20.669+0000] {dag.py:3089} INFO - Sync 1 DAGs
[2025-12-01T19:43:20.692+0000] {logging_mixin.py:188} INFO - [2025-12-01T19:43:20.692+0000] {dag.py:3947} INFO - Setting next_dagrun for metar_pipeline to 2025-12-01 19:30:00+00:00, run_after=2025-12-01 20:00:00+00:00
[2025-12-01T19:43:20.713+0000] {processor.py:183} INFO - Processing /opt/airflow/dags/metar_pipeline_dag.py took 0.272 seconds
[2025-12-01T19:43:50.966+0000] {processor.py:161} INFO - Started process (PID=41) to work on /opt/airflow/dags/metar_pipeline_dag.py
[2025-12-01T19:43:50.967+0000] {processor.py:830} INFO - Processing file /opt/airflow/dags/metar_pipeline_dag.py for tasks to queue
[2025-12-01T19:43:50.969+0000] {logging_mixin.py:188} INFO - [2025-12-01T19:43:50.969+0000] {dagbag.py:545} INFO - Filling up the DagBag from /opt/airflow/dags/metar_pipeline_dag.py
[2025-12-01T19:43:50.998+0000] {processor.py:840} INFO - DAG(s) 'metar_pipeline' retrieved from /opt/airflow/dags/metar_pipeline_dag.py
[2025-12-01T19:43:51.044+0000] {logging_mixin.py:188} INFO - [2025-12-01T19:43:51.044+0000] {dag.py:3089} INFO - Sync 1 DAGs
[2025-12-01T19:43:51.069+0000] {logging_mixin.py:188} INFO - [2025-12-01T19:43:51.069+0000] {dag.py:3947} INFO - Setting next_dagrun for metar_pipeline to 2025-12-01 19:30:00+00:00, run_after=2025-12-01 20:00:00+00:00
[2025-12-01T19:43:51.091+0000] {processor.py:183} INFO - Processing /opt/airflow/dags/metar_pipeline_dag.py took 0.132 seconds
[2025-12-01T19:44:21.234+0000] {processor.py:161} INFO - Started process (PID=42) to work on /opt/airflow/dags/metar_pipeline_dag.py
[2025-12-01T19:44:21.235+0000] {processor.py:830} INFO - Processing file /opt/airflow/dags/metar_pipeline_dag.py for tasks to queue
[2025-12-01T19:44:21.237+0000] {logging_mixin.py:188} INFO - [2025-12-01T19:44:21.237+0000] {dagbag.py:545} INFO - Filling up the DagBag from /opt/airflow/dags/metar_pipeline_dag.py
[2025-12-01T19:44:21.258+0000] {processor.py:840} INFO - DAG(s) 'metar_pipeline' retrieved from /opt/airflow/dags/metar_pipeline_dag.py
[2025-12-01T19:44:21.306+0000] {logging_mixin.py:188} INFO - [2025-12-01T19:44:21.306+0000] {dag.py:3089} INFO - Sync 1 DAGs
[2025-12-01T19:44:21.333+0000] {logging_mixin.py:188} INFO - [2025-12-01T19:44:21.333+0000] {dag.py:3947} INFO - Setting next_dagrun for metar_pipeline to 2025-12-01 19:30:00+00:00, run_after=2025-12-01 20:00:00+00:00
[2025-12-01T19:44:21.354+0000] {processor.py:183} INFO - Processing /opt/airflow/dags/metar_pipeline_dag.py took 0.128 seconds
[2025-12-01T19:44:51.495+0000] {processor.py:161} INFO - Started process (PID=43) to work on /opt/airflow/dags/metar_pipeline_dag.py
[2025-12-01T19:44:51.497+0000] {processor.py:830} INFO - Processing file /opt/airflow/dags/metar_pipeline_dag.py for tasks to queue
[2025-12-01T19:44:51.499+0000] {logging_mixin.py:188} INFO - [2025-12-01T19:44:51.499+0000] {dagbag.py:545} INFO - Filling up the DagBag from /opt/airflow/dags/metar_pipeline_dag.py
[2025-12-01T19:44:51.519+0000] {processor.py:840} INFO - DAG(s) 'metar_pipeline' retrieved from /opt/airflow/dags/metar_pipeline_dag.py
[2025-12-01T19:44:51.568+0000] {logging_mixin.py:188} INFO - [2025-12-01T19:44:51.567+0000] {dag.py:3089} INFO - Sync 1 DAGs
[2025-12-01T19:44:51.594+0000] {logging_mixin.py:188} INFO - [2025-12-01T19:44:51.594+0000] {dag.py:3947} INFO - Setting next_dagrun for metar_pipeline to 2025-12-01 19:30:00+00:00, run_after=2025-12-01 20:00:00+00:00
[2025-12-01T19:44:51.617+0000] {processor.py:183} INFO - Processing /opt/airflow/dags/metar_pipeline_dag.py took 0.129 seconds
[2025-12-01T19:45:21.762+0000] {processor.py:161} INFO - Started process (PID=44) to work on /opt/airflow/dags/metar_pipeline_dag.py
[2025-12-01T19:45:21.763+0000] {processor.py:830} INFO - Processing file /opt/airflow/dags/metar_pipeline_dag.py for tasks to queue
[2025-12-01T19:45:21.765+0000] {logging_mixin.py:188} INFO - [2025-12-01T19:45:21.765+0000] {dagbag.py:545} INFO - Filling up the DagBag from /opt/airflow/dags/metar_pipeline_dag.py
[2025-12-01T19:45:21.787+0000] {processor.py:840} INFO - DAG(s) 'metar_pipeline' retrieved from /opt/airflow/dags/metar_pipeline_dag.py
[2025-12-01T19:45:21.836+0000] {logging_mixin.py:188} INFO - [2025-12-01T19:45:21.836+0000] {dag.py:3089} INFO - Sync 1 DAGs
[2025-12-01T19:45:21.863+0000] {logging_mixin.py:188} INFO - [2025-12-01T19:45:21.863+0000] {dag.py:3947} INFO - Setting next_dagrun for metar_pipeline to 2025-12-01 19:30:00+00:00, run_after=2025-12-01 20:00:00+00:00
[2025-12-01T19:45:21.884+0000] {processor.py:183} INFO - Processing /opt/airflow/dags/metar_pipeline_dag.py took 0.128 seconds
[2025-12-01T19:45:52.037+0000] {processor.py:161} INFO - Started process (PID=45) to work on /opt/airflow/dags/metar_pipeline_dag.py
[2025-12-01T19:45:52.038+0000] {processor.py:830} INFO - Processing file /opt/airflow/dags/metar_pipeline_dag.py for tasks to queue
[2025-12-01T19:45:52.039+0000] {logging_mixin.py:188} INFO - [2025-12-01T19:45:52.039+0000] {dagbag.py:545} INFO - Filling up the DagBag from /opt/airflow/dags/metar_pipeline_dag.py
[2025-12-01T19:45:52.060+0000] {processor.py:840} INFO - DAG(s) 'metar_pipeline' retrieved from /opt/airflow/dags/metar_pipeline_dag.py
[2025-12-01T19:45:52.109+0000] {logging_mixin.py:188} INFO - [2025-12-01T19:45:52.108+0000] {dag.py:3089} INFO - Sync 1 DAGs
[2025-12-01T19:45:52.136+0000] {logging_mixin.py:188} INFO - [2025-12-01T19:45:52.136+0000] {dag.py:3947} INFO - Setting next_dagrun for metar_pipeline to 2025-12-01 19:30:00+00:00, run_after=2025-12-01 20:00:00+00:00
[2025-12-01T19:45:52.158+0000] {processor.py:183} INFO - Processing /opt/airflow/dags/metar_pipeline_dag.py took 0.129 seconds
[2025-12-01T19:46:22.298+0000] {processor.py:161} INFO - Started process (PID=46) to work on /opt/airflow/dags/metar_pipeline_dag.py
[2025-12-01T19:46:22.299+0000] {processor.py:830} INFO - Processing file /opt/airflow/dags/metar_pipeline_dag.py for tasks to queue
[2025-12-01T19:46:22.302+0000] {logging_mixin.py:188} INFO - [2025-12-01T19:46:22.302+0000] {dagbag.py:545} INFO - Filling up the DagBag from /opt/airflow/dags/metar_pipeline_dag.py
[2025-12-01T19:46:22.322+0000] {processor.py:840} INFO - DAG(s) 'metar_pipeline' retrieved from /opt/airflow/dags/metar_pipeline_dag.py
[2025-12-01T19:46:22.368+0000] {logging_mixin.py:188} INFO - [2025-12-01T19:46:22.368+0000] {dag.py:3089} INFO - Sync 1 DAGs
[2025-12-01T19:46:22.394+0000] {logging_mixin.py:188} INFO - [2025-12-01T19:46:22.394+0000] {dag.py:3947} INFO - Setting next_dagrun for metar_pipeline to 2025-12-01 19:30:00+00:00, run_after=2025-12-01 20:00:00+00:00
[2025-12-01T19:46:22.421+0000] {processor.py:183} INFO - Processing /opt/airflow/dags/metar_pipeline_dag.py took 0.129 seconds
[2025-12-01T19:46:52.567+0000] {processor.py:161} INFO - Started process (PID=47) to work on /opt/airflow/dags/metar_pipeline_dag.py
[2025-12-01T19:46:52.568+0000] {processor.py:830} INFO - Processing file /opt/airflow/dags/metar_pipeline_dag.py for tasks to queue
[2025-12-01T19:46:52.570+0000] {logging_mixin.py:188} INFO - [2025-12-01T19:46:52.570+0000] {dagbag.py:545} INFO - Filling up the DagBag from /opt/airflow/dags/metar_pipeline_dag.py
[2025-12-01T19:46:52.593+0000] {processor.py:840} INFO - DAG(s) 'metar_pipeline' retrieved from /opt/airflow/dags/metar_pipeline_dag.py
[2025-12-01T19:46:52.648+0000] {logging_mixin.py:188} INFO - [2025-12-01T19:46:52.648+0000] {dag.py:3089} INFO - Sync 1 DAGs
[2025-12-01T19:46:52.681+0000] {logging_mixin.py:188} INFO - [2025-12-01T19:46:52.681+0000] {dag.py:3947} INFO - Setting next_dagrun for metar_pipeline to 2025-12-01 19:30:00+00:00, run_after=2025-12-01 20:00:00+00:00
[2025-12-01T19:46:52.711+0000] {processor.py:183} INFO - Processing /opt/airflow/dags/metar_pipeline_dag.py took 0.152 seconds
[2025-12-01T19:47:22.865+0000] {processor.py:161} INFO - Started process (PID=48) to work on /opt/airflow/dags/metar_pipeline_dag.py
[2025-12-01T19:47:22.866+0000] {processor.py:830} INFO - Processing file /opt/airflow/dags/metar_pipeline_dag.py for tasks to queue
[2025-12-01T19:47:22.868+0000] {logging_mixin.py:188} INFO - [2025-12-01T19:47:22.868+0000] {dagbag.py:545} INFO - Filling up the DagBag from /opt/airflow/dags/metar_pipeline_dag.py
[2025-12-01T19:47:22.893+0000] {processor.py:840} INFO - DAG(s) 'metar_pipeline' retrieved from /opt/airflow/dags/metar_pipeline_dag.py
[2025-12-01T19:47:22.941+0000] {logging_mixin.py:188} INFO - [2025-12-01T19:47:22.941+0000] {dag.py:3089} INFO - Sync 1 DAGs
[2025-12-01T19:47:22.971+0000] {logging_mixin.py:188} INFO - [2025-12-01T19:47:22.971+0000] {dag.py:3947} INFO - Setting next_dagrun for metar_pipeline to 2025-12-01 19:30:00+00:00, run_after=2025-12-01 20:00:00+00:00
[2025-12-01T19:47:22.994+0000] {processor.py:183} INFO - Processing /opt/airflow/dags/metar_pipeline_dag.py took 0.135 seconds
[2025-12-01T19:47:53.144+0000] {processor.py:161} INFO - Started process (PID=53) to work on /opt/airflow/dags/metar_pipeline_dag.py
[2025-12-01T19:47:53.145+0000] {processor.py:830} INFO - Processing file /opt/airflow/dags/metar_pipeline_dag.py for tasks to queue
[2025-12-01T19:47:53.146+0000] {logging_mixin.py:188} INFO - [2025-12-01T19:47:53.146+0000] {dagbag.py:545} INFO - Filling up the DagBag from /opt/airflow/dags/metar_pipeline_dag.py
[2025-12-01T19:47:53.166+0000] {processor.py:840} INFO - DAG(s) 'metar_pipeline' retrieved from /opt/airflow/dags/metar_pipeline_dag.py
[2025-12-01T19:47:53.209+0000] {logging_mixin.py:188} INFO - [2025-12-01T19:47:53.209+0000] {dag.py:3089} INFO - Sync 1 DAGs
[2025-12-01T19:47:53.234+0000] {logging_mixin.py:188} INFO - [2025-12-01T19:47:53.234+0000] {dag.py:3947} INFO - Setting next_dagrun for metar_pipeline to 2025-12-01 19:30:00+00:00, run_after=2025-12-01 20:00:00+00:00
[2025-12-01T19:47:53.253+0000] {processor.py:183} INFO - Processing /opt/airflow/dags/metar_pipeline_dag.py took 0.115 seconds
[2025-12-01T19:48:23.389+0000] {processor.py:161} INFO - Started process (PID=54) to work on /opt/airflow/dags/metar_pipeline_dag.py
[2025-12-01T19:48:23.390+0000] {processor.py:830} INFO - Processing file /opt/airflow/dags/metar_pipeline_dag.py for tasks to queue
[2025-12-01T19:48:23.392+0000] {logging_mixin.py:188} INFO - [2025-12-01T19:48:23.392+0000] {dagbag.py:545} INFO - Filling up the DagBag from /opt/airflow/dags/metar_pipeline_dag.py
[2025-12-01T19:48:23.411+0000] {processor.py:840} INFO - DAG(s) 'metar_pipeline' retrieved from /opt/airflow/dags/metar_pipeline_dag.py
[2025-12-01T19:48:23.455+0000] {logging_mixin.py:188} INFO - [2025-12-01T19:48:23.455+0000] {dag.py:3089} INFO - Sync 1 DAGs
[2025-12-01T19:48:23.478+0000] {logging_mixin.py:188} INFO - [2025-12-01T19:48:23.478+0000] {dag.py:3947} INFO - Setting next_dagrun for metar_pipeline to 2025-12-01 19:30:00+00:00, run_after=2025-12-01 20:00:00+00:00
[2025-12-01T19:48:23.500+0000] {processor.py:183} INFO - Processing /opt/airflow/dags/metar_pipeline_dag.py took 0.117 seconds
[2025-12-01T19:48:53.629+0000] {processor.py:161} INFO - Started process (PID=55) to work on /opt/airflow/dags/metar_pipeline_dag.py
[2025-12-01T19:48:53.630+0000] {processor.py:830} INFO - Processing file /opt/airflow/dags/metar_pipeline_dag.py for tasks to queue
[2025-12-01T19:48:53.632+0000] {logging_mixin.py:188} INFO - [2025-12-01T19:48:53.631+0000] {dagbag.py:545} INFO - Filling up the DagBag from /opt/airflow/dags/metar_pipeline_dag.py
[2025-12-01T19:48:53.649+0000] {processor.py:840} INFO - DAG(s) 'metar_pipeline' retrieved from /opt/airflow/dags/metar_pipeline_dag.py
[2025-12-01T19:48:53.690+0000] {logging_mixin.py:188} INFO - [2025-12-01T19:48:53.690+0000] {dag.py:3089} INFO - Sync 1 DAGs
[2025-12-01T19:48:53.713+0000] {logging_mixin.py:188} INFO - [2025-12-01T19:48:53.713+0000] {dag.py:3947} INFO - Setting next_dagrun for metar_pipeline to 2025-12-01 19:30:00+00:00, run_after=2025-12-01 20:00:00+00:00
[2025-12-01T19:48:53.732+0000] {processor.py:183} INFO - Processing /opt/airflow/dags/metar_pipeline_dag.py took 0.109 seconds
[2025-12-01T19:49:23.876+0000] {processor.py:161} INFO - Started process (PID=56) to work on /opt/airflow/dags/metar_pipeline_dag.py
[2025-12-01T19:49:23.877+0000] {processor.py:830} INFO - Processing file /opt/airflow/dags/metar_pipeline_dag.py for tasks to queue
[2025-12-01T19:49:23.879+0000] {logging_mixin.py:188} INFO - [2025-12-01T19:49:23.879+0000] {dagbag.py:545} INFO - Filling up the DagBag from /opt/airflow/dags/metar_pipeline_dag.py
[2025-12-01T19:49:23.899+0000] {processor.py:840} INFO - DAG(s) 'metar_pipeline' retrieved from /opt/airflow/dags/metar_pipeline_dag.py
[2025-12-01T19:49:23.943+0000] {logging_mixin.py:188} INFO - [2025-12-01T19:49:23.942+0000] {dag.py:3089} INFO - Sync 1 DAGs
[2025-12-01T19:49:23.968+0000] {logging_mixin.py:188} INFO - [2025-12-01T19:49:23.968+0000] {dag.py:3947} INFO - Setting next_dagrun for metar_pipeline to 2025-12-01 19:30:00+00:00, run_after=2025-12-01 20:00:00+00:00
[2025-12-01T19:49:23.989+0000] {processor.py:183} INFO - Processing /opt/airflow/dags/metar_pipeline_dag.py took 0.119 seconds
[2025-12-01T19:49:54.148+0000] {processor.py:161} INFO - Started process (PID=57) to work on /opt/airflow/dags/metar_pipeline_dag.py
[2025-12-01T19:49:54.149+0000] {processor.py:830} INFO - Processing file /opt/airflow/dags/metar_pipeline_dag.py for tasks to queue
[2025-12-01T19:49:54.151+0000] {logging_mixin.py:188} INFO - [2025-12-01T19:49:54.151+0000] {dagbag.py:545} INFO - Filling up the DagBag from /opt/airflow/dags/metar_pipeline_dag.py
[2025-12-01T19:49:54.170+0000] {processor.py:840} INFO - DAG(s) 'metar_pipeline' retrieved from /opt/airflow/dags/metar_pipeline_dag.py
[2025-12-01T19:49:54.217+0000] {logging_mixin.py:188} INFO - [2025-12-01T19:49:54.216+0000] {dag.py:3089} INFO - Sync 1 DAGs
[2025-12-01T19:49:54.240+0000] {logging_mixin.py:188} INFO - [2025-12-01T19:49:54.240+0000] {dag.py:3947} INFO - Setting next_dagrun for metar_pipeline to 2025-12-01 19:30:00+00:00, run_after=2025-12-01 20:00:00+00:00
[2025-12-01T19:49:54.263+0000] {processor.py:183} INFO - Processing /opt/airflow/dags/metar_pipeline_dag.py took 0.122 seconds
[2025-12-01T19:50:24.404+0000] {processor.py:161} INFO - Started process (PID=58) to work on /opt/airflow/dags/metar_pipeline_dag.py
[2025-12-01T19:50:24.405+0000] {processor.py:830} INFO - Processing file /opt/airflow/dags/metar_pipeline_dag.py for tasks to queue
[2025-12-01T19:50:24.407+0000] {logging_mixin.py:188} INFO - [2025-12-01T19:50:24.406+0000] {dagbag.py:545} INFO - Filling up the DagBag from /opt/airflow/dags/metar_pipeline_dag.py
[2025-12-01T19:50:24.427+0000] {processor.py:840} INFO - DAG(s) 'metar_pipeline' retrieved from /opt/airflow/dags/metar_pipeline_dag.py
[2025-12-01T19:50:24.471+0000] {logging_mixin.py:188} INFO - [2025-12-01T19:50:24.471+0000] {dag.py:3089} INFO - Sync 1 DAGs
[2025-12-01T19:50:24.498+0000] {logging_mixin.py:188} INFO - [2025-12-01T19:50:24.498+0000] {dag.py:3947} INFO - Setting next_dagrun for metar_pipeline to 2025-12-01 19:30:00+00:00, run_after=2025-12-01 20:00:00+00:00
[2025-12-01T19:50:24.519+0000] {processor.py:183} INFO - Processing /opt/airflow/dags/metar_pipeline_dag.py took 0.122 seconds
[2025-12-01T19:50:54.659+0000] {processor.py:161} INFO - Started process (PID=59) to work on /opt/airflow/dags/metar_pipeline_dag.py
[2025-12-01T19:50:54.660+0000] {processor.py:830} INFO - Processing file /opt/airflow/dags/metar_pipeline_dag.py for tasks to queue
[2025-12-01T19:50:54.662+0000] {logging_mixin.py:188} INFO - [2025-12-01T19:50:54.662+0000] {dagbag.py:545} INFO - Filling up the DagBag from /opt/airflow/dags/metar_pipeline_dag.py
[2025-12-01T19:50:54.680+0000] {processor.py:840} INFO - DAG(s) 'metar_pipeline' retrieved from /opt/airflow/dags/metar_pipeline_dag.py
[2025-12-01T19:50:54.726+0000] {logging_mixin.py:188} INFO - [2025-12-01T19:50:54.726+0000] {dag.py:3089} INFO - Sync 1 DAGs
[2025-12-01T19:50:54.754+0000] {logging_mixin.py:188} INFO - [2025-12-01T19:50:54.754+0000] {dag.py:3947} INFO - Setting next_dagrun for metar_pipeline to 2025-12-01 19:30:00+00:00, run_after=2025-12-01 20:00:00+00:00
[2025-12-01T19:50:54.782+0000] {processor.py:183} INFO - Processing /opt/airflow/dags/metar_pipeline_dag.py took 0.128 seconds
[2025-12-01T19:51:24.933+0000] {processor.py:161} INFO - Started process (PID=60) to work on /opt/airflow/dags/metar_pipeline_dag.py
[2025-12-01T19:51:24.934+0000] {processor.py:830} INFO - Processing file /opt/airflow/dags/metar_pipeline_dag.py for tasks to queue
[2025-12-01T19:51:24.936+0000] {logging_mixin.py:188} INFO - [2025-12-01T19:51:24.936+0000] {dagbag.py:545} INFO - Filling up the DagBag from /opt/airflow/dags/metar_pipeline_dag.py
[2025-12-01T19:51:24.958+0000] {processor.py:840} INFO - DAG(s) 'metar_pipeline' retrieved from /opt/airflow/dags/metar_pipeline_dag.py
[2025-12-01T19:51:25.005+0000] {logging_mixin.py:188} INFO - [2025-12-01T19:51:25.004+0000] {dag.py:3089} INFO - Sync 1 DAGs
[2025-12-01T19:51:25.030+0000] {logging_mixin.py:188} INFO - [2025-12-01T19:51:25.029+0000] {dag.py:3947} INFO - Setting next_dagrun for metar_pipeline to 2025-12-01 19:30:00+00:00, run_after=2025-12-01 20:00:00+00:00
[2025-12-01T19:51:25.055+0000] {processor.py:183} INFO - Processing /opt/airflow/dags/metar_pipeline_dag.py took 0.128 seconds
[2025-12-01T19:51:55.196+0000] {processor.py:161} INFO - Started process (PID=61) to work on /opt/airflow/dags/metar_pipeline_dag.py
[2025-12-01T19:51:55.197+0000] {processor.py:830} INFO - Processing file /opt/airflow/dags/metar_pipeline_dag.py for tasks to queue
[2025-12-01T19:51:55.199+0000] {logging_mixin.py:188} INFO - [2025-12-01T19:51:55.199+0000] {dagbag.py:545} INFO - Filling up the DagBag from /opt/airflow/dags/metar_pipeline_dag.py
[2025-12-01T19:51:55.253+0000] {processor.py:840} INFO - DAG(s) 'metar_pipeline' retrieved from /opt/airflow/dags/metar_pipeline_dag.py
[2025-12-01T19:51:55.322+0000] {logging_mixin.py:188} INFO - [2025-12-01T19:51:55.322+0000] {dag.py:3089} INFO - Sync 1 DAGs
[2025-12-01T19:51:55.346+0000] {logging_mixin.py:188} INFO - [2025-12-01T19:51:55.346+0000] {dag.py:3947} INFO - Setting next_dagrun for metar_pipeline to 2025-12-01 19:30:00+00:00, run_after=2025-12-01 20:00:00+00:00
[2025-12-01T19:51:55.365+0000] {processor.py:183} INFO - Processing /opt/airflow/dags/metar_pipeline_dag.py took 0.176 seconds
[2025-12-01T19:52:25.503+0000] {processor.py:161} INFO - Started process (PID=62) to work on /opt/airflow/dags/metar_pipeline_dag.py
[2025-12-01T19:52:25.504+0000] {processor.py:830} INFO - Processing file /opt/airflow/dags/metar_pipeline_dag.py for tasks to queue
[2025-12-01T19:52:25.506+0000] {logging_mixin.py:188} INFO - [2025-12-01T19:52:25.505+0000] {dagbag.py:545} INFO - Filling up the DagBag from /opt/airflow/dags/metar_pipeline_dag.py
[2025-12-01T19:52:25.525+0000] {processor.py:840} INFO - DAG(s) 'metar_pipeline' retrieved from /opt/airflow/dags/metar_pipeline_dag.py
[2025-12-01T19:52:25.569+0000] {logging_mixin.py:188} INFO - [2025-12-01T19:52:25.569+0000] {dag.py:3089} INFO - Sync 1 DAGs
[2025-12-01T19:52:25.598+0000] {logging_mixin.py:188} INFO - [2025-12-01T19:52:25.597+0000] {dag.py:3947} INFO - Setting next_dagrun for metar_pipeline to 2025-12-01 19:30:00+00:00, run_after=2025-12-01 20:00:00+00:00
[2025-12-01T19:52:25.622+0000] {processor.py:183} INFO - Processing /opt/airflow/dags/metar_pipeline_dag.py took 0.125 seconds
[2025-12-01T19:52:55.755+0000] {processor.py:161} INFO - Started process (PID=63) to work on /opt/airflow/dags/metar_pipeline_dag.py
[2025-12-01T19:52:55.756+0000] {processor.py:830} INFO - Processing file /opt/airflow/dags/metar_pipeline_dag.py for tasks to queue
[2025-12-01T19:52:55.758+0000] {logging_mixin.py:188} INFO - [2025-12-01T19:52:55.758+0000] {dagbag.py:545} INFO - Filling up the DagBag from /opt/airflow/dags/metar_pipeline_dag.py
[2025-12-01T19:52:55.777+0000] {processor.py:840} INFO - DAG(s) 'metar_pipeline' retrieved from /opt/airflow/dags/metar_pipeline_dag.py
[2025-12-01T19:52:55.821+0000] {logging_mixin.py:188} INFO - [2025-12-01T19:52:55.821+0000] {dag.py:3089} INFO - Sync 1 DAGs
[2025-12-01T19:52:55.843+0000] {logging_mixin.py:188} INFO - [2025-12-01T19:52:55.843+0000] {dag.py:3947} INFO - Setting next_dagrun for metar_pipeline to 2025-12-01 19:30:00+00:00, run_after=2025-12-01 20:00:00+00:00
[2025-12-01T19:52:55.862+0000] {processor.py:183} INFO - Processing /opt/airflow/dags/metar_pipeline_dag.py took 0.113 seconds
[2025-12-01T19:53:26.001+0000] {processor.py:161} INFO - Started process (PID=64) to work on /opt/airflow/dags/metar_pipeline_dag.py
[2025-12-01T19:53:26.002+0000] {processor.py:830} INFO - Processing file /opt/airflow/dags/metar_pipeline_dag.py for tasks to queue
[2025-12-01T19:53:26.005+0000] {logging_mixin.py:188} INFO - [2025-12-01T19:53:26.004+0000] {dagbag.py:545} INFO - Filling up the DagBag from /opt/airflow/dags/metar_pipeline_dag.py
[2025-12-01T19:53:26.028+0000] {processor.py:840} INFO - DAG(s) 'metar_pipeline' retrieved from /opt/airflow/dags/metar_pipeline_dag.py
[2025-12-01T19:53:26.079+0000] {logging_mixin.py:188} INFO - [2025-12-01T19:53:26.079+0000] {dag.py:3089} INFO - Sync 1 DAGs
[2025-12-01T19:53:26.107+0000] {logging_mixin.py:188} INFO - [2025-12-01T19:53:26.107+0000] {dag.py:3947} INFO - Setting next_dagrun for metar_pipeline to 2025-12-01 19:30:00+00:00, run_after=2025-12-01 20:00:00+00:00
[2025-12-01T19:53:26.130+0000] {processor.py:183} INFO - Processing /opt/airflow/dags/metar_pipeline_dag.py took 0.141 seconds
[2025-12-01T19:53:56.271+0000] {processor.py:161} INFO - Started process (PID=65) to work on /opt/airflow/dags/metar_pipeline_dag.py
[2025-12-01T19:53:56.271+0000] {processor.py:830} INFO - Processing file /opt/airflow/dags/metar_pipeline_dag.py for tasks to queue
[2025-12-01T19:53:56.275+0000] {logging_mixin.py:188} INFO - [2025-12-01T19:53:56.274+0000] {dagbag.py:545} INFO - Filling up the DagBag from /opt/airflow/dags/metar_pipeline_dag.py
[2025-12-01T19:53:56.294+0000] {processor.py:840} INFO - DAG(s) 'metar_pipeline' retrieved from /opt/airflow/dags/metar_pipeline_dag.py
[2025-12-01T19:53:56.346+0000] {logging_mixin.py:188} INFO - [2025-12-01T19:53:56.346+0000] {dag.py:3089} INFO - Sync 1 DAGs
[2025-12-01T19:53:56.374+0000] {logging_mixin.py:188} INFO - [2025-12-01T19:53:56.374+0000] {dag.py:3947} INFO - Setting next_dagrun for metar_pipeline to 2025-12-01 19:30:00+00:00, run_after=2025-12-01 20:00:00+00:00
[2025-12-01T19:53:56.399+0000] {processor.py:183} INFO - Processing /opt/airflow/dags/metar_pipeline_dag.py took 0.134 seconds
[2025-12-01T19:54:26.538+0000] {processor.py:161} INFO - Started process (PID=66) to work on /opt/airflow/dags/metar_pipeline_dag.py
[2025-12-01T19:54:26.539+0000] {processor.py:830} INFO - Processing file /opt/airflow/dags/metar_pipeline_dag.py for tasks to queue
[2025-12-01T19:54:26.541+0000] {logging_mixin.py:188} INFO - [2025-12-01T19:54:26.541+0000] {dagbag.py:545} INFO - Filling up the DagBag from /opt/airflow/dags/metar_pipeline_dag.py
[2025-12-01T19:54:26.559+0000] {processor.py:840} INFO - DAG(s) 'metar_pipeline' retrieved from /opt/airflow/dags/metar_pipeline_dag.py
[2025-12-01T19:54:26.605+0000] {logging_mixin.py:188} INFO - [2025-12-01T19:54:26.605+0000] {dag.py:3089} INFO - Sync 1 DAGs
[2025-12-01T19:54:26.629+0000] {logging_mixin.py:188} INFO - [2025-12-01T19:54:26.629+0000] {dag.py:3947} INFO - Setting next_dagrun for metar_pipeline to 2025-12-01 19:30:00+00:00, run_after=2025-12-01 20:00:00+00:00
[2025-12-01T19:54:26.652+0000] {processor.py:183} INFO - Processing /opt/airflow/dags/metar_pipeline_dag.py took 0.121 seconds
[2025-12-01T19:54:56.793+0000] {processor.py:161} INFO - Started process (PID=67) to work on /opt/airflow/dags/metar_pipeline_dag.py
[2025-12-01T19:54:56.794+0000] {processor.py:830} INFO - Processing file /opt/airflow/dags/metar_pipeline_dag.py for tasks to queue
[2025-12-01T19:54:56.796+0000] {logging_mixin.py:188} INFO - [2025-12-01T19:54:56.796+0000] {dagbag.py:545} INFO - Filling up the DagBag from /opt/airflow/dags/metar_pipeline_dag.py
[2025-12-01T19:54:56.814+0000] {processor.py:840} INFO - DAG(s) 'metar_pipeline' retrieved from /opt/airflow/dags/metar_pipeline_dag.py
[2025-12-01T19:54:56.861+0000] {logging_mixin.py:188} INFO - [2025-12-01T19:54:56.860+0000] {dag.py:3089} INFO - Sync 1 DAGs
[2025-12-01T19:54:56.884+0000] {logging_mixin.py:188} INFO - [2025-12-01T19:54:56.883+0000] {dag.py:3947} INFO - Setting next_dagrun for metar_pipeline to 2025-12-01 19:30:00+00:00, run_after=2025-12-01 20:00:00+00:00
[2025-12-01T19:54:56.903+0000] {processor.py:183} INFO - Processing /opt/airflow/dags/metar_pipeline_dag.py took 0.115 seconds
[2025-12-01T19:55:27.056+0000] {processor.py:161} INFO - Started process (PID=68) to work on /opt/airflow/dags/metar_pipeline_dag.py
[2025-12-01T19:55:27.057+0000] {processor.py:830} INFO - Processing file /opt/airflow/dags/metar_pipeline_dag.py for tasks to queue
[2025-12-01T19:55:27.059+0000] {logging_mixin.py:188} INFO - [2025-12-01T19:55:27.059+0000] {dagbag.py:545} INFO - Filling up the DagBag from /opt/airflow/dags/metar_pipeline_dag.py
[2025-12-01T19:55:27.081+0000] {processor.py:840} INFO - DAG(s) 'metar_pipeline' retrieved from /opt/airflow/dags/metar_pipeline_dag.py
[2025-12-01T19:55:27.124+0000] {logging_mixin.py:188} INFO - [2025-12-01T19:55:27.124+0000] {dag.py:3089} INFO - Sync 1 DAGs
[2025-12-01T19:55:27.149+0000] {logging_mixin.py:188} INFO - [2025-12-01T19:55:27.149+0000] {dag.py:3947} INFO - Setting next_dagrun for metar_pipeline to 2025-12-01 19:30:00+00:00, run_after=2025-12-01 20:00:00+00:00
[2025-12-01T19:55:27.174+0000] {processor.py:183} INFO - Processing /opt/airflow/dags/metar_pipeline_dag.py took 0.124 seconds
[2025-12-01T19:55:57.329+0000] {processor.py:161} INFO - Started process (PID=69) to work on /opt/airflow/dags/metar_pipeline_dag.py
[2025-12-01T19:55:57.330+0000] {processor.py:830} INFO - Processing file /opt/airflow/dags/metar_pipeline_dag.py for tasks to queue
[2025-12-01T19:55:57.332+0000] {logging_mixin.py:188} INFO - [2025-12-01T19:55:57.332+0000] {dagbag.py:545} INFO - Filling up the DagBag from /opt/airflow/dags/metar_pipeline_dag.py
[2025-12-01T19:55:57.351+0000] {processor.py:840} INFO - DAG(s) 'metar_pipeline' retrieved from /opt/airflow/dags/metar_pipeline_dag.py
[2025-12-01T19:55:57.394+0000] {logging_mixin.py:188} INFO - [2025-12-01T19:55:57.394+0000] {dag.py:3089} INFO - Sync 1 DAGs
[2025-12-01T19:55:57.417+0000] {logging_mixin.py:188} INFO - [2025-12-01T19:55:57.417+0000] {dag.py:3947} INFO - Setting next_dagrun for metar_pipeline to 2025-12-01 19:30:00+00:00, run_after=2025-12-01 20:00:00+00:00
[2025-12-01T19:55:57.438+0000] {processor.py:183} INFO - Processing /opt/airflow/dags/metar_pipeline_dag.py took 0.115 seconds
[2025-12-01T19:56:27.575+0000] {processor.py:161} INFO - Started process (PID=70) to work on /opt/airflow/dags/metar_pipeline_dag.py
[2025-12-01T19:56:27.575+0000] {processor.py:830} INFO - Processing file /opt/airflow/dags/metar_pipeline_dag.py for tasks to queue
[2025-12-01T19:56:27.578+0000] {logging_mixin.py:188} INFO - [2025-12-01T19:56:27.577+0000] {dagbag.py:545} INFO - Filling up the DagBag from /opt/airflow/dags/metar_pipeline_dag.py
[2025-12-01T19:56:27.595+0000] {processor.py:840} INFO - DAG(s) 'metar_pipeline' retrieved from /opt/airflow/dags/metar_pipeline_dag.py
[2025-12-01T19:56:27.636+0000] {logging_mixin.py:188} INFO - [2025-12-01T19:56:27.635+0000] {dag.py:3089} INFO - Sync 1 DAGs
[2025-12-01T19:56:27.660+0000] {logging_mixin.py:188} INFO - [2025-12-01T19:56:27.659+0000] {dag.py:3947} INFO - Setting next_dagrun for metar_pipeline to 2025-12-01 19:30:00+00:00, run_after=2025-12-01 20:00:00+00:00
[2025-12-01T19:56:27.679+0000] {processor.py:183} INFO - Processing /opt/airflow/dags/metar_pipeline_dag.py took 0.110 seconds
[2025-12-01T19:56:57.733+0000] {processor.py:161} INFO - Started process (PID=71) to work on /opt/airflow/dags/metar_pipeline_dag.py
[2025-12-01T19:56:57.734+0000] {processor.py:830} INFO - Processing file /opt/airflow/dags/metar_pipeline_dag.py for tasks to queue
[2025-12-01T19:56:57.736+0000] {logging_mixin.py:188} INFO - [2025-12-01T19:56:57.736+0000] {dagbag.py:545} INFO - Filling up the DagBag from /opt/airflow/dags/metar_pipeline_dag.py
[2025-12-01T19:56:57.755+0000] {processor.py:840} INFO - DAG(s) 'metar_pipeline' retrieved from /opt/airflow/dags/metar_pipeline_dag.py
[2025-12-01T19:56:57.800+0000] {logging_mixin.py:188} INFO - [2025-12-01T19:56:57.800+0000] {dag.py:3089} INFO - Sync 1 DAGs
[2025-12-01T19:56:57.825+0000] {logging_mixin.py:188} INFO - [2025-12-01T19:56:57.824+0000] {dag.py:3947} INFO - Setting next_dagrun for metar_pipeline to 2025-12-01 19:30:00+00:00, run_after=2025-12-01 20:00:00+00:00
[2025-12-01T19:56:57.845+0000] {processor.py:183} INFO - Processing /opt/airflow/dags/metar_pipeline_dag.py took 0.119 seconds
[2025-12-01T19:57:27.938+0000] {processor.py:161} INFO - Started process (PID=72) to work on /opt/airflow/dags/metar_pipeline_dag.py
[2025-12-01T19:57:27.939+0000] {processor.py:830} INFO - Processing file /opt/airflow/dags/metar_pipeline_dag.py for tasks to queue
[2025-12-01T19:57:27.941+0000] {logging_mixin.py:188} INFO - [2025-12-01T19:57:27.940+0000] {dagbag.py:545} INFO - Filling up the DagBag from /opt/airflow/dags/metar_pipeline_dag.py
[2025-12-01T19:57:27.959+0000] {processor.py:840} INFO - DAG(s) 'metar_pipeline' retrieved from /opt/airflow/dags/metar_pipeline_dag.py
[2025-12-01T19:57:28.001+0000] {logging_mixin.py:188} INFO - [2025-12-01T19:57:28.001+0000] {dag.py:3089} INFO - Sync 1 DAGs
[2025-12-01T19:57:28.026+0000] {logging_mixin.py:188} INFO - [2025-12-01T19:57:28.026+0000] {dag.py:3947} INFO - Setting next_dagrun for metar_pipeline to 2025-12-01 19:30:00+00:00, run_after=2025-12-01 20:00:00+00:00
[2025-12-01T19:57:28.045+0000] {processor.py:183} INFO - Processing /opt/airflow/dags/metar_pipeline_dag.py took 0.113 seconds
[2025-12-01T19:57:58.106+0000] {processor.py:161} INFO - Started process (PID=73) to work on /opt/airflow/dags/metar_pipeline_dag.py
[2025-12-01T19:57:58.107+0000] {processor.py:830} INFO - Processing file /opt/airflow/dags/metar_pipeline_dag.py for tasks to queue
[2025-12-01T19:57:58.109+0000] {logging_mixin.py:188} INFO - [2025-12-01T19:57:58.108+0000] {dagbag.py:545} INFO - Filling up the DagBag from /opt/airflow/dags/metar_pipeline_dag.py
[2025-12-01T19:57:58.127+0000] {processor.py:840} INFO - DAG(s) 'metar_pipeline' retrieved from /opt/airflow/dags/metar_pipeline_dag.py
[2025-12-01T19:57:58.169+0000] {logging_mixin.py:188} INFO - [2025-12-01T19:57:58.169+0000] {dag.py:3089} INFO - Sync 1 DAGs
[2025-12-01T19:57:58.192+0000] {logging_mixin.py:188} INFO - [2025-12-01T19:57:58.192+0000] {dag.py:3947} INFO - Setting next_dagrun for metar_pipeline to 2025-12-01 19:30:00+00:00, run_after=2025-12-01 20:00:00+00:00
[2025-12-01T19:57:58.211+0000] {processor.py:183} INFO - Processing /opt/airflow/dags/metar_pipeline_dag.py took 0.112 seconds
[2025-12-01T19:58:15.250+0000] {processor.py:161} INFO - Started process (PID=74) to work on /opt/airflow/dags/metar_pipeline_dag.py
[2025-12-01T19:58:15.251+0000] {processor.py:830} INFO - Processing file /opt/airflow/dags/metar_pipeline_dag.py for tasks to queue
[2025-12-01T19:58:15.252+0000] {logging_mixin.py:188} INFO - [2025-12-01T19:58:15.252+0000] {dagbag.py:545} INFO - Filling up the DagBag from /opt/airflow/dags/metar_pipeline_dag.py
[2025-12-01T19:58:15.278+0000] {processor.py:840} INFO - DAG(s) 'metar_pipeline' retrieved from /opt/airflow/dags/metar_pipeline_dag.py
[2025-12-01T19:58:15.565+0000] {logging_mixin.py:188} INFO - [2025-12-01T19:58:15.564+0000] {dag.py:3089} INFO - Sync 1 DAGs
[2025-12-01T19:58:15.587+0000] {logging_mixin.py:188} INFO - [2025-12-01T19:58:15.587+0000] {dag.py:3947} INFO - Setting next_dagrun for metar_pipeline to 2025-12-01 19:30:00+00:00, run_after=2025-12-01 20:00:00+00:00
[2025-12-01T19:58:15.614+0000] {processor.py:183} INFO - Processing /opt/airflow/dags/metar_pipeline_dag.py took 0.370 seconds
[2025-12-01T19:59:48.571+0000] {processor.py:161} INFO - Started process (PID=33) to work on /opt/airflow/dags/metar_pipeline_dag.py
[2025-12-01T19:59:48.573+0000] {processor.py:830} INFO - Processing file /opt/airflow/dags/metar_pipeline_dag.py for tasks to queue
[2025-12-01T19:59:48.576+0000] {logging_mixin.py:188} INFO - [2025-12-01T19:59:48.575+0000] {dagbag.py:545} INFO - Filling up the DagBag from /opt/airflow/dags/metar_pipeline_dag.py
[2025-12-01T19:59:48.607+0000] {processor.py:840} INFO - DAG(s) 'metar_pipeline' retrieved from /opt/airflow/dags/metar_pipeline_dag.py
[2025-12-01T19:59:48.924+0000] {logging_mixin.py:188} INFO - [2025-12-01T19:59:48.924+0000] {dag.py:3089} INFO - Sync 1 DAGs
[2025-12-01T19:59:48.959+0000] {logging_mixin.py:188} INFO - [2025-12-01T19:59:48.959+0000] {dag.py:3947} INFO - Setting next_dagrun for metar_pipeline to 2025-12-01 19:30:00+00:00, run_after=2025-12-01 20:00:00+00:00
[2025-12-01T19:59:48.989+0000] {processor.py:183} INFO - Processing /opt/airflow/dags/metar_pipeline_dag.py took 0.426 seconds
[2025-12-01T20:00:19.227+0000] {processor.py:161} INFO - Started process (PID=34) to work on /opt/airflow/dags/metar_pipeline_dag.py
[2025-12-01T20:00:19.228+0000] {processor.py:830} INFO - Processing file /opt/airflow/dags/metar_pipeline_dag.py for tasks to queue
[2025-12-01T20:00:19.232+0000] {logging_mixin.py:188} INFO - [2025-12-01T20:00:19.230+0000] {dagbag.py:545} INFO - Filling up the DagBag from /opt/airflow/dags/metar_pipeline_dag.py
[2025-12-01T20:00:19.302+0000] {processor.py:840} INFO - DAG(s) 'metar_pipeline' retrieved from /opt/airflow/dags/metar_pipeline_dag.py
[2025-12-01T20:00:19.362+0000] {logging_mixin.py:188} INFO - [2025-12-01T20:00:19.362+0000] {dag.py:3089} INFO - Sync 1 DAGs
[2025-12-01T20:00:19.393+0000] {logging_mixin.py:188} INFO - [2025-12-01T20:00:19.393+0000] {dag.py:3947} INFO - Setting next_dagrun for metar_pipeline to 2025-12-01 20:00:00+00:00, run_after=2025-12-01 20:30:00+00:00
[2025-12-01T20:00:19.415+0000] {processor.py:183} INFO - Processing /opt/airflow/dags/metar_pipeline_dag.py took 0.211 seconds
[2025-12-01T20:00:49.563+0000] {processor.py:161} INFO - Started process (PID=35) to work on /opt/airflow/dags/metar_pipeline_dag.py
[2025-12-01T20:00:49.563+0000] {processor.py:830} INFO - Processing file /opt/airflow/dags/metar_pipeline_dag.py for tasks to queue
[2025-12-01T20:00:49.566+0000] {logging_mixin.py:188} INFO - [2025-12-01T20:00:49.565+0000] {dagbag.py:545} INFO - Filling up the DagBag from /opt/airflow/dags/metar_pipeline_dag.py
[2025-12-01T20:00:49.584+0000] {processor.py:840} INFO - DAG(s) 'metar_pipeline' retrieved from /opt/airflow/dags/metar_pipeline_dag.py
[2025-12-01T20:00:49.634+0000] {logging_mixin.py:188} INFO - [2025-12-01T20:00:49.634+0000] {dag.py:3089} INFO - Sync 1 DAGs
[2025-12-01T20:00:49.663+0000] {logging_mixin.py:188} INFO - [2025-12-01T20:00:49.663+0000] {dag.py:3947} INFO - Setting next_dagrun for metar_pipeline to 2025-12-01 20:00:00+00:00, run_after=2025-12-01 20:30:00+00:00
[2025-12-01T20:00:49.690+0000] {processor.py:183} INFO - Processing /opt/airflow/dags/metar_pipeline_dag.py took 0.134 seconds
[2025-12-01T20:01:19.843+0000] {processor.py:161} INFO - Started process (PID=36) to work on /opt/airflow/dags/metar_pipeline_dag.py
[2025-12-01T20:01:19.844+0000] {processor.py:830} INFO - Processing file /opt/airflow/dags/metar_pipeline_dag.py for tasks to queue
[2025-12-01T20:01:19.846+0000] {logging_mixin.py:188} INFO - [2025-12-01T20:01:19.846+0000] {dagbag.py:545} INFO - Filling up the DagBag from /opt/airflow/dags/metar_pipeline_dag.py
[2025-12-01T20:01:19.874+0000] {processor.py:840} INFO - DAG(s) 'metar_pipeline' retrieved from /opt/airflow/dags/metar_pipeline_dag.py
[2025-12-01T20:01:19.928+0000] {logging_mixin.py:188} INFO - [2025-12-01T20:01:19.928+0000] {dag.py:3089} INFO - Sync 1 DAGs
[2025-12-01T20:01:19.956+0000] {logging_mixin.py:188} INFO - [2025-12-01T20:01:19.955+0000] {dag.py:3947} INFO - Setting next_dagrun for metar_pipeline to 2025-12-01 20:00:00+00:00, run_after=2025-12-01 20:30:00+00:00
[2025-12-01T20:01:19.982+0000] {processor.py:183} INFO - Processing /opt/airflow/dags/metar_pipeline_dag.py took 0.156 seconds
[2025-12-01T20:01:50.145+0000] {processor.py:161} INFO - Started process (PID=37) to work on /opt/airflow/dags/metar_pipeline_dag.py
[2025-12-01T20:01:50.147+0000] {processor.py:830} INFO - Processing file /opt/airflow/dags/metar_pipeline_dag.py for tasks to queue
[2025-12-01T20:01:50.149+0000] {logging_mixin.py:188} INFO - [2025-12-01T20:01:50.149+0000] {dagbag.py:545} INFO - Filling up the DagBag from /opt/airflow/dags/metar_pipeline_dag.py
[2025-12-01T20:01:50.176+0000] {processor.py:840} INFO - DAG(s) 'metar_pipeline' retrieved from /opt/airflow/dags/metar_pipeline_dag.py
[2025-12-01T20:01:50.233+0000] {logging_mixin.py:188} INFO - [2025-12-01T20:01:50.233+0000] {dag.py:3089} INFO - Sync 1 DAGs
[2025-12-01T20:01:50.263+0000] {logging_mixin.py:188} INFO - [2025-12-01T20:01:50.263+0000] {dag.py:3947} INFO - Setting next_dagrun for metar_pipeline to 2025-12-01 20:00:00+00:00, run_after=2025-12-01 20:30:00+00:00
[2025-12-01T20:01:50.288+0000] {processor.py:183} INFO - Processing /opt/airflow/dags/metar_pipeline_dag.py took 0.156 seconds
[2025-12-01T20:02:20.440+0000] {processor.py:161} INFO - Started process (PID=38) to work on /opt/airflow/dags/metar_pipeline_dag.py
[2025-12-01T20:02:20.441+0000] {processor.py:830} INFO - Processing file /opt/airflow/dags/metar_pipeline_dag.py for tasks to queue
[2025-12-01T20:02:20.443+0000] {logging_mixin.py:188} INFO - [2025-12-01T20:02:20.443+0000] {dagbag.py:545} INFO - Filling up the DagBag from /opt/airflow/dags/metar_pipeline_dag.py
[2025-12-01T20:02:20.463+0000] {processor.py:840} INFO - DAG(s) 'metar_pipeline' retrieved from /opt/airflow/dags/metar_pipeline_dag.py
[2025-12-01T20:02:20.512+0000] {logging_mixin.py:188} INFO - [2025-12-01T20:02:20.512+0000] {dag.py:3089} INFO - Sync 1 DAGs
[2025-12-01T20:02:20.541+0000] {logging_mixin.py:188} INFO - [2025-12-01T20:02:20.541+0000] {dag.py:3947} INFO - Setting next_dagrun for metar_pipeline to 2025-12-01 20:00:00+00:00, run_after=2025-12-01 20:30:00+00:00
[2025-12-01T20:02:20.571+0000] {processor.py:183} INFO - Processing /opt/airflow/dags/metar_pipeline_dag.py took 0.137 seconds
[2025-12-01T20:02:50.580+0000] {processor.py:161} INFO - Started process (PID=39) to work on /opt/airflow/dags/metar_pipeline_dag.py
[2025-12-01T20:02:50.581+0000] {processor.py:830} INFO - Processing file /opt/airflow/dags/metar_pipeline_dag.py for tasks to queue
[2025-12-01T20:02:50.583+0000] {logging_mixin.py:188} INFO - [2025-12-01T20:02:50.582+0000] {dagbag.py:545} INFO - Filling up the DagBag from /opt/airflow/dags/metar_pipeline_dag.py
[2025-12-01T20:02:50.611+0000] {processor.py:840} INFO - DAG(s) 'metar_pipeline' retrieved from /opt/airflow/dags/metar_pipeline_dag.py
[2025-12-01T20:02:50.833+0000] {logging_mixin.py:188} INFO - [2025-12-01T20:02:50.833+0000] {dag.py:3089} INFO - Sync 1 DAGs
[2025-12-01T20:02:50.856+0000] {logging_mixin.py:188} INFO - [2025-12-01T20:02:50.856+0000] {dag.py:3947} INFO - Setting next_dagrun for metar_pipeline to 2025-12-01 20:00:00+00:00, run_after=2025-12-01 20:30:00+00:00
[2025-12-01T20:02:50.883+0000] {processor.py:183} INFO - Processing /opt/airflow/dags/metar_pipeline_dag.py took 0.309 seconds
[2025-12-01T20:03:21.022+0000] {processor.py:161} INFO - Started process (PID=40) to work on /opt/airflow/dags/metar_pipeline_dag.py
[2025-12-01T20:03:21.023+0000] {processor.py:830} INFO - Processing file /opt/airflow/dags/metar_pipeline_dag.py for tasks to queue
[2025-12-01T20:03:21.026+0000] {logging_mixin.py:188} INFO - [2025-12-01T20:03:21.025+0000] {dagbag.py:545} INFO - Filling up the DagBag from /opt/airflow/dags/metar_pipeline_dag.py
[2025-12-01T20:03:21.046+0000] {processor.py:840} INFO - DAG(s) 'metar_pipeline' retrieved from /opt/airflow/dags/metar_pipeline_dag.py
[2025-12-01T20:03:21.093+0000] {logging_mixin.py:188} INFO - [2025-12-01T20:03:21.092+0000] {dag.py:3089} INFO - Sync 1 DAGs
[2025-12-01T20:03:21.117+0000] {logging_mixin.py:188} INFO - [2025-12-01T20:03:21.117+0000] {dag.py:3947} INFO - Setting next_dagrun for metar_pipeline to 2025-12-01 20:00:00+00:00, run_after=2025-12-01 20:30:00+00:00
[2025-12-01T20:03:21.137+0000] {processor.py:183} INFO - Processing /opt/airflow/dags/metar_pipeline_dag.py took 0.121 seconds
[2025-12-01T20:03:37.894+0000] {processor.py:161} INFO - Started process (PID=33) to work on /opt/airflow/dags/metar_pipeline_dag.py
[2025-12-01T20:03:37.895+0000] {processor.py:830} INFO - Processing file /opt/airflow/dags/metar_pipeline_dag.py for tasks to queue
[2025-12-01T20:03:37.897+0000] {logging_mixin.py:188} INFO - [2025-12-01T20:03:37.896+0000] {dagbag.py:545} INFO - Filling up the DagBag from /opt/airflow/dags/metar_pipeline_dag.py
[2025-12-01T20:03:37.914+0000] {processor.py:840} INFO - DAG(s) 'metar_pipeline' retrieved from /opt/airflow/dags/metar_pipeline_dag.py
[2025-12-01T20:03:37.968+0000] {logging_mixin.py:188} INFO - [2025-12-01T20:03:37.968+0000] {dag.py:3089} INFO - Sync 1 DAGs
[2025-12-01T20:03:38.144+0000] {logging_mixin.py:188} INFO - [2025-12-01T20:03:38.144+0000] {dag.py:3947} INFO - Setting next_dagrun for metar_pipeline to 2025-12-01 20:00:00+00:00, run_after=2025-12-01 20:30:00+00:00
[2025-12-01T20:03:38.166+0000] {processor.py:183} INFO - Processing /opt/airflow/dags/metar_pipeline_dag.py took 0.278 seconds
[2025-12-01T20:04:08.324+0000] {processor.py:161} INFO - Started process (PID=34) to work on /opt/airflow/dags/metar_pipeline_dag.py
[2025-12-01T20:04:08.325+0000] {processor.py:830} INFO - Processing file /opt/airflow/dags/metar_pipeline_dag.py for tasks to queue
[2025-12-01T20:04:08.328+0000] {logging_mixin.py:188} INFO - [2025-12-01T20:04:08.327+0000] {dagbag.py:545} INFO - Filling up the DagBag from /opt/airflow/dags/metar_pipeline_dag.py
[2025-12-01T20:04:08.349+0000] {processor.py:840} INFO - DAG(s) 'metar_pipeline' retrieved from /opt/airflow/dags/metar_pipeline_dag.py
[2025-12-01T20:04:08.398+0000] {logging_mixin.py:188} INFO - [2025-12-01T20:04:08.398+0000] {dag.py:3089} INFO - Sync 1 DAGs
[2025-12-01T20:04:08.580+0000] {logging_mixin.py:188} INFO - [2025-12-01T20:04:08.580+0000] {dag.py:3947} INFO - Setting next_dagrun for metar_pipeline to 2025-12-01 20:00:00+00:00, run_after=2025-12-01 20:30:00+00:00
[2025-12-01T20:04:08.600+0000] {processor.py:183} INFO - Processing /opt/airflow/dags/metar_pipeline_dag.py took 0.283 seconds
[2025-12-01T20:04:38.746+0000] {processor.py:161} INFO - Started process (PID=35) to work on /opt/airflow/dags/metar_pipeline_dag.py
[2025-12-01T20:04:38.748+0000] {processor.py:830} INFO - Processing file /opt/airflow/dags/metar_pipeline_dag.py for tasks to queue
[2025-12-01T20:04:38.750+0000] {logging_mixin.py:188} INFO - [2025-12-01T20:04:38.750+0000] {dagbag.py:545} INFO - Filling up the DagBag from /opt/airflow/dags/metar_pipeline_dag.py
[2025-12-01T20:04:38.773+0000] {processor.py:840} INFO - DAG(s) 'metar_pipeline' retrieved from /opt/airflow/dags/metar_pipeline_dag.py
[2025-12-01T20:04:38.983+0000] {logging_mixin.py:188} INFO - [2025-12-01T20:04:38.983+0000] {dag.py:3089} INFO - Sync 1 DAGs
[2025-12-01T20:04:39.006+0000] {logging_mixin.py:188} INFO - [2025-12-01T20:04:39.006+0000] {dag.py:3947} INFO - Setting next_dagrun for metar_pipeline to 2025-12-01 20:00:00+00:00, run_after=2025-12-01 20:30:00+00:00
[2025-12-01T20:04:39.027+0000] {processor.py:183} INFO - Processing /opt/airflow/dags/metar_pipeline_dag.py took 0.288 seconds
[2025-12-01T20:05:09.318+0000] {processor.py:161} INFO - Started process (PID=36) to work on /opt/airflow/dags/metar_pipeline_dag.py
[2025-12-01T20:05:09.319+0000] {processor.py:830} INFO - Processing file /opt/airflow/dags/metar_pipeline_dag.py for tasks to queue
[2025-12-01T20:05:09.320+0000] {logging_mixin.py:188} INFO - [2025-12-01T20:05:09.320+0000] {dagbag.py:545} INFO - Filling up the DagBag from /opt/airflow/dags/metar_pipeline_dag.py
[2025-12-01T20:05:09.334+0000] {processor.py:840} INFO - DAG(s) 'metar_pipeline' retrieved from /opt/airflow/dags/metar_pipeline_dag.py
[2025-12-01T20:05:09.375+0000] {logging_mixin.py:188} INFO - [2025-12-01T20:05:09.374+0000] {dag.py:3089} INFO - Sync 1 DAGs
[2025-12-01T20:05:09.400+0000] {logging_mixin.py:188} INFO - [2025-12-01T20:05:09.400+0000] {dag.py:3947} INFO - Setting next_dagrun for metar_pipeline to 2025-12-01 20:00:00+00:00, run_after=2025-12-01 20:30:00+00:00
[2025-12-01T20:05:09.449+0000] {processor.py:183} INFO - Processing /opt/airflow/dags/metar_pipeline_dag.py took 0.282 seconds
[2025-12-01T20:05:39.709+0000] {processor.py:161} INFO - Started process (PID=37) to work on /opt/airflow/dags/metar_pipeline_dag.py
[2025-12-01T20:05:39.710+0000] {processor.py:830} INFO - Processing file /opt/airflow/dags/metar_pipeline_dag.py for tasks to queue
[2025-12-01T20:05:39.713+0000] {logging_mixin.py:188} INFO - [2025-12-01T20:05:39.712+0000] {dagbag.py:545} INFO - Filling up the DagBag from /opt/airflow/dags/metar_pipeline_dag.py
[2025-12-01T20:05:39.735+0000] {processor.py:840} INFO - DAG(s) 'metar_pipeline' retrieved from /opt/airflow/dags/metar_pipeline_dag.py
[2025-12-01T20:05:39.786+0000] {logging_mixin.py:188} INFO - [2025-12-01T20:05:39.785+0000] {dag.py:3089} INFO - Sync 1 DAGs
[2025-12-01T20:05:39.810+0000] {logging_mixin.py:188} INFO - [2025-12-01T20:05:39.809+0000] {dag.py:3947} INFO - Setting next_dagrun for metar_pipeline to 2025-12-01 20:00:00+00:00, run_after=2025-12-01 20:30:00+00:00
[2025-12-01T20:05:39.838+0000] {processor.py:183} INFO - Processing /opt/airflow/dags/metar_pipeline_dag.py took 0.136 seconds
[2025-12-01T20:06:09.980+0000] {processor.py:161} INFO - Started process (PID=38) to work on /opt/airflow/dags/metar_pipeline_dag.py
[2025-12-01T20:06:09.982+0000] {processor.py:830} INFO - Processing file /opt/airflow/dags/metar_pipeline_dag.py for tasks to queue
[2025-12-01T20:06:09.984+0000] {logging_mixin.py:188} INFO - [2025-12-01T20:06:09.984+0000] {dagbag.py:545} INFO - Filling up the DagBag from /opt/airflow/dags/metar_pipeline_dag.py
[2025-12-01T20:06:10.005+0000] {processor.py:840} INFO - DAG(s) 'metar_pipeline' retrieved from /opt/airflow/dags/metar_pipeline_dag.py
[2025-12-01T20:06:10.052+0000] {logging_mixin.py:188} INFO - [2025-12-01T20:06:10.052+0000] {dag.py:3089} INFO - Sync 1 DAGs
[2025-12-01T20:06:10.078+0000] {logging_mixin.py:188} INFO - [2025-12-01T20:06:10.078+0000] {dag.py:3947} INFO - Setting next_dagrun for metar_pipeline to 2025-12-01 20:00:00+00:00, run_after=2025-12-01 20:30:00+00:00
[2025-12-01T20:06:10.100+0000] {processor.py:183} INFO - Processing /opt/airflow/dags/metar_pipeline_dag.py took 0.127 seconds
[2025-12-01T20:06:40.241+0000] {processor.py:161} INFO - Started process (PID=39) to work on /opt/airflow/dags/metar_pipeline_dag.py
[2025-12-01T20:06:40.243+0000] {processor.py:830} INFO - Processing file /opt/airflow/dags/metar_pipeline_dag.py for tasks to queue
[2025-12-01T20:06:40.244+0000] {logging_mixin.py:188} INFO - [2025-12-01T20:06:40.244+0000] {dagbag.py:545} INFO - Filling up the DagBag from /opt/airflow/dags/metar_pipeline_dag.py
[2025-12-01T20:06:40.264+0000] {processor.py:840} INFO - DAG(s) 'metar_pipeline' retrieved from /opt/airflow/dags/metar_pipeline_dag.py
[2025-12-01T20:06:40.307+0000] {logging_mixin.py:188} INFO - [2025-12-01T20:06:40.307+0000] {dag.py:3089} INFO - Sync 1 DAGs
[2025-12-01T20:06:40.332+0000] {logging_mixin.py:188} INFO - [2025-12-01T20:06:40.331+0000] {dag.py:3947} INFO - Setting next_dagrun for metar_pipeline to 2025-12-01 20:00:00+00:00, run_after=2025-12-01 20:30:00+00:00
[2025-12-01T20:06:40.351+0000] {processor.py:183} INFO - Processing /opt/airflow/dags/metar_pipeline_dag.py took 0.117 seconds
[2025-12-01T20:07:10.505+0000] {processor.py:161} INFO - Started process (PID=40) to work on /opt/airflow/dags/metar_pipeline_dag.py
[2025-12-01T20:07:10.506+0000] {processor.py:830} INFO - Processing file /opt/airflow/dags/metar_pipeline_dag.py for tasks to queue
[2025-12-01T20:07:10.507+0000] {logging_mixin.py:188} INFO - [2025-12-01T20:07:10.507+0000] {dagbag.py:545} INFO - Filling up the DagBag from /opt/airflow/dags/metar_pipeline_dag.py
[2025-12-01T20:07:10.526+0000] {processor.py:840} INFO - DAG(s) 'metar_pipeline' retrieved from /opt/airflow/dags/metar_pipeline_dag.py
[2025-12-01T20:07:10.571+0000] {logging_mixin.py:188} INFO - [2025-12-01T20:07:10.571+0000] {dag.py:3089} INFO - Sync 1 DAGs
[2025-12-01T20:07:10.595+0000] {logging_mixin.py:188} INFO - [2025-12-01T20:07:10.595+0000] {dag.py:3947} INFO - Setting next_dagrun for metar_pipeline to 2025-12-01 20:00:00+00:00, run_after=2025-12-01 20:30:00+00:00
[2025-12-01T20:07:10.618+0000] {processor.py:183} INFO - Processing /opt/airflow/dags/metar_pipeline_dag.py took 0.119 seconds
[2025-12-01T20:07:40.772+0000] {processor.py:161} INFO - Started process (PID=41) to work on /opt/airflow/dags/metar_pipeline_dag.py
[2025-12-01T20:07:40.773+0000] {processor.py:830} INFO - Processing file /opt/airflow/dags/metar_pipeline_dag.py for tasks to queue
[2025-12-01T20:07:40.775+0000] {logging_mixin.py:188} INFO - [2025-12-01T20:07:40.774+0000] {dagbag.py:545} INFO - Filling up the DagBag from /opt/airflow/dags/metar_pipeline_dag.py
[2025-12-01T20:07:40.794+0000] {processor.py:840} INFO - DAG(s) 'metar_pipeline' retrieved from /opt/airflow/dags/metar_pipeline_dag.py
[2025-12-01T20:07:40.838+0000] {logging_mixin.py:188} INFO - [2025-12-01T20:07:40.837+0000] {dag.py:3089} INFO - Sync 1 DAGs
[2025-12-01T20:07:40.862+0000] {logging_mixin.py:188} INFO - [2025-12-01T20:07:40.861+0000] {dag.py:3947} INFO - Setting next_dagrun for metar_pipeline to 2025-12-01 20:00:00+00:00, run_after=2025-12-01 20:30:00+00:00
[2025-12-01T20:07:40.882+0000] {processor.py:183} INFO - Processing /opt/airflow/dags/metar_pipeline_dag.py took 0.117 seconds
[2025-12-01T20:08:11.034+0000] {processor.py:161} INFO - Started process (PID=42) to work on /opt/airflow/dags/metar_pipeline_dag.py
[2025-12-01T20:08:11.035+0000] {processor.py:830} INFO - Processing file /opt/airflow/dags/metar_pipeline_dag.py for tasks to queue
[2025-12-01T20:08:11.037+0000] {logging_mixin.py:188} INFO - [2025-12-01T20:08:11.037+0000] {dagbag.py:545} INFO - Filling up the DagBag from /opt/airflow/dags/metar_pipeline_dag.py
[2025-12-01T20:08:11.055+0000] {processor.py:840} INFO - DAG(s) 'metar_pipeline' retrieved from /opt/airflow/dags/metar_pipeline_dag.py
[2025-12-01T20:08:11.097+0000] {logging_mixin.py:188} INFO - [2025-12-01T20:08:11.096+0000] {dag.py:3089} INFO - Sync 1 DAGs
[2025-12-01T20:08:11.119+0000] {logging_mixin.py:188} INFO - [2025-12-01T20:08:11.119+0000] {dag.py:3947} INFO - Setting next_dagrun for metar_pipeline to 2025-12-01 20:00:00+00:00, run_after=2025-12-01 20:30:00+00:00
[2025-12-01T20:08:11.138+0000] {processor.py:183} INFO - Processing /opt/airflow/dags/metar_pipeline_dag.py took 0.110 seconds
[2025-12-01T20:08:41.194+0000] {processor.py:161} INFO - Started process (PID=43) to work on /opt/airflow/dags/metar_pipeline_dag.py
[2025-12-01T20:08:41.195+0000] {processor.py:830} INFO - Processing file /opt/airflow/dags/metar_pipeline_dag.py for tasks to queue
[2025-12-01T20:08:41.196+0000] {logging_mixin.py:188} INFO - [2025-12-01T20:08:41.196+0000] {dagbag.py:545} INFO - Filling up the DagBag from /opt/airflow/dags/metar_pipeline_dag.py
[2025-12-01T20:08:41.221+0000] {processor.py:840} INFO - DAG(s) 'metar_pipeline' retrieved from /opt/airflow/dags/metar_pipeline_dag.py
[2025-12-01T20:08:41.267+0000] {logging_mixin.py:188} INFO - [2025-12-01T20:08:41.267+0000] {dag.py:3089} INFO - Sync 1 DAGs
[2025-12-01T20:08:41.290+0000] {logging_mixin.py:188} INFO - [2025-12-01T20:08:41.290+0000] {dag.py:3947} INFO - Setting next_dagrun for metar_pipeline to 2025-12-01 20:00:00+00:00, run_after=2025-12-01 20:30:00+00:00
[2025-12-01T20:08:41.313+0000] {processor.py:183} INFO - Processing /opt/airflow/dags/metar_pipeline_dag.py took 0.125 seconds
[2025-12-01T20:09:11.408+0000] {processor.py:161} INFO - Started process (PID=44) to work on /opt/airflow/dags/metar_pipeline_dag.py
[2025-12-01T20:09:11.409+0000] {processor.py:830} INFO - Processing file /opt/airflow/dags/metar_pipeline_dag.py for tasks to queue
[2025-12-01T20:09:11.411+0000] {logging_mixin.py:188} INFO - [2025-12-01T20:09:11.410+0000] {dagbag.py:545} INFO - Filling up the DagBag from /opt/airflow/dags/metar_pipeline_dag.py
[2025-12-01T20:09:11.430+0000] {processor.py:840} INFO - DAG(s) 'metar_pipeline' retrieved from /opt/airflow/dags/metar_pipeline_dag.py
[2025-12-01T20:09:11.483+0000] {logging_mixin.py:188} INFO - [2025-12-01T20:09:11.483+0000] {dag.py:3089} INFO - Sync 1 DAGs
[2025-12-01T20:09:11.508+0000] {logging_mixin.py:188} INFO - [2025-12-01T20:09:11.508+0000] {dag.py:3947} INFO - Setting next_dagrun for metar_pipeline to 2025-12-01 20:00:00+00:00, run_after=2025-12-01 20:30:00+00:00
[2025-12-01T20:09:11.528+0000] {processor.py:183} INFO - Processing /opt/airflow/dags/metar_pipeline_dag.py took 0.126 seconds
[2025-12-01T20:09:41.571+0000] {processor.py:161} INFO - Started process (PID=45) to work on /opt/airflow/dags/metar_pipeline_dag.py
[2025-12-01T20:09:41.572+0000] {processor.py:830} INFO - Processing file /opt/airflow/dags/metar_pipeline_dag.py for tasks to queue
[2025-12-01T20:09:41.574+0000] {logging_mixin.py:188} INFO - [2025-12-01T20:09:41.573+0000] {dagbag.py:545} INFO - Filling up the DagBag from /opt/airflow/dags/metar_pipeline_dag.py
[2025-12-01T20:09:41.594+0000] {processor.py:840} INFO - DAG(s) 'metar_pipeline' retrieved from /opt/airflow/dags/metar_pipeline_dag.py
[2025-12-01T20:09:41.637+0000] {logging_mixin.py:188} INFO - [2025-12-01T20:09:41.637+0000] {dag.py:3089} INFO - Sync 1 DAGs
[2025-12-01T20:09:41.662+0000] {logging_mixin.py:188} INFO - [2025-12-01T20:09:41.662+0000] {dag.py:3947} INFO - Setting next_dagrun for metar_pipeline to 2025-12-01 20:00:00+00:00, run_after=2025-12-01 20:30:00+00:00
[2025-12-01T20:09:41.682+0000] {processor.py:183} INFO - Processing /opt/airflow/dags/metar_pipeline_dag.py took 0.117 seconds
[2025-12-01T20:10:11.785+0000] {processor.py:161} INFO - Started process (PID=46) to work on /opt/airflow/dags/metar_pipeline_dag.py
[2025-12-01T20:10:11.786+0000] {processor.py:830} INFO - Processing file /opt/airflow/dags/metar_pipeline_dag.py for tasks to queue
[2025-12-01T20:10:11.788+0000] {logging_mixin.py:188} INFO - [2025-12-01T20:10:11.787+0000] {dagbag.py:545} INFO - Filling up the DagBag from /opt/airflow/dags/metar_pipeline_dag.py
[2025-12-01T20:10:11.805+0000] {processor.py:840} INFO - DAG(s) 'metar_pipeline' retrieved from /opt/airflow/dags/metar_pipeline_dag.py
[2025-12-01T20:10:11.846+0000] {logging_mixin.py:188} INFO - [2025-12-01T20:10:11.846+0000] {dag.py:3089} INFO - Sync 1 DAGs
[2025-12-01T20:10:11.869+0000] {logging_mixin.py:188} INFO - [2025-12-01T20:10:11.868+0000] {dag.py:3947} INFO - Setting next_dagrun for metar_pipeline to 2025-12-01 20:00:00+00:00, run_after=2025-12-01 20:30:00+00:00
[2025-12-01T20:10:11.887+0000] {processor.py:183} INFO - Processing /opt/airflow/dags/metar_pipeline_dag.py took 0.107 seconds
[2025-12-01T20:10:41.946+0000] {processor.py:161} INFO - Started process (PID=47) to work on /opt/airflow/dags/metar_pipeline_dag.py
[2025-12-01T20:10:41.947+0000] {processor.py:830} INFO - Processing file /opt/airflow/dags/metar_pipeline_dag.py for tasks to queue
[2025-12-01T20:10:41.949+0000] {logging_mixin.py:188} INFO - [2025-12-01T20:10:41.949+0000] {dagbag.py:545} INFO - Filling up the DagBag from /opt/airflow/dags/metar_pipeline_dag.py
[2025-12-01T20:10:41.971+0000] {processor.py:840} INFO - DAG(s) 'metar_pipeline' retrieved from /opt/airflow/dags/metar_pipeline_dag.py
[2025-12-01T20:10:42.017+0000] {logging_mixin.py:188} INFO - [2025-12-01T20:10:42.017+0000] {dag.py:3089} INFO - Sync 1 DAGs
[2025-12-01T20:10:42.041+0000] {logging_mixin.py:188} INFO - [2025-12-01T20:10:42.040+0000] {dag.py:3947} INFO - Setting next_dagrun for metar_pipeline to 2025-12-01 20:00:00+00:00, run_after=2025-12-01 20:30:00+00:00
[2025-12-01T20:10:42.064+0000] {processor.py:183} INFO - Processing /opt/airflow/dags/metar_pipeline_dag.py took 0.126 seconds
[2025-12-01T20:11:15.297+0000] {processor.py:161} INFO - Started process (PID=33) to work on /opt/airflow/dags/metar_pipeline_dag.py
[2025-12-01T20:11:15.298+0000] {processor.py:830} INFO - Processing file /opt/airflow/dags/metar_pipeline_dag.py for tasks to queue
[2025-12-01T20:11:15.300+0000] {logging_mixin.py:188} INFO - [2025-12-01T20:11:15.300+0000] {dagbag.py:545} INFO - Filling up the DagBag from /opt/airflow/dags/metar_pipeline_dag.py
[2025-12-01T20:11:15.330+0000] {processor.py:840} INFO - DAG(s) 'metar_pipeline' retrieved from /opt/airflow/dags/metar_pipeline_dag.py
[2025-12-01T20:11:15.594+0000] {logging_mixin.py:188} INFO - [2025-12-01T20:11:15.593+0000] {dag.py:3089} INFO - Sync 1 DAGs
[2025-12-01T20:11:15.619+0000] {logging_mixin.py:188} INFO - [2025-12-01T20:11:15.619+0000] {dag.py:3947} INFO - Setting next_dagrun for metar_pipeline to 2025-12-01 20:00:00+00:00, run_after=2025-12-01 20:30:00+00:00
[2025-12-01T20:11:15.657+0000] {processor.py:183} INFO - Processing /opt/airflow/dags/metar_pipeline_dag.py took 0.365 seconds
[2025-12-01T20:11:45.819+0000] {processor.py:161} INFO - Started process (PID=34) to work on /opt/airflow/dags/metar_pipeline_dag.py
[2025-12-01T20:11:45.820+0000] {processor.py:830} INFO - Processing file /opt/airflow/dags/metar_pipeline_dag.py for tasks to queue
[2025-12-01T20:11:45.822+0000] {logging_mixin.py:188} INFO - [2025-12-01T20:11:45.821+0000] {dagbag.py:545} INFO - Filling up the DagBag from /opt/airflow/dags/metar_pipeline_dag.py
[2025-12-01T20:11:45.841+0000] {processor.py:840} INFO - DAG(s) 'metar_pipeline' retrieved from /opt/airflow/dags/metar_pipeline_dag.py
[2025-12-01T20:11:45.884+0000] {logging_mixin.py:188} INFO - [2025-12-01T20:11:45.884+0000] {dag.py:3089} INFO - Sync 1 DAGs
[2025-12-01T20:11:45.908+0000] {logging_mixin.py:188} INFO - [2025-12-01T20:11:45.908+0000] {dag.py:3947} INFO - Setting next_dagrun for metar_pipeline to 2025-12-01 20:00:00+00:00, run_after=2025-12-01 20:30:00+00:00
[2025-12-01T20:11:45.930+0000] {processor.py:183} INFO - Processing /opt/airflow/dags/metar_pipeline_dag.py took 0.117 seconds
[2025-12-01T20:12:16.071+0000] {processor.py:161} INFO - Started process (PID=35) to work on /opt/airflow/dags/metar_pipeline_dag.py
[2025-12-01T20:12:16.072+0000] {processor.py:830} INFO - Processing file /opt/airflow/dags/metar_pipeline_dag.py for tasks to queue
[2025-12-01T20:12:16.074+0000] {logging_mixin.py:188} INFO - [2025-12-01T20:12:16.074+0000] {dagbag.py:545} INFO - Filling up the DagBag from /opt/airflow/dags/metar_pipeline_dag.py
[2025-12-01T20:12:16.092+0000] {processor.py:840} INFO - DAG(s) 'metar_pipeline' retrieved from /opt/airflow/dags/metar_pipeline_dag.py
[2025-12-01T20:12:16.135+0000] {logging_mixin.py:188} INFO - [2025-12-01T20:12:16.134+0000] {dag.py:3089} INFO - Sync 1 DAGs
[2025-12-01T20:12:16.158+0000] {logging_mixin.py:188} INFO - [2025-12-01T20:12:16.158+0000] {dag.py:3947} INFO - Setting next_dagrun for metar_pipeline to 2025-12-01 20:00:00+00:00, run_after=2025-12-01 20:30:00+00:00
[2025-12-01T20:12:16.183+0000] {processor.py:183} INFO - Processing /opt/airflow/dags/metar_pipeline_dag.py took 0.119 seconds
[2025-12-01T20:12:46.329+0000] {processor.py:161} INFO - Started process (PID=36) to work on /opt/airflow/dags/metar_pipeline_dag.py
[2025-12-01T20:12:46.331+0000] {processor.py:830} INFO - Processing file /opt/airflow/dags/metar_pipeline_dag.py for tasks to queue
[2025-12-01T20:12:46.333+0000] {logging_mixin.py:188} INFO - [2025-12-01T20:12:46.332+0000] {dagbag.py:545} INFO - Filling up the DagBag from /opt/airflow/dags/metar_pipeline_dag.py
[2025-12-01T20:12:46.360+0000] {processor.py:840} INFO - DAG(s) 'metar_pipeline' retrieved from /opt/airflow/dags/metar_pipeline_dag.py
[2025-12-01T20:12:46.409+0000] {logging_mixin.py:188} INFO - [2025-12-01T20:12:46.409+0000] {dag.py:3089} INFO - Sync 1 DAGs
[2025-12-01T20:12:46.436+0000] {logging_mixin.py:188} INFO - [2025-12-01T20:12:46.436+0000] {dag.py:3947} INFO - Setting next_dagrun for metar_pipeline to 2025-12-01 20:00:00+00:00, run_after=2025-12-01 20:30:00+00:00
[2025-12-01T20:12:46.463+0000] {processor.py:183} INFO - Processing /opt/airflow/dags/metar_pipeline_dag.py took 0.142 seconds
[2025-12-01T20:13:16.617+0000] {processor.py:161} INFO - Started process (PID=37) to work on /opt/airflow/dags/metar_pipeline_dag.py
[2025-12-01T20:13:16.618+0000] {processor.py:830} INFO - Processing file /opt/airflow/dags/metar_pipeline_dag.py for tasks to queue
[2025-12-01T20:13:16.620+0000] {logging_mixin.py:188} INFO - [2025-12-01T20:13:16.620+0000] {dagbag.py:545} INFO - Filling up the DagBag from /opt/airflow/dags/metar_pipeline_dag.py
[2025-12-01T20:13:16.642+0000] {processor.py:840} INFO - DAG(s) 'metar_pipeline' retrieved from /opt/airflow/dags/metar_pipeline_dag.py
[2025-12-01T20:13:16.690+0000] {logging_mixin.py:188} INFO - [2025-12-01T20:13:16.690+0000] {dag.py:3089} INFO - Sync 1 DAGs
[2025-12-01T20:13:16.719+0000] {logging_mixin.py:188} INFO - [2025-12-01T20:13:16.719+0000] {dag.py:3947} INFO - Setting next_dagrun for metar_pipeline to 2025-12-01 20:00:00+00:00, run_after=2025-12-01 20:30:00+00:00
[2025-12-01T20:13:16.740+0000] {processor.py:183} INFO - Processing /opt/airflow/dags/metar_pipeline_dag.py took 0.130 seconds
[2025-12-01T20:13:46.894+0000] {processor.py:161} INFO - Started process (PID=38) to work on /opt/airflow/dags/metar_pipeline_dag.py
[2025-12-01T20:13:46.895+0000] {processor.py:830} INFO - Processing file /opt/airflow/dags/metar_pipeline_dag.py for tasks to queue
[2025-12-01T20:13:46.897+0000] {logging_mixin.py:188} INFO - [2025-12-01T20:13:46.897+0000] {dagbag.py:545} INFO - Filling up the DagBag from /opt/airflow/dags/metar_pipeline_dag.py
[2025-12-01T20:13:46.916+0000] {processor.py:840} INFO - DAG(s) 'metar_pipeline' retrieved from /opt/airflow/dags/metar_pipeline_dag.py
[2025-12-01T20:13:46.961+0000] {logging_mixin.py:188} INFO - [2025-12-01T20:13:46.961+0000] {dag.py:3089} INFO - Sync 1 DAGs
[2025-12-01T20:13:46.986+0000] {logging_mixin.py:188} INFO - [2025-12-01T20:13:46.985+0000] {dag.py:3947} INFO - Setting next_dagrun for metar_pipeline to 2025-12-01 20:00:00+00:00, run_after=2025-12-01 20:30:00+00:00
[2025-12-01T20:13:47.007+0000] {processor.py:183} INFO - Processing /opt/airflow/dags/metar_pipeline_dag.py took 0.120 seconds
[2025-12-01T20:14:17.151+0000] {processor.py:161} INFO - Started process (PID=39) to work on /opt/airflow/dags/metar_pipeline_dag.py
[2025-12-01T20:14:17.152+0000] {processor.py:830} INFO - Processing file /opt/airflow/dags/metar_pipeline_dag.py for tasks to queue
[2025-12-01T20:14:17.154+0000] {logging_mixin.py:188} INFO - [2025-12-01T20:14:17.154+0000] {dagbag.py:545} INFO - Filling up the DagBag from /opt/airflow/dags/metar_pipeline_dag.py
[2025-12-01T20:14:17.173+0000] {processor.py:840} INFO - DAG(s) 'metar_pipeline' retrieved from /opt/airflow/dags/metar_pipeline_dag.py
[2025-12-01T20:14:17.217+0000] {logging_mixin.py:188} INFO - [2025-12-01T20:14:17.217+0000] {dag.py:3089} INFO - Sync 1 DAGs
[2025-12-01T20:14:17.240+0000] {logging_mixin.py:188} INFO - [2025-12-01T20:14:17.240+0000] {dag.py:3947} INFO - Setting next_dagrun for metar_pipeline to 2025-12-01 20:00:00+00:00, run_after=2025-12-01 20:30:00+00:00
[2025-12-01T20:14:17.261+0000] {processor.py:183} INFO - Processing /opt/airflow/dags/metar_pipeline_dag.py took 0.116 seconds
[2025-12-01T20:14:47.402+0000] {processor.py:161} INFO - Started process (PID=40) to work on /opt/airflow/dags/metar_pipeline_dag.py
[2025-12-01T20:14:47.403+0000] {processor.py:830} INFO - Processing file /opt/airflow/dags/metar_pipeline_dag.py for tasks to queue
[2025-12-01T20:14:47.404+0000] {logging_mixin.py:188} INFO - [2025-12-01T20:14:47.404+0000] {dagbag.py:545} INFO - Filling up the DagBag from /opt/airflow/dags/metar_pipeline_dag.py
[2025-12-01T20:14:47.423+0000] {processor.py:840} INFO - DAG(s) 'metar_pipeline' retrieved from /opt/airflow/dags/metar_pipeline_dag.py
[2025-12-01T20:14:47.465+0000] {logging_mixin.py:188} INFO - [2025-12-01T20:14:47.465+0000] {dag.py:3089} INFO - Sync 1 DAGs
[2025-12-01T20:14:47.492+0000] {logging_mixin.py:188} INFO - [2025-12-01T20:14:47.491+0000] {dag.py:3947} INFO - Setting next_dagrun for metar_pipeline to 2025-12-01 20:00:00+00:00, run_after=2025-12-01 20:30:00+00:00
[2025-12-01T20:14:47.512+0000] {processor.py:183} INFO - Processing /opt/airflow/dags/metar_pipeline_dag.py took 0.117 seconds
[2025-12-01T20:15:17.654+0000] {processor.py:161} INFO - Started process (PID=41) to work on /opt/airflow/dags/metar_pipeline_dag.py
[2025-12-01T20:15:17.655+0000] {processor.py:830} INFO - Processing file /opt/airflow/dags/metar_pipeline_dag.py for tasks to queue
[2025-12-01T20:15:17.657+0000] {logging_mixin.py:188} INFO - [2025-12-01T20:15:17.657+0000] {dagbag.py:545} INFO - Filling up the DagBag from /opt/airflow/dags/metar_pipeline_dag.py
[2025-12-01T20:15:17.677+0000] {processor.py:840} INFO - DAG(s) 'metar_pipeline' retrieved from /opt/airflow/dags/metar_pipeline_dag.py
[2025-12-01T20:15:17.725+0000] {logging_mixin.py:188} INFO - [2025-12-01T20:15:17.725+0000] {dag.py:3089} INFO - Sync 1 DAGs
[2025-12-01T20:15:17.751+0000] {logging_mixin.py:188} INFO - [2025-12-01T20:15:17.751+0000] {dag.py:3947} INFO - Setting next_dagrun for metar_pipeline to 2025-12-01 20:00:00+00:00, run_after=2025-12-01 20:30:00+00:00
[2025-12-01T20:15:17.773+0000] {processor.py:183} INFO - Processing /opt/airflow/dags/metar_pipeline_dag.py took 0.125 seconds
[2025-12-01T20:15:47.916+0000] {processor.py:161} INFO - Started process (PID=42) to work on /opt/airflow/dags/metar_pipeline_dag.py
[2025-12-01T20:15:47.917+0000] {processor.py:830} INFO - Processing file /opt/airflow/dags/metar_pipeline_dag.py for tasks to queue
[2025-12-01T20:15:47.919+0000] {logging_mixin.py:188} INFO - [2025-12-01T20:15:47.918+0000] {dagbag.py:545} INFO - Filling up the DagBag from /opt/airflow/dags/metar_pipeline_dag.py
[2025-12-01T20:15:47.938+0000] {processor.py:840} INFO - DAG(s) 'metar_pipeline' retrieved from /opt/airflow/dags/metar_pipeline_dag.py
[2025-12-01T20:15:47.980+0000] {logging_mixin.py:188} INFO - [2025-12-01T20:15:47.980+0000] {dag.py:3089} INFO - Sync 1 DAGs
[2025-12-01T20:15:48.007+0000] {logging_mixin.py:188} INFO - [2025-12-01T20:15:48.007+0000] {dag.py:3947} INFO - Setting next_dagrun for metar_pipeline to 2025-12-01 20:00:00+00:00, run_after=2025-12-01 20:30:00+00:00
[2025-12-01T20:15:48.032+0000] {processor.py:183} INFO - Processing /opt/airflow/dags/metar_pipeline_dag.py took 0.123 seconds
[2025-12-01T20:16:18.078+0000] {processor.py:161} INFO - Started process (PID=43) to work on /opt/airflow/dags/metar_pipeline_dag.py
[2025-12-01T20:16:18.079+0000] {processor.py:830} INFO - Processing file /opt/airflow/dags/metar_pipeline_dag.py for tasks to queue
[2025-12-01T20:16:18.081+0000] {logging_mixin.py:188} INFO - [2025-12-01T20:16:18.080+0000] {dagbag.py:545} INFO - Filling up the DagBag from /opt/airflow/dags/metar_pipeline_dag.py
[2025-12-01T20:16:18.099+0000] {processor.py:840} INFO - DAG(s) 'metar_pipeline' retrieved from /opt/airflow/dags/metar_pipeline_dag.py
[2025-12-01T20:16:18.143+0000] {logging_mixin.py:188} INFO - [2025-12-01T20:16:18.143+0000] {dag.py:3089} INFO - Sync 1 DAGs
[2025-12-01T20:16:18.168+0000] {logging_mixin.py:188} INFO - [2025-12-01T20:16:18.168+0000] {dag.py:3947} INFO - Setting next_dagrun for metar_pipeline to 2025-12-01 20:00:00+00:00, run_after=2025-12-01 20:30:00+00:00
[2025-12-01T20:16:18.189+0000] {processor.py:183} INFO - Processing /opt/airflow/dags/metar_pipeline_dag.py took 0.117 seconds
[2025-12-01T20:16:48.288+0000] {processor.py:161} INFO - Started process (PID=44) to work on /opt/airflow/dags/metar_pipeline_dag.py
[2025-12-01T20:16:48.289+0000] {processor.py:830} INFO - Processing file /opt/airflow/dags/metar_pipeline_dag.py for tasks to queue
[2025-12-01T20:16:48.291+0000] {logging_mixin.py:188} INFO - [2025-12-01T20:16:48.290+0000] {dagbag.py:545} INFO - Filling up the DagBag from /opt/airflow/dags/metar_pipeline_dag.py
[2025-12-01T20:16:48.311+0000] {processor.py:840} INFO - DAG(s) 'metar_pipeline' retrieved from /opt/airflow/dags/metar_pipeline_dag.py
[2025-12-01T20:16:48.354+0000] {logging_mixin.py:188} INFO - [2025-12-01T20:16:48.354+0000] {dag.py:3089} INFO - Sync 1 DAGs
[2025-12-01T20:16:48.379+0000] {logging_mixin.py:188} INFO - [2025-12-01T20:16:48.378+0000] {dag.py:3947} INFO - Setting next_dagrun for metar_pipeline to 2025-12-01 20:00:00+00:00, run_after=2025-12-01 20:30:00+00:00
[2025-12-01T20:16:48.398+0000] {processor.py:183} INFO - Processing /opt/airflow/dags/metar_pipeline_dag.py took 0.116 seconds
[2025-12-01T20:17:18.444+0000] {processor.py:161} INFO - Started process (PID=45) to work on /opt/airflow/dags/metar_pipeline_dag.py
[2025-12-01T20:17:18.445+0000] {processor.py:830} INFO - Processing file /opt/airflow/dags/metar_pipeline_dag.py for tasks to queue
[2025-12-01T20:17:18.447+0000] {logging_mixin.py:188} INFO - [2025-12-01T20:17:18.447+0000] {dagbag.py:545} INFO - Filling up the DagBag from /opt/airflow/dags/metar_pipeline_dag.py
[2025-12-01T20:17:18.467+0000] {processor.py:840} INFO - DAG(s) 'metar_pipeline' retrieved from /opt/airflow/dags/metar_pipeline_dag.py
[2025-12-01T20:17:18.517+0000] {logging_mixin.py:188} INFO - [2025-12-01T20:17:18.516+0000] {dag.py:3089} INFO - Sync 1 DAGs
[2025-12-01T20:17:18.544+0000] {logging_mixin.py:188} INFO - [2025-12-01T20:17:18.544+0000] {dag.py:3947} INFO - Setting next_dagrun for metar_pipeline to 2025-12-01 20:00:00+00:00, run_after=2025-12-01 20:30:00+00:00
[2025-12-01T20:17:18.583+0000] {processor.py:183} INFO - Processing /opt/airflow/dags/metar_pipeline_dag.py took 0.145 seconds
[2025-12-01T20:17:48.669+0000] {processor.py:161} INFO - Started process (PID=46) to work on /opt/airflow/dags/metar_pipeline_dag.py
[2025-12-01T20:17:48.669+0000] {processor.py:830} INFO - Processing file /opt/airflow/dags/metar_pipeline_dag.py for tasks to queue
[2025-12-01T20:17:48.672+0000] {logging_mixin.py:188} INFO - [2025-12-01T20:17:48.672+0000] {dagbag.py:545} INFO - Filling up the DagBag from /opt/airflow/dags/metar_pipeline_dag.py
[2025-12-01T20:17:48.694+0000] {processor.py:840} INFO - DAG(s) 'metar_pipeline' retrieved from /opt/airflow/dags/metar_pipeline_dag.py
[2025-12-01T20:17:48.742+0000] {logging_mixin.py:188} INFO - [2025-12-01T20:17:48.741+0000] {dag.py:3089} INFO - Sync 1 DAGs
[2025-12-01T20:17:48.770+0000] {logging_mixin.py:188} INFO - [2025-12-01T20:17:48.769+0000] {dag.py:3947} INFO - Setting next_dagrun for metar_pipeline to 2025-12-01 20:00:00+00:00, run_after=2025-12-01 20:30:00+00:00
[2025-12-01T20:17:48.792+0000] {processor.py:183} INFO - Processing /opt/airflow/dags/metar_pipeline_dag.py took 0.130 seconds
[2025-12-01T20:18:18.849+0000] {processor.py:161} INFO - Started process (PID=47) to work on /opt/airflow/dags/metar_pipeline_dag.py
[2025-12-01T20:18:18.850+0000] {processor.py:830} INFO - Processing file /opt/airflow/dags/metar_pipeline_dag.py for tasks to queue
[2025-12-01T20:18:18.852+0000] {logging_mixin.py:188} INFO - [2025-12-01T20:18:18.852+0000] {dagbag.py:545} INFO - Filling up the DagBag from /opt/airflow/dags/metar_pipeline_dag.py
[2025-12-01T20:18:18.872+0000] {processor.py:840} INFO - DAG(s) 'metar_pipeline' retrieved from /opt/airflow/dags/metar_pipeline_dag.py
[2025-12-01T20:18:18.915+0000] {logging_mixin.py:188} INFO - [2025-12-01T20:18:18.914+0000] {dag.py:3089} INFO - Sync 1 DAGs
[2025-12-01T20:18:18.939+0000] {logging_mixin.py:188} INFO - [2025-12-01T20:18:18.939+0000] {dag.py:3947} INFO - Setting next_dagrun for metar_pipeline to 2025-12-01 20:00:00+00:00, run_after=2025-12-01 20:30:00+00:00
[2025-12-01T20:18:18.962+0000] {processor.py:183} INFO - Processing /opt/airflow/dags/metar_pipeline_dag.py took 0.119 seconds
[2025-12-01T20:18:49.063+0000] {processor.py:161} INFO - Started process (PID=48) to work on /opt/airflow/dags/metar_pipeline_dag.py
[2025-12-01T20:18:49.064+0000] {processor.py:830} INFO - Processing file /opt/airflow/dags/metar_pipeline_dag.py for tasks to queue
[2025-12-01T20:18:49.067+0000] {logging_mixin.py:188} INFO - [2025-12-01T20:18:49.066+0000] {dagbag.py:545} INFO - Filling up the DagBag from /opt/airflow/dags/metar_pipeline_dag.py
[2025-12-01T20:18:49.088+0000] {processor.py:840} INFO - DAG(s) 'metar_pipeline' retrieved from /opt/airflow/dags/metar_pipeline_dag.py
[2025-12-01T20:18:49.134+0000] {logging_mixin.py:188} INFO - [2025-12-01T20:18:49.133+0000] {dag.py:3089} INFO - Sync 1 DAGs
[2025-12-01T20:18:49.161+0000] {logging_mixin.py:188} INFO - [2025-12-01T20:18:49.161+0000] {dag.py:3947} INFO - Setting next_dagrun for metar_pipeline to 2025-12-01 20:00:00+00:00, run_after=2025-12-01 20:30:00+00:00
[2025-12-01T20:18:49.183+0000] {processor.py:183} INFO - Processing /opt/airflow/dags/metar_pipeline_dag.py took 0.128 seconds
[2025-12-01T20:19:19.230+0000] {processor.py:161} INFO - Started process (PID=49) to work on /opt/airflow/dags/metar_pipeline_dag.py
[2025-12-01T20:19:19.230+0000] {processor.py:830} INFO - Processing file /opt/airflow/dags/metar_pipeline_dag.py for tasks to queue
[2025-12-01T20:19:19.233+0000] {logging_mixin.py:188} INFO - [2025-12-01T20:19:19.232+0000] {dagbag.py:545} INFO - Filling up the DagBag from /opt/airflow/dags/metar_pipeline_dag.py
[2025-12-01T20:19:19.253+0000] {processor.py:840} INFO - DAG(s) 'metar_pipeline' retrieved from /opt/airflow/dags/metar_pipeline_dag.py
[2025-12-01T20:19:19.302+0000] {logging_mixin.py:188} INFO - [2025-12-01T20:19:19.302+0000] {dag.py:3089} INFO - Sync 1 DAGs
[2025-12-01T20:19:19.329+0000] {logging_mixin.py:188} INFO - [2025-12-01T20:19:19.329+0000] {dag.py:3947} INFO - Setting next_dagrun for metar_pipeline to 2025-12-01 20:00:00+00:00, run_after=2025-12-01 20:30:00+00:00
[2025-12-01T20:19:19.351+0000] {processor.py:183} INFO - Processing /opt/airflow/dags/metar_pipeline_dag.py took 0.127 seconds
[2025-12-01T20:19:49.435+0000] {processor.py:161} INFO - Started process (PID=50) to work on /opt/airflow/dags/metar_pipeline_dag.py
[2025-12-01T20:19:49.436+0000] {processor.py:830} INFO - Processing file /opt/airflow/dags/metar_pipeline_dag.py for tasks to queue
[2025-12-01T20:19:49.438+0000] {logging_mixin.py:188} INFO - [2025-12-01T20:19:49.438+0000] {dagbag.py:545} INFO - Filling up the DagBag from /opt/airflow/dags/metar_pipeline_dag.py
[2025-12-01T20:19:49.456+0000] {processor.py:840} INFO - DAG(s) 'metar_pipeline' retrieved from /opt/airflow/dags/metar_pipeline_dag.py
[2025-12-01T20:19:49.498+0000] {logging_mixin.py:188} INFO - [2025-12-01T20:19:49.497+0000] {dag.py:3089} INFO - Sync 1 DAGs
[2025-12-01T20:19:49.522+0000] {logging_mixin.py:188} INFO - [2025-12-01T20:19:49.521+0000] {dag.py:3947} INFO - Setting next_dagrun for metar_pipeline to 2025-12-01 20:00:00+00:00, run_after=2025-12-01 20:30:00+00:00
[2025-12-01T20:19:49.542+0000] {processor.py:183} INFO - Processing /opt/airflow/dags/metar_pipeline_dag.py took 0.112 seconds
[2025-12-01T20:20:19.602+0000] {processor.py:161} INFO - Started process (PID=51) to work on /opt/airflow/dags/metar_pipeline_dag.py
[2025-12-01T20:20:19.602+0000] {processor.py:830} INFO - Processing file /opt/airflow/dags/metar_pipeline_dag.py for tasks to queue
[2025-12-01T20:20:19.604+0000] {logging_mixin.py:188} INFO - [2025-12-01T20:20:19.604+0000] {dagbag.py:545} INFO - Filling up the DagBag from /opt/airflow/dags/metar_pipeline_dag.py
[2025-12-01T20:20:19.622+0000] {processor.py:840} INFO - DAG(s) 'metar_pipeline' retrieved from /opt/airflow/dags/metar_pipeline_dag.py
[2025-12-01T20:20:19.669+0000] {logging_mixin.py:188} INFO - [2025-12-01T20:20:19.669+0000] {dag.py:3089} INFO - Sync 1 DAGs
[2025-12-01T20:20:19.695+0000] {logging_mixin.py:188} INFO - [2025-12-01T20:20:19.695+0000] {dag.py:3947} INFO - Setting next_dagrun for metar_pipeline to 2025-12-01 20:00:00+00:00, run_after=2025-12-01 20:30:00+00:00
[2025-12-01T20:20:19.715+0000] {processor.py:183} INFO - Processing /opt/airflow/dags/metar_pipeline_dag.py took 0.120 seconds
[2025-12-01T20:20:49.796+0000] {processor.py:161} INFO - Started process (PID=52) to work on /opt/airflow/dags/metar_pipeline_dag.py
[2025-12-01T20:20:49.796+0000] {processor.py:830} INFO - Processing file /opt/airflow/dags/metar_pipeline_dag.py for tasks to queue
[2025-12-01T20:20:49.798+0000] {logging_mixin.py:188} INFO - [2025-12-01T20:20:49.798+0000] {dagbag.py:545} INFO - Filling up the DagBag from /opt/airflow/dags/metar_pipeline_dag.py
[2025-12-01T20:20:49.817+0000] {processor.py:840} INFO - DAG(s) 'metar_pipeline' retrieved from /opt/airflow/dags/metar_pipeline_dag.py
[2025-12-01T20:20:49.864+0000] {logging_mixin.py:188} INFO - [2025-12-01T20:20:49.863+0000] {dag.py:3089} INFO - Sync 1 DAGs
[2025-12-01T20:20:49.892+0000] {logging_mixin.py:188} INFO - [2025-12-01T20:20:49.892+0000] {dag.py:3947} INFO - Setting next_dagrun for metar_pipeline to 2025-12-01 20:00:00+00:00, run_after=2025-12-01 20:30:00+00:00
[2025-12-01T20:20:49.917+0000] {processor.py:183} INFO - Processing /opt/airflow/dags/metar_pipeline_dag.py took 0.127 seconds
[2025-12-01T20:21:19.983+0000] {processor.py:161} INFO - Started process (PID=53) to work on /opt/airflow/dags/metar_pipeline_dag.py
[2025-12-01T20:21:19.983+0000] {processor.py:830} INFO - Processing file /opt/airflow/dags/metar_pipeline_dag.py for tasks to queue
[2025-12-01T20:21:19.985+0000] {logging_mixin.py:188} INFO - [2025-12-01T20:21:19.985+0000] {dagbag.py:545} INFO - Filling up the DagBag from /opt/airflow/dags/metar_pipeline_dag.py
[2025-12-01T20:21:20.006+0000] {processor.py:840} INFO - DAG(s) 'metar_pipeline' retrieved from /opt/airflow/dags/metar_pipeline_dag.py
[2025-12-01T20:21:20.054+0000] {logging_mixin.py:188} INFO - [2025-12-01T20:21:20.054+0000] {dag.py:3089} INFO - Sync 1 DAGs
[2025-12-01T20:21:20.080+0000] {logging_mixin.py:188} INFO - [2025-12-01T20:21:20.080+0000] {dag.py:3947} INFO - Setting next_dagrun for metar_pipeline to 2025-12-01 20:00:00+00:00, run_after=2025-12-01 20:30:00+00:00
[2025-12-01T20:21:20.101+0000] {processor.py:183} INFO - Processing /opt/airflow/dags/metar_pipeline_dag.py took 0.124 seconds
[2025-12-01T20:21:50.169+0000] {processor.py:161} INFO - Started process (PID=54) to work on /opt/airflow/dags/metar_pipeline_dag.py
[2025-12-01T20:21:50.170+0000] {processor.py:830} INFO - Processing file /opt/airflow/dags/metar_pipeline_dag.py for tasks to queue
[2025-12-01T20:21:50.172+0000] {logging_mixin.py:188} INFO - [2025-12-01T20:21:50.172+0000] {dagbag.py:545} INFO - Filling up the DagBag from /opt/airflow/dags/metar_pipeline_dag.py
[2025-12-01T20:21:50.200+0000] {processor.py:840} INFO - DAG(s) 'metar_pipeline' retrieved from /opt/airflow/dags/metar_pipeline_dag.py
[2025-12-01T20:21:50.253+0000] {logging_mixin.py:188} INFO - [2025-12-01T20:21:50.253+0000] {dag.py:3089} INFO - Sync 1 DAGs
[2025-12-01T20:21:50.281+0000] {logging_mixin.py:188} INFO - [2025-12-01T20:21:50.281+0000] {dag.py:3947} INFO - Setting next_dagrun for metar_pipeline to 2025-12-01 20:00:00+00:00, run_after=2025-12-01 20:30:00+00:00
[2025-12-01T20:21:50.303+0000] {processor.py:183} INFO - Processing /opt/airflow/dags/metar_pipeline_dag.py took 0.141 seconds
[2025-12-01T20:22:20.339+0000] {processor.py:161} INFO - Started process (PID=55) to work on /opt/airflow/dags/metar_pipeline_dag.py
[2025-12-01T20:22:20.340+0000] {processor.py:830} INFO - Processing file /opt/airflow/dags/metar_pipeline_dag.py for tasks to queue
[2025-12-01T20:22:20.342+0000] {logging_mixin.py:188} INFO - [2025-12-01T20:22:20.342+0000] {dagbag.py:545} INFO - Filling up the DagBag from /opt/airflow/dags/metar_pipeline_dag.py
[2025-12-01T20:22:20.359+0000] {processor.py:840} INFO - DAG(s) 'metar_pipeline' retrieved from /opt/airflow/dags/metar_pipeline_dag.py
[2025-12-01T20:22:20.404+0000] {logging_mixin.py:188} INFO - [2025-12-01T20:22:20.404+0000] {dag.py:3089} INFO - Sync 1 DAGs
[2025-12-01T20:22:20.429+0000] {logging_mixin.py:188} INFO - [2025-12-01T20:22:20.429+0000] {dag.py:3947} INFO - Setting next_dagrun for metar_pipeline to 2025-12-01 20:00:00+00:00, run_after=2025-12-01 20:30:00+00:00
[2025-12-01T20:22:20.448+0000] {processor.py:183} INFO - Processing /opt/airflow/dags/metar_pipeline_dag.py took 0.115 seconds
[2025-12-01T20:22:50.546+0000] {processor.py:161} INFO - Started process (PID=56) to work on /opt/airflow/dags/metar_pipeline_dag.py
[2025-12-01T20:22:50.547+0000] {processor.py:830} INFO - Processing file /opt/airflow/dags/metar_pipeline_dag.py for tasks to queue
[2025-12-01T20:22:50.549+0000] {logging_mixin.py:188} INFO - [2025-12-01T20:22:50.549+0000] {dagbag.py:545} INFO - Filling up the DagBag from /opt/airflow/dags/metar_pipeline_dag.py
[2025-12-01T20:22:50.578+0000] {processor.py:840} INFO - DAG(s) 'metar_pipeline' retrieved from /opt/airflow/dags/metar_pipeline_dag.py
[2025-12-01T20:22:50.629+0000] {logging_mixin.py:188} INFO - [2025-12-01T20:22:50.629+0000] {dag.py:3089} INFO - Sync 1 DAGs
[2025-12-01T20:22:50.652+0000] {logging_mixin.py:188} INFO - [2025-12-01T20:22:50.652+0000] {dag.py:3947} INFO - Setting next_dagrun for metar_pipeline to 2025-12-01 20:00:00+00:00, run_after=2025-12-01 20:30:00+00:00
[2025-12-01T20:22:50.670+0000] {processor.py:183} INFO - Processing /opt/airflow/dags/metar_pipeline_dag.py took 0.130 seconds
[2025-12-01T20:23:20.803+0000] {processor.py:161} INFO - Started process (PID=57) to work on /opt/airflow/dags/metar_pipeline_dag.py
[2025-12-01T20:23:20.804+0000] {processor.py:830} INFO - Processing file /opt/airflow/dags/metar_pipeline_dag.py for tasks to queue
[2025-12-01T20:23:20.806+0000] {logging_mixin.py:188} INFO - [2025-12-01T20:23:20.806+0000] {dagbag.py:545} INFO - Filling up the DagBag from /opt/airflow/dags/metar_pipeline_dag.py
[2025-12-01T20:23:20.828+0000] {processor.py:840} INFO - DAG(s) 'metar_pipeline' retrieved from /opt/airflow/dags/metar_pipeline_dag.py
[2025-12-01T20:23:20.881+0000] {logging_mixin.py:188} INFO - [2025-12-01T20:23:20.881+0000] {dag.py:3089} INFO - Sync 1 DAGs
[2025-12-01T20:23:20.916+0000] {logging_mixin.py:188} INFO - [2025-12-01T20:23:20.916+0000] {dag.py:3947} INFO - Setting next_dagrun for metar_pipeline to 2025-12-01 20:00:00+00:00, run_after=2025-12-01 20:30:00+00:00
[2025-12-01T20:23:20.954+0000] {processor.py:183} INFO - Processing /opt/airflow/dags/metar_pipeline_dag.py took 0.156 seconds
[2025-12-01T20:23:51.099+0000] {processor.py:161} INFO - Started process (PID=58) to work on /opt/airflow/dags/metar_pipeline_dag.py
[2025-12-01T20:23:51.100+0000] {processor.py:830} INFO - Processing file /opt/airflow/dags/metar_pipeline_dag.py for tasks to queue
[2025-12-01T20:23:51.104+0000] {logging_mixin.py:188} INFO - [2025-12-01T20:23:51.103+0000] {dagbag.py:545} INFO - Filling up the DagBag from /opt/airflow/dags/metar_pipeline_dag.py
[2025-12-01T20:23:51.125+0000] {processor.py:840} INFO - DAG(s) 'metar_pipeline' retrieved from /opt/airflow/dags/metar_pipeline_dag.py
[2025-12-01T20:23:51.171+0000] {logging_mixin.py:188} INFO - [2025-12-01T20:23:51.171+0000] {dag.py:3089} INFO - Sync 1 DAGs
[2025-12-01T20:23:51.197+0000] {logging_mixin.py:188} INFO - [2025-12-01T20:23:51.196+0000] {dag.py:3947} INFO - Setting next_dagrun for metar_pipeline to 2025-12-01 20:00:00+00:00, run_after=2025-12-01 20:30:00+00:00
[2025-12-01T20:23:51.217+0000] {processor.py:183} INFO - Processing /opt/airflow/dags/metar_pipeline_dag.py took 0.126 seconds
[2025-12-01T20:24:21.356+0000] {processor.py:161} INFO - Started process (PID=59) to work on /opt/airflow/dags/metar_pipeline_dag.py
[2025-12-01T20:24:21.357+0000] {processor.py:830} INFO - Processing file /opt/airflow/dags/metar_pipeline_dag.py for tasks to queue
[2025-12-01T20:24:21.360+0000] {logging_mixin.py:188} INFO - [2025-12-01T20:24:21.359+0000] {dagbag.py:545} INFO - Filling up the DagBag from /opt/airflow/dags/metar_pipeline_dag.py
[2025-12-01T20:24:21.384+0000] {processor.py:840} INFO - DAG(s) 'metar_pipeline' retrieved from /opt/airflow/dags/metar_pipeline_dag.py
[2025-12-01T20:24:21.433+0000] {logging_mixin.py:188} INFO - [2025-12-01T20:24:21.433+0000] {dag.py:3089} INFO - Sync 1 DAGs
[2025-12-01T20:24:21.458+0000] {logging_mixin.py:188} INFO - [2025-12-01T20:24:21.458+0000] {dag.py:3947} INFO - Setting next_dagrun for metar_pipeline to 2025-12-01 20:00:00+00:00, run_after=2025-12-01 20:30:00+00:00
[2025-12-01T20:24:21.478+0000] {processor.py:183} INFO - Processing /opt/airflow/dags/metar_pipeline_dag.py took 0.129 seconds
[2025-12-01T20:24:51.606+0000] {processor.py:161} INFO - Started process (PID=60) to work on /opt/airflow/dags/metar_pipeline_dag.py
[2025-12-01T20:24:51.607+0000] {processor.py:830} INFO - Processing file /opt/airflow/dags/metar_pipeline_dag.py for tasks to queue
[2025-12-01T20:24:51.609+0000] {logging_mixin.py:188} INFO - [2025-12-01T20:24:51.609+0000] {dagbag.py:545} INFO - Filling up the DagBag from /opt/airflow/dags/metar_pipeline_dag.py
[2025-12-01T20:24:51.627+0000] {processor.py:840} INFO - DAG(s) 'metar_pipeline' retrieved from /opt/airflow/dags/metar_pipeline_dag.py
[2025-12-01T20:24:51.666+0000] {logging_mixin.py:188} INFO - [2025-12-01T20:24:51.666+0000] {dag.py:3089} INFO - Sync 1 DAGs
[2025-12-01T20:24:51.689+0000] {logging_mixin.py:188} INFO - [2025-12-01T20:24:51.689+0000] {dag.py:3947} INFO - Setting next_dagrun for metar_pipeline to 2025-12-01 20:00:00+00:00, run_after=2025-12-01 20:30:00+00:00
[2025-12-01T20:24:51.708+0000] {processor.py:183} INFO - Processing /opt/airflow/dags/metar_pipeline_dag.py took 0.108 seconds
[2025-12-01T20:25:21.837+0000] {processor.py:161} INFO - Started process (PID=61) to work on /opt/airflow/dags/metar_pipeline_dag.py
[2025-12-01T20:25:21.838+0000] {processor.py:830} INFO - Processing file /opt/airflow/dags/metar_pipeline_dag.py for tasks to queue
[2025-12-01T20:25:21.840+0000] {logging_mixin.py:188} INFO - [2025-12-01T20:25:21.840+0000] {dagbag.py:545} INFO - Filling up the DagBag from /opt/airflow/dags/metar_pipeline_dag.py
[2025-12-01T20:25:21.857+0000] {processor.py:840} INFO - DAG(s) 'metar_pipeline' retrieved from /opt/airflow/dags/metar_pipeline_dag.py
[2025-12-01T20:25:21.896+0000] {logging_mixin.py:188} INFO - [2025-12-01T20:25:21.896+0000] {dag.py:3089} INFO - Sync 1 DAGs
[2025-12-01T20:25:21.918+0000] {logging_mixin.py:188} INFO - [2025-12-01T20:25:21.918+0000] {dag.py:3947} INFO - Setting next_dagrun for metar_pipeline to 2025-12-01 20:00:00+00:00, run_after=2025-12-01 20:30:00+00:00
[2025-12-01T20:25:21.937+0000] {processor.py:183} INFO - Processing /opt/airflow/dags/metar_pipeline_dag.py took 0.107 seconds
[2025-12-01T20:25:52.067+0000] {processor.py:161} INFO - Started process (PID=62) to work on /opt/airflow/dags/metar_pipeline_dag.py
[2025-12-01T20:25:52.068+0000] {processor.py:830} INFO - Processing file /opt/airflow/dags/metar_pipeline_dag.py for tasks to queue
[2025-12-01T20:25:52.070+0000] {logging_mixin.py:188} INFO - [2025-12-01T20:25:52.069+0000] {dagbag.py:545} INFO - Filling up the DagBag from /opt/airflow/dags/metar_pipeline_dag.py
[2025-12-01T20:25:52.089+0000] {processor.py:840} INFO - DAG(s) 'metar_pipeline' retrieved from /opt/airflow/dags/metar_pipeline_dag.py
[2025-12-01T20:25:52.130+0000] {logging_mixin.py:188} INFO - [2025-12-01T20:25:52.130+0000] {dag.py:3089} INFO - Sync 1 DAGs
[2025-12-01T20:25:52.154+0000] {logging_mixin.py:188} INFO - [2025-12-01T20:25:52.154+0000] {dag.py:3947} INFO - Setting next_dagrun for metar_pipeline to 2025-12-01 20:00:00+00:00, run_after=2025-12-01 20:30:00+00:00
[2025-12-01T20:25:52.173+0000] {processor.py:183} INFO - Processing /opt/airflow/dags/metar_pipeline_dag.py took 0.113 seconds
[2025-12-01T20:26:22.221+0000] {processor.py:161} INFO - Started process (PID=63) to work on /opt/airflow/dags/metar_pipeline_dag.py
[2025-12-01T20:26:22.222+0000] {processor.py:830} INFO - Processing file /opt/airflow/dags/metar_pipeline_dag.py for tasks to queue
[2025-12-01T20:26:22.224+0000] {logging_mixin.py:188} INFO - [2025-12-01T20:26:22.223+0000] {dagbag.py:545} INFO - Filling up the DagBag from /opt/airflow/dags/metar_pipeline_dag.py
[2025-12-01T20:26:22.241+0000] {processor.py:840} INFO - DAG(s) 'metar_pipeline' retrieved from /opt/airflow/dags/metar_pipeline_dag.py
[2025-12-01T20:26:22.282+0000] {logging_mixin.py:188} INFO - [2025-12-01T20:26:22.282+0000] {dag.py:3089} INFO - Sync 1 DAGs
[2025-12-01T20:26:22.304+0000] {logging_mixin.py:188} INFO - [2025-12-01T20:26:22.303+0000] {dag.py:3947} INFO - Setting next_dagrun for metar_pipeline to 2025-12-01 20:00:00+00:00, run_after=2025-12-01 20:30:00+00:00
[2025-12-01T20:26:22.322+0000] {processor.py:183} INFO - Processing /opt/airflow/dags/metar_pipeline_dag.py took 0.108 seconds
[2025-12-01T20:26:52.432+0000] {processor.py:161} INFO - Started process (PID=64) to work on /opt/airflow/dags/metar_pipeline_dag.py
[2025-12-01T20:26:52.432+0000] {processor.py:830} INFO - Processing file /opt/airflow/dags/metar_pipeline_dag.py for tasks to queue
[2025-12-01T20:26:52.434+0000] {logging_mixin.py:188} INFO - [2025-12-01T20:26:52.434+0000] {dagbag.py:545} INFO - Filling up the DagBag from /opt/airflow/dags/metar_pipeline_dag.py
[2025-12-01T20:26:52.459+0000] {processor.py:840} INFO - DAG(s) 'metar_pipeline' retrieved from /opt/airflow/dags/metar_pipeline_dag.py
[2025-12-01T20:26:52.515+0000] {logging_mixin.py:188} INFO - [2025-12-01T20:26:52.515+0000] {dag.py:3089} INFO - Sync 1 DAGs
[2025-12-01T20:26:52.538+0000] {logging_mixin.py:188} INFO - [2025-12-01T20:26:52.538+0000] {dag.py:3947} INFO - Setting next_dagrun for metar_pipeline to 2025-12-01 20:00:00+00:00, run_after=2025-12-01 20:30:00+00:00
[2025-12-01T20:26:52.557+0000] {processor.py:183} INFO - Processing /opt/airflow/dags/metar_pipeline_dag.py took 0.132 seconds
[2025-12-01T20:27:22.691+0000] {processor.py:161} INFO - Started process (PID=65) to work on /opt/airflow/dags/metar_pipeline_dag.py
[2025-12-01T20:27:22.692+0000] {processor.py:830} INFO - Processing file /opt/airflow/dags/metar_pipeline_dag.py for tasks to queue
[2025-12-01T20:27:22.693+0000] {logging_mixin.py:188} INFO - [2025-12-01T20:27:22.693+0000] {dagbag.py:545} INFO - Filling up the DagBag from /opt/airflow/dags/metar_pipeline_dag.py
[2025-12-01T20:27:22.712+0000] {processor.py:840} INFO - DAG(s) 'metar_pipeline' retrieved from /opt/airflow/dags/metar_pipeline_dag.py
[2025-12-01T20:27:22.753+0000] {logging_mixin.py:188} INFO - [2025-12-01T20:27:22.753+0000] {dag.py:3089} INFO - Sync 1 DAGs
[2025-12-01T20:27:22.775+0000] {logging_mixin.py:188} INFO - [2025-12-01T20:27:22.775+0000] {dag.py:3947} INFO - Setting next_dagrun for metar_pipeline to 2025-12-01 20:00:00+00:00, run_after=2025-12-01 20:30:00+00:00
[2025-12-01T20:27:22.793+0000] {processor.py:183} INFO - Processing /opt/airflow/dags/metar_pipeline_dag.py took 0.108 seconds
