[2025-12-04T11:46:04.648+0000] {local_task_job_runner.py:120} INFO - ::group::Pre task execution logs
[2025-12-04T11:46:04.686+0000] {taskinstance.py:2076} INFO - Dependencies all met for dep_context=non-requeueable deps ti=<TaskInstance: metar_pipeline.mongo_to_postgres scheduled__2025-12-04T11:00:00+00:00 [queued]>
[2025-12-04T11:46:04.693+0000] {taskinstance.py:2076} INFO - Dependencies all met for dep_context=requeueable deps ti=<TaskInstance: metar_pipeline.mongo_to_postgres scheduled__2025-12-04T11:00:00+00:00 [queued]>
[2025-12-04T11:46:04.693+0000] {taskinstance.py:2306} INFO - Starting attempt 1 of 2
[2025-12-04T11:46:04.714+0000] {taskinstance.py:2330} INFO - Executing <Task(BashOperator): mongo_to_postgres> on 2025-12-04 11:00:00+00:00
[2025-12-04T11:46:04.720+0000] {standard_task_runner.py:64} INFO - Started process 101 to run task
[2025-12-04T11:46:04.722+0000] {standard_task_runner.py:90} INFO - Running: ['***', 'tasks', 'run', 'metar_pipeline', 'mongo_to_postgres', 'scheduled__2025-12-04T11:00:00+00:00', '--job-id', '29', '--raw', '--subdir', 'DAGS_FOLDER/metar_pipeline_dag.py', '--cfg-path', '/tmp/tmp4711s104']
[2025-12-04T11:46:04.724+0000] {standard_task_runner.py:91} INFO - Job 29: Subtask mongo_to_postgres
[2025-12-04T11:46:04.860+0000] {task_command.py:426} INFO - Running <TaskInstance: metar_pipeline.mongo_to_postgres scheduled__2025-12-04T11:00:00+00:00 [running]> on host 9f9c41ae27c2
[2025-12-04T11:46:05.092+0000] {taskinstance.py:2648} INFO - Exporting env vars: AIRFLOW_CTX_DAG_OWNER='***' AIRFLOW_CTX_DAG_ID='metar_pipeline' AIRFLOW_CTX_TASK_ID='mongo_to_postgres' AIRFLOW_CTX_EXECUTION_DATE='2025-12-04T11:00:00+00:00' AIRFLOW_CTX_TRY_NUMBER='1' AIRFLOW_CTX_DAG_RUN_ID='scheduled__2025-12-04T11:00:00+00:00'
[2025-12-04T11:46:05.093+0000] {taskinstance.py:430} INFO - ::endgroup::
[2025-12-04T11:46:05.106+0000] {subprocess.py:63} INFO - Tmp dir root location: /tmp
[2025-12-04T11:46:05.107+0000] {subprocess.py:75} INFO - Running command: ['/usr/bin/bash', '-c', 'pip install --quiet pymongo python-dotenv requests psycopg2-binary && export PYTHONPATH="/opt/metar-pipeline"; python /opt/metar-pipeline/src/etl/mongo_to_postgres.py']
[2025-12-04T11:46:05.121+0000] {subprocess.py:86} INFO - Output:
[2025-12-04T11:46:06.700+0000] {subprocess.py:93} INFO - 
[2025-12-04T11:46:06.700+0000] {subprocess.py:93} INFO - [notice] A new release of pip is available: 24.2 -> 25.3
[2025-12-04T11:46:06.701+0000] {subprocess.py:93} INFO - [notice] To update, run: pip install --upgrade pip
[2025-12-04T11:46:07.563+0000] {subprocess.py:93} INFO - Прочитано из Mongo документов: 126
[2025-12-04T11:46:07.564+0000] {subprocess.py:93} INFO - Подготовлено строк для вставки в Postgres: 126
[2025-12-04T11:46:07.564+0000] {subprocess.py:93} INFO - Проверка / создание таблицы metar_observations выполнена.
[2025-12-04T11:46:07.565+0000] {subprocess.py:93} INFO - Вставлено строк в Postgres: 126
[2025-12-04T11:46:07.948+0000] {subprocess.py:97} INFO - Command exited with return code 0
[2025-12-04T11:46:07.949+0000] {taskinstance.py:441} INFO - ::group::Post task execution logs
[2025-12-04T11:46:08.013+0000] {taskinstance.py:1206} INFO - Marking task as SUCCESS. dag_id=metar_pipeline, task_id=mongo_to_postgres, run_id=scheduled__2025-12-04T11:00:00+00:00, execution_date=20251204T110000, start_date=20251204T114604, end_date=20251204T114608
[2025-12-04T11:46:08.047+0000] {local_task_job_runner.py:243} INFO - Task exited with return code 0
[2025-12-04T11:46:08.080+0000] {taskinstance.py:3503} INFO - 0 downstream tasks scheduled from follow-on schedule check
[2025-12-04T11:46:08.083+0000] {local_task_job_runner.py:222} INFO - ::endgroup::
